---------------------------------------------------------------
[ 2018-05-25T13:57:01+08:00 ] 127.0.0.1 GET /pay/admin.html
[ sql ] [ DB ] CONNECT:[ UseTime:0.080463s ] mysql:host=bdm26827513.my3w.com;port=3306;dbname=bdm26827513_db;charset=utf8
[ sql ] [ SQL ] SHOW COLUMNS FROM `system_node` [ RunTime:0.054578s ]
[ sql ] [ SQL ] SELECT * FROM `system_node` WHERE  `node` = 'admin/index/index' LIMIT 1 [ RunTime:0.053026s ]
[ sql ] [ SQL ] SHOW COLUMNS FROM `system_user` [ RunTime:0.054465s ]
[ sql ] [ SQL ] SELECT * FROM `system_user` WHERE  `id` = 10000 LIMIT 1 [ RunTime:0.054896s ]
[ sql ] [ SQL ] SHOW COLUMNS FROM `system_auth` [ RunTime:0.054292s ]
[ sql ] [ SQL ] SELECT `id` FROM `system_auth` WHERE  `id` IN (301,302,303,304)  AND `status` = 1 [ RunTime:0.053271s ]
[ sql ] [ SQL ] SHOW COLUMNS FROM `system_menu` [ RunTime:0.053448s ]
[ sql ] [ SQL ] SELECT * FROM `system_menu` WHERE  `status` = 1 ORDER BY `sort` ASC,`id` ASC [ RunTime:0.053585s ]
[ sql ] [ SQL ] SELECT `node`,`is_menu`,`is_auth`,`is_login`,`title` FROM `system_node` [ RunTime:0.054129s ]
[ sql ] [ SQL ] SHOW COLUMNS FROM `system_config` [ RunTime:0.053733s ]
[ sql ] [ SQL ] SELECT `name`,`value` FROM `system_config` [ RunTime:0.053947s ]
---------------------------------------------------------------
[ 2018-05-25T13:57:03+08:00 ] 127.0.0.1 GET /pay/port/row/ask.html?hash=5a570d64428ca&spm=m-96-102
[ sql ] [ DB ] CONNECT:[ UseTime:0.100118s ] mysql:host=bdm26827513.my3w.com;port=3306;dbname=bdm26827513_db;charset=utf8
[ sql ] [ SQL ] SHOW COLUMNS FROM `system_node` [ RunTime:0.067500s ]
[ sql ] [ SQL ] SELECT * FROM `system_node` WHERE  `node` = 'port/row/ask' LIMIT 1 [ RunTime:0.067084s ]
[ sql ] [ SQL ] SHOW COLUMNS FROM `api_fields` [ RunTime:0.067965s ]
[ sql ] [ SQL ] SELECT COUNT(*) AS tp_count FROM `api_fields` WHERE  `type` = 0  AND `hash` = '5a570d64428ca' LIMIT 1 [ RunTime:0.066836s ]
[ sql ] [ SQL ] SELECT * FROM `api_fields` WHERE  `type` = 0  AND `hash` = '5a570d64428ca' LIMIT 0,20 [ RunTime:0.068634s ]
[ sql ] [ SQL ] SHOW COLUMNS FROM `system_user` [ RunTime:0.067369s ]
[ sql ] [ SQL ] SELECT `username` FROM `system_user` WHERE  `id` = 10000 LIMIT 1 [ RunTime:0.067130s ]
[ sql ] [ SQL ] SELECT `username` FROM `system_user` WHERE  `id` = 10000 LIMIT 1 [ RunTime:0.066864s ]
[ sql ] [ SQL ] SELECT `username` FROM `system_user` WHERE  `id` = 10000 LIMIT 1 [ RunTime:0.066236s ]
[ sql ] [ SQL ] SELECT `username` FROM `system_user` WHERE  `id` = 10000 LIMIT 1 [ RunTime:0.066189s ]
[ sql ] [ SQL ] SELECT `username` FROM `system_user` WHERE  `id` = 10000 LIMIT 1 [ RunTime:0.066962s ]
[ sql ] [ SQL ] SELECT `username` FROM `system_user` WHERE  `id` = 10000 LIMIT 1 [ RunTime:0.066455s ]
[ sql ] [ SQL ] SELECT `username` FROM `system_user` WHERE  `id` = 10000 LIMIT 1 [ RunTime:0.066519s ]
[ sql ] [ SQL ] SELECT `username` FROM `system_user` WHERE  `id` = 10000 LIMIT 1 [ RunTime:0.066289s ]
[ sql ] [ SQL ] SELECT `username` FROM `system_user` WHERE  `id` = 10000 LIMIT 1 [ RunTime:0.067095s ]
[ sql ] [ SQL ] SHOW COLUMNS FROM `system_config` [ RunTime:0.067409s ]
[ sql ] [ SQL ] SELECT `name`,`value` FROM `system_config` [ RunTime:0.067392s ]
---------------------------------------------------------------
[ 2018-05-25T13:57:10+08:00 ] 127.0.0.1 GET /pay/port/row/edit_param.html?id=57&spm=m-96-102&open_type=modal
[ sql ] [ DB ] CONNECT:[ UseTime:0.099628s ] mysql:host=bdm26827513.my3w.com;port=3306;dbname=bdm26827513_db;charset=utf8
[ sql ] [ SQL ] SHOW COLUMNS FROM `system_node` [ RunTime:0.065940s ]
[ sql ] [ SQL ] SELECT * FROM `system_node` WHERE  `node` = 'port/row/edit_param' LIMIT 1 [ RunTime:0.065779s ]
[ sql ] [ SQL ] SHOW COLUMNS FROM `api_fields` [ RunTime:0.066511s ]
[ sql ] [ SQL ] SELECT * FROM `api_fields` WHERE  `id` = 57 LIMIT 1 [ RunTime:0.066190s ]
[ sql ] [ SQL ] SHOW COLUMNS FROM `system_config` [ RunTime:0.066663s ]
[ sql ] [ SQL ] SELECT `name`,`value` FROM `system_config` [ RunTime:0.065456s ]
---------------------------------------------------------------
[ 2018-05-25T13:57:15+08:00 ] 127.0.0.1 POST /pay/port/row/edit_param.html?id=57&spm=m-96-102&open_type=modal
[ sql ] [ DB ] CONNECT:[ UseTime:0.082213s ] mysql:host=bdm26827513.my3w.com;port=3306;dbname=bdm26827513_db;charset=utf8
[ sql ] [ SQL ] SHOW COLUMNS FROM `system_node` [ RunTime:0.054918s ]
[ sql ] [ SQL ] SELECT * FROM `system_node` WHERE  `node` = 'port/row/edit_param' LIMIT 1 [ RunTime:0.055464s ]
[ sql ] [ SQL ] SHOW COLUMNS FROM `api_fields` [ RunTime:0.054908s ]
[ sql ] [ SQL ] SELECT COUNT(*) AS tp_count FROM `api_fields` WHERE  `id` = 57 LIMIT 1 [ RunTime:0.054673s ]
[ sql ] [ SQL ] UPDATE `api_fields`  SET `id`=57,`fieldName`='orderId',`hash`='5a570d64428ca',`dataType`=2,`default`='',`isMust`=1,`range`='',`info`='orderId',`type`=0,`showName`='orderId',`handler`='10000'  WHERE  `id` = 57 [ RunTime:0.060707s ]
[ sql ] [ SQL ] SHOW COLUMNS FROM `system_log` [ RunTime:0.054053s ]
[ sql ] [ SQL ] INSERT INTO `system_log` (`ip` , `node` , `username` , `action` , `content`) VALUES ('127.0.0.1' , 'port/row/edit_param' , 'admin' , 'API接口管理' , '编辑接口参数成功') [ RunTime:0.059873s ]
---------------------------------------------------------------
[ 2018-05-25T13:57:18+08:00 ] 127.0.0.1 GET /pay/port/row/ask.html?hash=5a570d64428ca&spm=m-96-102
[ sql ] [ DB ] CONNECT:[ UseTime:0.084031s ] mysql:host=bdm26827513.my3w.com;port=3306;dbname=bdm26827513_db;charset=utf8
[ sql ] [ SQL ] SHOW COLUMNS FROM `system_node` [ RunTime:0.056986s ]
[ sql ] [ SQL ] SELECT * FROM `system_node` WHERE  `node` = 'port/row/ask' LIMIT 1 [ RunTime:0.056760s ]
[ sql ] [ SQL ] SHOW COLUMNS FROM `api_fields` [ RunTime:0.056246s ]
[ sql ] [ SQL ] SELECT COUNT(*) AS tp_count FROM `api_fields` WHERE  `type` = 0  AND `hash` = '5a570d64428ca' LIMIT 1 [ RunTime:0.055960s ]
[ sql ] [ SQL ] SELECT * FROM `api_fields` WHERE  `type` = 0  AND `hash` = '5a570d64428ca' LIMIT 0,20 [ RunTime:0.056574s ]
[ sql ] [ SQL ] SHOW COLUMNS FROM `system_user` [ RunTime:0.056876s ]
[ sql ] [ SQL ] SELECT `username` FROM `system_user` WHERE  `id` = 10000 LIMIT 1 [ RunTime:0.056355s ]
[ sql ] [ SQL ] SELECT `username` FROM `system_user` WHERE  `id` = 10000 LIMIT 1 [ RunTime:0.055668s ]
[ sql ] [ SQL ] SELECT `username` FROM `system_user` WHERE  `id` = 10000 LIMIT 1 [ RunTime:0.055967s ]
[ sql ] [ SQL ] SELECT `username` FROM `system_user` WHERE  `id` = 10000 LIMIT 1 [ RunTime:0.056316s ]
[ sql ] [ SQL ] SELECT `username` FROM `system_user` WHERE  `id` = 10000 LIMIT 1 [ RunTime:0.055928s ]
[ sql ] [ SQL ] SELECT `username` FROM `system_user` WHERE  `id` = 10000 LIMIT 1 [ RunTime:0.055434s ]
[ sql ] [ SQL ] SELECT `username` FROM `system_user` WHERE  `id` = 10000 LIMIT 1 [ RunTime:0.055443s ]
[ sql ] [ SQL ] SELECT `username` FROM `system_user` WHERE  `id` = 10000 LIMIT 1 [ RunTime:0.055830s ]
[ sql ] [ SQL ] SELECT `username` FROM `system_user` WHERE  `id` = 10000 LIMIT 1 [ RunTime:0.057640s ]
[ sql ] [ SQL ] SHOW COLUMNS FROM `system_config` [ RunTime:0.056820s ]
[ sql ] [ SQL ] SELECT `name`,`value` FROM `system_config` [ RunTime:0.055515s ]
---------------------------------------------------------------
[ 2018-05-25T13:57:31+08:00 ] 127.0.0.1 GET /pay/port/row/index.html?spm=m-96-102
[ sql ] [ DB ] CONNECT:[ UseTime:0.080410s ] mysql:host=bdm26827513.my3w.com;port=3306;dbname=bdm26827513_db;charset=utf8
[ sql ] [ SQL ] SHOW COLUMNS FROM `system_node` [ RunTime:0.054566s ]
[ sql ] [ SQL ] SELECT * FROM `system_node` WHERE  `node` = 'port/row/index' LIMIT 1 [ RunTime:0.053474s ]
[ sql ] [ SQL ] SHOW COLUMNS FROM `api_list` [ RunTime:0.054683s ]
[ sql ] [ SQL ] SELECT COUNT(*) AS tp_count FROM `api_list` WHERE  `is_deleted` = 0 LIMIT 1 [ RunTime:0.053108s ]
[ sql ] [ SQL ] SELECT * FROM `api_list` WHERE  `is_deleted` = 0 ORDER BY `sort` ASC,`id` DESC LIMIT 0,20 [ RunTime:0.053953s ]
[ sql ] [ SQL ] SHOW COLUMNS FROM `api_group` [ RunTime:0.054735s ]
[ sql ] [ SQL ] SELECT `id`,`name` FROM `api_group` [ RunTime:0.053141s ]
[ sql ] [ SQL ] SHOW COLUMNS FROM `system_user` [ RunTime:0.054530s ]
[ sql ] [ SQL ] SELECT `id`,`username` FROM `system_user` [ RunTime:0.052857s ]
[ sql ] [ SQL ] SELECT `username` FROM `system_user` WHERE  `id` = 10000 LIMIT 1 [ RunTime:0.054140s ]
[ sql ] [ SQL ] SELECT `username` FROM `system_user` WHERE  `id` = 10000 LIMIT 1 [ RunTime:0.053223s ]
[ sql ] [ SQL ] SELECT `username` FROM `system_user` WHERE  `id` = 10000 LIMIT 1 [ RunTime:0.053428s ]
[ sql ] [ SQL ] SELECT `username` FROM `system_user` WHERE  `id` = 10000 LIMIT 1 [ RunTime:0.053294s ]
[ sql ] [ SQL ] SELECT `username` FROM `system_user` WHERE  `id` = 10000 LIMIT 1 [ RunTime:0.053924s ]
[ sql ] [ SQL ] SELECT `username` FROM `system_user` WHERE  `id` = 10000 LIMIT 1 [ RunTime:0.053416s ]
[ sql ] [ SQL ] SELECT `username` FROM `system_user` WHERE  `id` = 10000 LIMIT 1 [ RunTime:0.053012s ]
[ sql ] [ SQL ] SELECT `username` FROM `system_user` WHERE  `id` = 10000 LIMIT 1 [ RunTime:0.054377s ]
[ sql ] [ SQL ] SELECT `username` FROM `system_user` WHERE  `id` = 10000 LIMIT 1 [ RunTime:0.054288s ]
[ sql ] [ SQL ] SELECT `username` FROM `system_user` WHERE  `id` = 10000 LIMIT 1 [ RunTime:0.053218s ]
[ sql ] [ SQL ] SHOW COLUMNS FROM `system_config` [ RunTime:0.054437s ]
[ sql ] [ SQL ] SELECT `name`,`value` FROM `system_config` [ RunTime:0.053464s ]
---------------------------------------------------------------
[ 2018-05-25T13:57:35+08:00 ] 127.0.0.1 GET /pay/admin.html
[ sql ] [ DB ] CONNECT:[ UseTime:0.083289s ] mysql:host=bdm26827513.my3w.com;port=3306;dbname=bdm26827513_db;charset=utf8
[ sql ] [ SQL ] SHOW COLUMNS FROM `system_node` [ RunTime:0.055816s ]
[ sql ] [ SQL ] SELECT * FROM `system_node` WHERE  `node` = 'admin/index/index' LIMIT 1 [ RunTime:0.055478s ]
[ sql ] [ SQL ] SHOW COLUMNS FROM `system_user` [ RunTime:0.055869s ]
[ sql ] [ SQL ] SELECT * FROM `system_user` WHERE  `id` = 10000 LIMIT 1 [ RunTime:0.054908s ]
[ sql ] [ SQL ] SHOW COLUMNS FROM `system_auth` [ RunTime:0.055574s ]
[ sql ] [ SQL ] SELECT `id` FROM `system_auth` WHERE  `id` IN (301,302,303,304)  AND `status` = 1 [ RunTime:0.055288s ]
[ sql ] [ SQL ] SHOW COLUMNS FROM `system_menu` [ RunTime:0.056307s ]
[ sql ] [ SQL ] SELECT * FROM `system_menu` WHERE  `status` = 1 ORDER BY `sort` ASC,`id` ASC [ RunTime:0.056045s ]
[ sql ] [ SQL ] SELECT `node`,`is_menu`,`is_auth`,`is_login`,`title` FROM `system_node` [ RunTime:0.056277s ]
[ sql ] [ SQL ] SHOW COLUMNS FROM `system_config` [ RunTime:0.056575s ]
[ sql ] [ SQL ] SELECT `name`,`value` FROM `system_config` [ RunTime:0.054764s ]
---------------------------------------------------------------
[ 2018-05-25T13:57:37+08:00 ] 127.0.0.1 GET /pay/port/row/index.html?spm=m-96-102
[ sql ] [ DB ] CONNECT:[ UseTime:0.111831s ] mysql:host=bdm26827513.my3w.com;port=3306;dbname=bdm26827513_db;charset=utf8
[ sql ] [ SQL ] SHOW COLUMNS FROM `system_node` [ RunTime:0.075598s ]
[ sql ] [ SQL ] SELECT * FROM `system_node` WHERE  `node` = 'port/row/index' LIMIT 1 [ RunTime:0.075185s ]
[ sql ] [ SQL ] SHOW COLUMNS FROM `api_list` [ RunTime:0.075376s ]
[ sql ] [ SQL ] SELECT COUNT(*) AS tp_count FROM `api_list` WHERE  `is_deleted` = 0 LIMIT 1 [ RunTime:0.074230s ]
[ sql ] [ SQL ] SELECT * FROM `api_list` WHERE  `is_deleted` = 0 ORDER BY `sort` ASC,`id` DESC LIMIT 0,20 [ RunTime:0.074431s ]
[ sql ] [ SQL ] SHOW COLUMNS FROM `api_group` [ RunTime:0.075594s ]
[ sql ] [ SQL ] SELECT `id`,`name` FROM `api_group` [ RunTime:0.074991s ]
[ sql ] [ SQL ] SHOW COLUMNS FROM `system_user` [ RunTime:0.075040s ]
[ sql ] [ SQL ] SELECT `id`,`username` FROM `system_user` [ RunTime:0.074665s ]
[ sql ] [ SQL ] SELECT `username` FROM `system_user` WHERE  `id` = 10000 LIMIT 1 [ RunTime:0.074242s ]
[ sql ] [ SQL ] SELECT `username` FROM `system_user` WHERE  `id` = 10000 LIMIT 1 [ RunTime:0.074355s ]
[ sql ] [ SQL ] SELECT `username` FROM `system_user` WHERE  `id` = 10000 LIMIT 1 [ RunTime:0.074231s ]
[ sql ] [ SQL ] SELECT `username` FROM `system_user` WHERE  `id` = 10000 LIMIT 1 [ RunTime:0.074201s ]
[ sql ] [ SQL ] SELECT `username` FROM `system_user` WHERE  `id` = 10000 LIMIT 1 [ RunTime:0.075218s ]
[ sql ] [ SQL ] SELECT `username` FROM `system_user` WHERE  `id` = 10000 LIMIT 1 [ RunTime:0.074399s ]
[ sql ] [ SQL ] SELECT `username` FROM `system_user` WHERE  `id` = 10000 LIMIT 1 [ RunTime:0.074382s ]
[ sql ] [ SQL ] SELECT `username` FROM `system_user` WHERE  `id` = 10000 LIMIT 1 [ RunTime:0.073939s ]
[ sql ] [ SQL ] SELECT `username` FROM `system_user` WHERE  `id` = 10000 LIMIT 1 [ RunTime:0.078025s ]
[ sql ] [ SQL ] SELECT `username` FROM `system_user` WHERE  `id` = 10000 LIMIT 1 [ RunTime:0.075078s ]
[ sql ] [ SQL ] SHOW COLUMNS FROM `system_config` [ RunTime:0.074159s ]
[ sql ] [ SQL ] SELECT `name`,`value` FROM `system_config` [ RunTime:0.075175s ]
---------------------------------------------------------------
[ 2018-05-25T13:57:50+08:00 ] 127.0.0.1 GET /pay/wiki/1.html
[ sql ] [ DB ] CONNECT:[ UseTime:0.096607s ] mysql:host=bdm26827513.my3w.com;port=3306;dbname=bdm26827513_db;charset=utf8
[ sql ] [ SQL ] SHOW COLUMNS FROM `system_node` [ RunTime:0.064555s ]
[ sql ] [ SQL ] SELECT * FROM `system_node` WHERE  `node` = 'wiki/index/detail' LIMIT 1 [ RunTime:0.065300s ]
[ sql ] [ SQL ] SHOW COLUMNS FROM `api_list` [ RunTime:0.065128s ]
[ sql ] [ SQL ] SELECT * FROM `api_list` WHERE  `is_deleted` = 0  AND `gid` LIKE '%1%' ORDER BY `sort` ASC,`id` DESC [ RunTime:0.064447s ]
[ sql ] [ SQL ] SHOW COLUMNS FROM `api_group` [ RunTime:0.064127s ]
[ sql ] [ SQL ] UPDATE `api_group`  SET `hot_num`=`hot_num`+1  WHERE  `id` = 1 [ RunTime:0.068679s ]
[ sql ] [ SQL ] SELECT * FROM `api_group` WHERE  `id` = 1 LIMIT 1 [ RunTime:0.064472s ]
[ sql ] [ SQL ] SHOW COLUMNS FROM `api_fields` [ RunTime:0.064570s ]
[ sql ] [ SQL ] SELECT * FROM `api_fields` WHERE  `hash` = '5a570d64428ca'  AND `type` = 0 [ RunTime:0.064269s ]
[ sql ] [ SQL ] SELECT * FROM `api_fields` WHERE  `hash` = '5a570d64428ca'  AND `type` = 1 [ RunTime:0.063592s ]
[ sql ] [ SQL ] SHOW COLUMNS FROM `system_config` [ RunTime:0.063834s ]
[ sql ] [ SQL ] SELECT `name`,`value` FROM `system_config` [ RunTime:0.063468s ]
---------------------------------------------------------------
[ 2018-05-25T13:58:01+08:00 ] 127.0.0.1 GET /pay/wiki/1/5a570d64428ca.html
[ sql ] [ DB ] CONNECT:[ UseTime:0.114124s ] mysql:host=bdm26827513.my3w.com;port=3306;dbname=bdm26827513_db;charset=utf8
[ sql ] [ SQL ] SHOW COLUMNS FROM `system_node` [ RunTime:0.076247s ]
[ sql ] [ SQL ] SELECT * FROM `system_node` WHERE  `node` = 'wiki/index/detail' LIMIT 1 [ RunTime:0.076998s ]
[ sql ] [ SQL ] SHOW COLUMNS FROM `api_list` [ RunTime:0.077041s ]
[ sql ] [ SQL ] SELECT * FROM `api_list` WHERE  `is_deleted` = 0  AND `gid` LIKE '%1%' ORDER BY `sort` ASC,`id` DESC [ RunTime:0.077291s ]
[ sql ] [ SQL ] SHOW COLUMNS FROM `api_group` [ RunTime:0.076234s ]
[ sql ] [ SQL ] UPDATE `api_group`  SET `hot_num`=`hot_num`+1  WHERE  `id` = 1 [ RunTime:0.080314s ]
[ sql ] [ SQL ] SELECT * FROM `api_group` WHERE  `id` = 1 LIMIT 1 [ RunTime:0.076547s ]
[ sql ] [ SQL ] SELECT * FROM `api_list` WHERE  `hash` = '5a570d64428ca' LIMIT 1 [ RunTime:0.077387s ]
[ sql ] [ SQL ] SHOW COLUMNS FROM `api_fields` [ RunTime:0.076845s ]
[ sql ] [ SQL ] SELECT * FROM `api_fields` WHERE  `hash` = '5a570d64428ca'  AND `type` = 0 [ RunTime:0.076550s ]
[ sql ] [ SQL ] SELECT * FROM `api_fields` WHERE  `hash` = '5a570d64428ca'  AND `type` = 1 [ RunTime:0.076213s ]
[ sql ] [ SQL ] SHOW COLUMNS FROM `system_config` [ RunTime:0.077138s ]
[ sql ] [ SQL ] SELECT `name`,`value` FROM `system_config` [ RunTime:0.076328s ]
---------------------------------------------------------------
[ 2018-05-25T13:58:08+08:00 ] 127.0.0.1 POST /pay/api/5a570d64428ca
[ sql ] [ DB ] CONNECT:[ UseTime:0.081155s ] mysql:host=bdm26827513.my3w.com;port=3306;dbname=bdm26827513_db;charset=utf8
[ sql ] [ SQL ] SHOW COLUMNS FROM `api_list` [ RunTime:0.055289s ]
[ sql ] [ SQL ] SELECT * FROM `api_list` WHERE  `hash` = '5a570d64428ca' LIMIT 1 [ RunTime:0.053874s ]
[ sql ] [ SQL ] SHOW COLUMNS FROM `system_config` [ RunTime:0.053596s ]
[ sql ] [ SQL ] SELECT `name`,`value` FROM `system_config` [ RunTime:0.054476s ]
[ sql ] [ SQL ] SHOW COLUMNS FROM `api_fields` [ RunTime:0.055236s ]
[ sql ] [ SQL ] SELECT * FROM `api_fields` WHERE  `hash` = '5a570d64428ca'  AND `type` = 0 [ RunTime:0.054380s ]
---------------------------------------------------------------
[ 2018-05-25T13:58:47+08:00 ] 127.0.0.1 POST /pay/api/5a570d64428ca
[ sql ] [ DB ] CONNECT:[ UseTime:0.078948s ] mysql:host=bdm26827513.my3w.com;port=3306;dbname=bdm26827513_db;charset=utf8
[ sql ] [ SQL ] SHOW COLUMNS FROM `api_list` [ RunTime:0.053872s ]
[ sql ] [ SQL ] SELECT * FROM `api_list` WHERE  `hash` = '5a570d64428ca' LIMIT 1 [ RunTime:0.052833s ]
[ sql ] [ SQL ] SHOW COLUMNS FROM `system_config` [ RunTime:0.055535s ]
[ sql ] [ SQL ] SELECT `name`,`value` FROM `system_config` [ RunTime:0.055787s ]
[ sql ] [ SQL ] SHOW COLUMNS FROM `system_node` [ RunTime:0.053820s ]
[ sql ] [ SQL ] SELECT * FROM `system_node` WHERE  `node` = 'api/index/index' LIMIT 1 [ RunTime:0.052551s ]
[ sql ] [ SQL ] SHOW COLUMNS FROM `api_fields` [ RunTime:0.052839s ]
[ sql ] [ SQL ] SELECT * FROM `api_fields` WHERE  `hash` = '5a570d64428ca'  AND `type` = 1 [ RunTime:0.052781s ]
---------------------------------------------------------------
[ 2018-05-25T13:59:09+08:00 ] 127.0.0.1 POST /pay/api/5a570d64428ca
[ sql ] [ DB ] CONNECT:[ UseTime:0.096240s ] mysql:host=bdm26827513.my3w.com;port=3306;dbname=bdm26827513_db;charset=utf8
[ sql ] [ SQL ] SHOW COLUMNS FROM `api_list` [ RunTime:0.064766s ]
[ sql ] [ SQL ] SELECT * FROM `api_list` WHERE  `hash` = '5a570d64428ca' LIMIT 1 [ RunTime:0.063670s ]
[ sql ] [ SQL ] SHOW COLUMNS FROM `system_config` [ RunTime:0.064075s ]
[ sql ] [ SQL ] SELECT `name`,`value` FROM `system_config` [ RunTime:0.064604s ]
[ sql ] [ SQL ] SHOW COLUMNS FROM `system_node` [ RunTime:0.064163s ]
[ sql ] [ SQL ] SELECT * FROM `system_node` WHERE  `node` = 'api/index/index' LIMIT 1 [ RunTime:0.063836s ]
---------------------------------------------------------------
[ 2018-05-25T13:59:21+08:00 ] 127.0.0.1 POST /pay/api/5a570d64428ca
[ sql ] [ DB ] CONNECT:[ UseTime:0.081900s ] mysql:host=bdm26827513.my3w.com;port=3306;dbname=bdm26827513_db;charset=utf8
[ sql ] [ SQL ] SHOW COLUMNS FROM `api_list` [ RunTime:0.054835s ]
[ sql ] [ SQL ] SELECT * FROM `api_list` WHERE  `hash` = '5a570d64428ca' LIMIT 1 [ RunTime:0.053893s ]
[ sql ] [ SQL ] SHOW COLUMNS FROM `system_config` [ RunTime:0.054116s ]
[ sql ] [ SQL ] SELECT `name`,`value` FROM `system_config` [ RunTime:0.052832s ]
[ sql ] [ SQL ] SHOW COLUMNS FROM `system_node` [ RunTime:0.054273s ]
[ sql ] [ SQL ] SELECT * FROM `system_node` WHERE  `node` = 'api/index/index' LIMIT 1 [ RunTime:0.054174s ]
[ sql ] [ SQL ] SHOW COLUMNS FROM `pay_order` [ RunTime:0.054436s ]
[ sql ] [ SQL ] SELECT * FROM `pay_order` WHERE  `OrderID` = '11' [ RunTime:0.054657s ]
[ sql ] [ SQL ] SHOW COLUMNS FROM `pay_channellink` [ RunTime:0.055076s ]
[ sql ] [ SQL ] SELECT `b`.`id` AS `mId`,`b`.`name` AS `mName`,`b`.`parentId` AS `mParentId`,`b`.`uId` AS `mUId`,`b`.`url` AS `mUrl`,`b`.`descript` AS `mDescript`,`b`.`create_time` AS `mCreateTime`,`b`.`update_time` AS `mUpdateTime`,`b`.`key` AS `mKey`,`b`.`rate` AS `mRate`,`b`.`status` AS `mStatus`,`c`.`name` AS `cName`,`c`.`channelRate` AS `channelRate`,`c`.`api` AS `api`,`a`.`cId` AS `cId`,`c`.`appId` AS `appId`,`c`.`url` AS `url`,`c`.`param` AS `param`,`c`.`notify_url` AS `cNotifyUrl` FROM `pay_channellink` `a` INNER JOIN `pay_merchannel` `b` ON `a`.`merCId`=`b`.`id` INNER JOIN `pay_channel` `c` ON `a`.`cId`=`c`.`id` WHERE  `b`.`id` = '1' LIMIT 1 [ RunTime:0.054554s ]
---------------------------------------------------------------
[ 2018-05-25T13:59:31+08:00 ] 127.0.0.1 POST /pay/api/5a570d64428ca
[ sql ] [ DB ] CONNECT:[ UseTime:0.112852s ] mysql:host=bdm26827513.my3w.com;port=3306;dbname=bdm26827513_db;charset=utf8
[ sql ] [ SQL ] SHOW COLUMNS FROM `api_list` [ RunTime:0.075255s ]
[ sql ] [ SQL ] SELECT * FROM `api_list` WHERE  `hash` = '5a570d64428ca' LIMIT 1 [ RunTime:0.076154s ]
[ sql ] [ SQL ] SHOW COLUMNS FROM `system_config` [ RunTime:0.076431s ]
[ sql ] [ SQL ] SELECT `name`,`value` FROM `system_config` [ RunTime:0.074540s ]
[ sql ] [ SQL ] SHOW COLUMNS FROM `system_node` [ RunTime:0.075320s ]
[ sql ] [ SQL ] SELECT * FROM `system_node` WHERE  `node` = 'api/index/index' LIMIT 1 [ RunTime:0.074972s ]
[ sql ] [ SQL ] SHOW COLUMNS FROM `pay_order` [ RunTime:0.075446s ]
[ sql ] [ SQL ] SELECT * FROM `pay_order` WHERE  `OrderID` = '11' [ RunTime:0.075961s ]
[ sql ] [ SQL ] SHOW COLUMNS FROM `pay_channellink` [ RunTime:0.075142s ]
[ sql ] [ SQL ] SELECT `b`.`id` AS `mId`,`b`.`name` AS `mName`,`b`.`parentId` AS `mParentId`,`b`.`uId` AS `mUId`,`b`.`url` AS `mUrl`,`b`.`descript` AS `mDescript`,`b`.`create_time` AS `mCreateTime`,`b`.`update_time` AS `mUpdateTime`,`b`.`key` AS `mKey`,`b`.`rate` AS `mRate`,`b`.`status` AS `mStatus`,`c`.`name` AS `cName`,`c`.`channelRate` AS `channelRate`,`c`.`api` AS `api`,`a`.`cId` AS `cId`,`c`.`appId` AS `appId`,`c`.`url` AS `url`,`c`.`param` AS `param`,`c`.`notify_url` AS `cNotifyUrl` FROM `pay_channellink` `a` INNER JOIN `pay_merchannel` `b` ON `a`.`merCId`=`b`.`id` INNER JOIN `pay_channel` `c` ON `a`.`cId`=`c`.`id` WHERE  `b`.`id` = '6' LIMIT 1 [ RunTime:0.074577s ]
---------------------------------------------------------------
[ 2018-05-25T14:02:09+08:00 ] 127.0.0.1 GET /pay/port/row/refresh.html?spm=m-96-102
[ sql ] [ DB ] CONNECT:[ UseTime:0.127778s ] mysql:host=bdm26827513.my3w.com;port=3306;dbname=bdm26827513_db;charset=utf8
[ sql ] [ SQL ] SHOW COLUMNS FROM `system_node` [ RunTime:0.075470s ]
[ sql ] [ SQL ] SELECT * FROM `system_node` WHERE  `node` = 'port/row/refresh' LIMIT 1 [ RunTime:0.073999s ]
[ sql ] [ SQL ] SHOW COLUMNS FROM `api_list` [ RunTime:0.075018s ]
[ sql ] [ SQL ] SELECT * FROM `api_list` WHERE  `is_deleted` = 0 [ RunTime:0.075481s ]
[ sql ] [ SQL ] SHOW COLUMNS FROM `system_log` [ RunTime:0.074676s ]
[ sql ] [ SQL ] INSERT INTO `system_log` (`ip` , `node` , `username` , `action` , `content`) VALUES ('127.0.0.1' , 'port/row/refresh' , 'admin' , 'API接口管理' , '刷新接口路由成功') [ RunTime:0.077927s ]
---------------------------------------------------------------
[ 2018-05-25T14:02:13+08:00 ] 127.0.0.1 GET /pay/port/row/index.html?spm=m-96-102
[ sql ] [ DB ] CONNECT:[ UseTime:0.098793s ] mysql:host=bdm26827513.my3w.com;port=3306;dbname=bdm26827513_db;charset=utf8
[ sql ] [ SQL ] SHOW COLUMNS FROM `system_node` [ RunTime:0.066119s ]
[ sql ] [ SQL ] SELECT * FROM `system_node` WHERE  `node` = 'port/row/index' LIMIT 1 [ RunTime:0.065802s ]
[ sql ] [ SQL ] SHOW COLUMNS FROM `api_list` [ RunTime:0.065240s ]
[ sql ] [ SQL ] SELECT COUNT(*) AS tp_count FROM `api_list` WHERE  `is_deleted` = 0 LIMIT 1 [ RunTime:0.066584s ]
[ sql ] [ SQL ] SELECT * FROM `api_list` WHERE  `is_deleted` = 0 ORDER BY `sort` ASC,`id` DESC LIMIT 0,20 [ RunTime:0.065704s ]
[ sql ] [ SQL ] SHOW COLUMNS FROM `api_group` [ RunTime:0.065079s ]
[ sql ] [ SQL ] SELECT `id`,`name` FROM `api_group` [ RunTime:0.064656s ]
[ sql ] [ SQL ] SHOW COLUMNS FROM `system_user` [ RunTime:0.066110s ]
[ sql ] [ SQL ] SELECT `id`,`username` FROM `system_user` [ RunTime:0.065025s ]
[ sql ] [ SQL ] SELECT `username` FROM `system_user` WHERE  `id` = 10000 LIMIT 1 [ RunTime:0.064682s ]
[ sql ] [ SQL ] SELECT `username` FROM `system_user` WHERE  `id` = 10000 LIMIT 1 [ RunTime:0.064304s ]
[ sql ] [ SQL ] SELECT `username` FROM `system_user` WHERE  `id` = 10000 LIMIT 1 [ RunTime:0.065019s ]
[ sql ] [ SQL ] SELECT `username` FROM `system_user` WHERE  `id` = 10000 LIMIT 1 [ RunTime:0.064335s ]
[ sql ] [ SQL ] SELECT `username` FROM `system_user` WHERE  `id` = 10000 LIMIT 1 [ RunTime:0.063974s ]
[ sql ] [ SQL ] SELECT `username` FROM `system_user` WHERE  `id` = 10000 LIMIT 1 [ RunTime:0.064534s ]
[ sql ] [ SQL ] SELECT `username` FROM `system_user` WHERE  `id` = 10000 LIMIT 1 [ RunTime:0.065114s ]
[ sql ] [ SQL ] SELECT `username` FROM `system_user` WHERE  `id` = 10000 LIMIT 1 [ RunTime:0.065070s ]
[ sql ] [ SQL ] SELECT `username` FROM `system_user` WHERE  `id` = 10000 LIMIT 1 [ RunTime:0.064577s ]
[ sql ] [ SQL ] SELECT `username` FROM `system_user` WHERE  `id` = 10000 LIMIT 1 [ RunTime:0.066021s ]
[ sql ] [ SQL ] SHOW COLUMNS FROM `system_config` [ RunTime:0.064791s ]
[ sql ] [ SQL ] SELECT `name`,`value` FROM `system_config` [ RunTime:0.064972s ]
---------------------------------------------------------------
[ 2018-05-25T14:02:35+08:00 ] 127.0.0.1 POST //pay/api/5a570d64428ca
[ sql ] [ DB ] CONNECT:[ UseTime:0.100223s ] mysql:host=bdm26827513.my3w.com;port=3306;dbname=bdm26827513_db;charset=utf8
[ sql ] [ SQL ] SHOW COLUMNS FROM `api_list` [ RunTime:0.067897s ]
[ sql ] [ SQL ] SELECT * FROM `api_list` WHERE  `hash` = '5a570d64428ca' LIMIT 1 [ RunTime:0.068008s ]
[ sql ] [ SQL ] SHOW COLUMNS FROM `system_config` [ RunTime:0.067736s ]
[ sql ] [ SQL ] SELECT `name`,`value` FROM `system_config` [ RunTime:0.066954s ]
---------------------------------------------------------------
[ 2018-05-25T14:03:48+08:00 ] 127.0.0.1 POST //pay/api/5a570d64428ca
[ sql ] [ DB ] CONNECT:[ UseTime:0.110917s ] mysql:host=bdm26827513.my3w.com;port=3306;dbname=bdm26827513_db;charset=utf8
[ sql ] [ SQL ] SHOW COLUMNS FROM `api_list` [ RunTime:0.075711s ]
[ sql ] [ SQL ] SELECT * FROM `api_list` WHERE  `hash` = '5a570d64428ca' LIMIT 1 [ RunTime:0.074520s ]
[ sql ] [ SQL ] SHOW COLUMNS FROM `system_config` [ RunTime:0.074259s ]
[ sql ] [ SQL ] SELECT `name`,`value` FROM `system_config` [ RunTime:0.073739s ]
---------------------------------------------------------------
[ 2018-05-25T14:04:11+08:00 ] 127.0.0.1 POST //pay/api/5a570d64428ca
[ sql ] [ DB ] CONNECT:[ UseTime:0.095558s ] mysql:host=bdm26827513.my3w.com;port=3306;dbname=bdm26827513_db;charset=utf8
[ sql ] [ SQL ] SHOW COLUMNS FROM `api_list` [ RunTime:0.065174s ]
[ sql ] [ SQL ] SELECT * FROM `api_list` WHERE  `hash` = '5a570d64428ca' LIMIT 1 [ RunTime:0.064291s ]
[ sql ] [ SQL ] SHOW COLUMNS FROM `system_config` [ RunTime:0.064516s ]
[ sql ] [ SQL ] SELECT `name`,`value` FROM `system_config` [ RunTime:0.064375s ]
[ sql ] [ SQL ] SHOW COLUMNS FROM `system_node` [ RunTime:0.065314s ]
[ sql ] [ SQL ] SELECT * FROM `system_node` WHERE  `node` = 'api/index/index' LIMIT 1 [ RunTime:0.064421s ]
[ sql ] [ SQL ] SHOW COLUMNS FROM `pay_order` [ RunTime:0.064636s ]
[ sql ] [ SQL ] SELECT * FROM `pay_order` WHERE  `OrderID` = 'ces1527228250' [ RunTime:0.064266s ]
[ sql ] [ SQL ] SHOW COLUMNS FROM `pay_channellink` [ RunTime:0.064887s ]
[ sql ] [ SQL ] SELECT `b`.`id` AS `mId`,`b`.`name` AS `mName`,`b`.`parentId` AS `mParentId`,`b`.`uId` AS `mUId`,`b`.`url` AS `mUrl`,`b`.`descript` AS `mDescript`,`b`.`create_time` AS `mCreateTime`,`b`.`update_time` AS `mUpdateTime`,`b`.`key` AS `mKey`,`b`.`rate` AS `mRate`,`b`.`status` AS `mStatus`,`c`.`name` AS `cName`,`c`.`channelRate` AS `channelRate`,`c`.`api` AS `api`,`a`.`cId` AS `cId`,`c`.`appId` AS `appId`,`c`.`url` AS `url`,`c`.`param` AS `param`,`c`.`notify_url` AS `cNotifyUrl` FROM `pay_channellink` `a` INNER JOIN `pay_merchannel` `b` ON `a`.`merCId`=`b`.`id` INNER JOIN `pay_channel` `c` ON `a`.`cId`=`c`.`id` WHERE  `b`.`id` = '6' LIMIT 1 [ RunTime:0.064682s ]
---------------------------------------------------------------
[ 2018-05-25T14:04:32+08:00 ] 127.0.0.1 POST //pay/api/5a570d64428ca
[ sql ] [ DB ] CONNECT:[ UseTime:0.101349s ] mysql:host=bdm26827513.my3w.com;port=3306;dbname=bdm26827513_db;charset=utf8
[ sql ] [ SQL ] SHOW COLUMNS FROM `api_list` [ RunTime:0.068837s ]
[ sql ] [ SQL ] SELECT * FROM `api_list` WHERE  `hash` = '5a570d64428ca' LIMIT 1 [ RunTime:0.067499s ]
[ sql ] [ SQL ] SHOW COLUMNS FROM `system_config` [ RunTime:0.068291s ]
[ sql ] [ SQL ] SELECT `name`,`value` FROM `system_config` [ RunTime:0.067303s ]
[ sql ] [ SQL ] SHOW COLUMNS FROM `system_node` [ RunTime:0.067913s ]
[ sql ] [ SQL ] SELECT * FROM `system_node` WHERE  `node` = 'api/index/index' LIMIT 1 [ RunTime:0.068329s ]
[ sql ] [ SQL ] SHOW COLUMNS FROM `pay_order` [ RunTime:0.068630s ]
[ sql ] [ SQL ] SELECT * FROM `pay_order` WHERE  `OrderID` = 'ces1527228271' [ RunTime:0.068286s ]
[ sql ] [ SQL ] SHOW COLUMNS FROM `pay_channellink` [ RunTime:0.067744s ]
[ sql ] [ SQL ] SELECT `b`.`id` AS `mId`,`b`.`name` AS `mName`,`b`.`parentId` AS `mParentId`,`b`.`uId` AS `mUId`,`b`.`url` AS `mUrl`,`b`.`descript` AS `mDescript`,`b`.`create_time` AS `mCreateTime`,`b`.`update_time` AS `mUpdateTime`,`b`.`key` AS `mKey`,`b`.`rate` AS `mRate`,`b`.`status` AS `mStatus`,`c`.`name` AS `cName`,`c`.`channelRate` AS `channelRate`,`c`.`api` AS `api`,`a`.`cId` AS `cId`,`c`.`appId` AS `appId`,`c`.`url` AS `url`,`c`.`param` AS `param`,`c`.`notify_url` AS `cNotifyUrl` FROM `pay_channellink` `a` INNER JOIN `pay_merchannel` `b` ON `a`.`merCId`=`b`.`id` INNER JOIN `pay_channel` `c` ON `a`.`cId`=`c`.`id` WHERE  `b`.`id` = '6' LIMIT 1 [ RunTime:0.067751s ]
---------------------------------------------------------------
[ 2018-05-25T14:04:56+08:00 ] 127.0.0.1 POST //pay/api/5a570d64428ca
[ sql ] [ DB ] CONNECT:[ UseTime:0.083288s ] mysql:host=bdm26827513.my3w.com;port=3306;dbname=bdm26827513_db;charset=utf8
[ sql ] [ SQL ] SHOW COLUMNS FROM `api_list` [ RunTime:0.055354s ]
[ sql ] [ SQL ] SELECT * FROM `api_list` WHERE  `hash` = '5a570d64428ca' LIMIT 1 [ RunTime:0.055192s ]
[ sql ] [ SQL ] SHOW COLUMNS FROM `system_config` [ RunTime:0.054701s ]
[ sql ] [ SQL ] SELECT `name`,`value` FROM `system_config` [ RunTime:0.055652s ]
[ sql ] [ SQL ] SHOW COLUMNS FROM `system_node` [ RunTime:0.054642s ]
[ sql ] [ SQL ] SELECT * FROM `system_node` WHERE  `node` = 'api/index/index' LIMIT 1 [ RunTime:0.055408s ]
[ sql ] [ SQL ] SHOW COLUMNS FROM `pay_order` [ RunTime:0.056153s ]
[ sql ] [ SQL ] SELECT * FROM `pay_order` WHERE  `OrderID` = 'ces1527228295' [ RunTime:0.055089s ]
[ sql ] [ SQL ] SHOW COLUMNS FROM `pay_channellink` [ RunTime:0.054865s ]
[ sql ] [ SQL ] SELECT `b`.`id` AS `mId`,`b`.`name` AS `mName`,`b`.`parentId` AS `mParentId`,`b`.`uId` AS `mUId`,`b`.`url` AS `mUrl`,`b`.`descript` AS `mDescript`,`b`.`create_time` AS `mCreateTime`,`b`.`update_time` AS `mUpdateTime`,`b`.`key` AS `mKey`,`b`.`rate` AS `mRate`,`b`.`status` AS `mStatus`,`c`.`name` AS `cName`,`c`.`channelRate` AS `channelRate`,`c`.`api` AS `api`,`a`.`cId` AS `cId`,`c`.`appId` AS `appId`,`c`.`url` AS `url`,`c`.`param` AS `param`,`c`.`notify_url` AS `cNotifyUrl` FROM `pay_channellink` `a` INNER JOIN `pay_merchannel` `b` ON `a`.`merCId`=`b`.`id` INNER JOIN `pay_channel` `c` ON `a`.`cId`=`c`.`id` WHERE  `b`.`id` = '6' LIMIT 1 [ RunTime:0.056258s ]
---------------------------------------------------------------
[ 2018-05-25T14:05:41+08:00 ] 127.0.0.1 POST //pay/api/5a570d64428ca
[ sql ] [ DB ] CONNECT:[ UseTime:0.112029s ] mysql:host=bdm26827513.my3w.com;port=3306;dbname=bdm26827513_db;charset=utf8
[ sql ] [ SQL ] SHOW COLUMNS FROM `api_list` [ RunTime:0.076298s ]
[ sql ] [ SQL ] SELECT * FROM `api_list` WHERE  `hash` = '5a570d64428ca' LIMIT 1 [ RunTime:0.076391s ]
[ sql ] [ SQL ] SHOW COLUMNS FROM `system_config` [ RunTime:0.075689s ]
[ sql ] [ SQL ] SELECT `name`,`value` FROM `system_config` [ RunTime:0.075563s ]
[ sql ] [ SQL ] SHOW COLUMNS FROM `system_node` [ RunTime:0.076019s ]
[ sql ] [ SQL ] SELECT * FROM `system_node` WHERE  `node` = 'api/index/index' LIMIT 1 [ RunTime:0.075306s ]
[ sql ] [ SQL ] SHOW COLUMNS FROM `pay_order` [ RunTime:0.075541s ]
[ sql ] [ SQL ] SELECT * FROM `pay_order` WHERE  `OrderID` = 'ces1527228340' [ RunTime:0.074840s ]
[ sql ] [ SQL ] SHOW COLUMNS FROM `pay_channellink` [ RunTime:0.074732s ]
[ sql ] [ SQL ] SELECT `b`.`id` AS `mId`,`b`.`name` AS `mName`,`b`.`parentId` AS `mParentId`,`b`.`uId` AS `mUId`,`b`.`url` AS `mUrl`,`b`.`descript` AS `mDescript`,`b`.`create_time` AS `mCreateTime`,`b`.`update_time` AS `mUpdateTime`,`b`.`key` AS `mKey`,`b`.`rate` AS `mRate`,`b`.`status` AS `mStatus`,`c`.`name` AS `cName`,`c`.`channelRate` AS `channelRate`,`c`.`api` AS `api`,`a`.`cId` AS `cId`,`c`.`appId` AS `appId`,`c`.`url` AS `url`,`c`.`param` AS `param`,`c`.`notify_url` AS `cNotifyUrl` FROM `pay_channellink` `a` INNER JOIN `pay_merchannel` `b` ON `a`.`merCId`=`b`.`id` INNER JOIN `pay_channel` `c` ON `a`.`cId`=`c`.`id` WHERE  `b`.`id` = '6' LIMIT 1 [ RunTime:0.075386s ]
---------------------------------------------------------------
[ 2018-05-25T14:06:01+08:00 ] 127.0.0.1 POST //pay/api/5a570d64428ca
[ sql ] [ DB ] CONNECT:[ UseTime:0.098612s ] mysql:host=bdm26827513.my3w.com;port=3306;dbname=bdm26827513_db;charset=utf8
[ sql ] [ SQL ] SHOW COLUMNS FROM `api_list` [ RunTime:0.065277s ]
[ sql ] [ SQL ] SELECT * FROM `api_list` WHERE  `hash` = '5a570d64428ca' LIMIT 1 [ RunTime:0.065233s ]
[ sql ] [ SQL ] SHOW COLUMNS FROM `system_config` [ RunTime:0.065757s ]
[ sql ] [ SQL ] SELECT `name`,`value` FROM `system_config` [ RunTime:0.064516s ]
[ sql ] [ SQL ] SHOW COLUMNS FROM `system_node` [ RunTime:0.066263s ]
[ sql ] [ SQL ] SELECT * FROM `system_node` WHERE  `node` = 'api/index/index' LIMIT 1 [ RunTime:0.065427s ]
[ sql ] [ SQL ] SHOW COLUMNS FROM `pay_order` [ RunTime:0.066699s ]
[ sql ] [ SQL ] SELECT * FROM `pay_order` WHERE  `OrderID` = 'ces1527228360' [ RunTime:0.066254s ]
[ sql ] [ SQL ] SHOW COLUMNS FROM `pay_channellink` [ RunTime:0.065758s ]
[ sql ] [ SQL ] SELECT `b`.`id` AS `mId`,`b`.`name` AS `mName`,`b`.`parentId` AS `mParentId`,`b`.`uId` AS `mUId`,`b`.`url` AS `mUrl`,`b`.`descript` AS `mDescript`,`b`.`create_time` AS `mCreateTime`,`b`.`update_time` AS `mUpdateTime`,`b`.`key` AS `mKey`,`b`.`rate` AS `mRate`,`b`.`status` AS `mStatus`,`c`.`name` AS `cName`,`c`.`channelRate` AS `channelRate`,`c`.`api` AS `api`,`a`.`cId` AS `cId`,`c`.`appId` AS `appId`,`c`.`url` AS `url`,`c`.`param` AS `param`,`c`.`notify_url` AS `cNotifyUrl` FROM `pay_channellink` `a` INNER JOIN `pay_merchannel` `b` ON `a`.`merCId`=`b`.`id` INNER JOIN `pay_channel` `c` ON `a`.`cId`=`c`.`id` WHERE  `b`.`id` = '6' LIMIT 1 [ RunTime:0.066837s ]
---------------------------------------------------------------
[ 2018-05-25T14:06:50+08:00 ] 127.0.0.1 POST //pay/api/5a570d64428ca
[ sql ] [ DB ] CONNECT:[ UseTime:0.113644s ] mysql:host=bdm26827513.my3w.com;port=3306;dbname=bdm26827513_db;charset=utf8
[ sql ] [ SQL ] SHOW COLUMNS FROM `api_list` [ RunTime:0.083397s ]
[ sql ] [ SQL ] SELECT * FROM `api_list` WHERE  `hash` = '5a570d64428ca' LIMIT 1 [ RunTime:0.075765s ]
[ sql ] [ SQL ] SHOW COLUMNS FROM `system_config` [ RunTime:0.081328s ]
[ sql ] [ SQL ] SELECT `name`,`value` FROM `system_config` [ RunTime:0.076994s ]
[ sql ] [ SQL ] SHOW COLUMNS FROM `system_node` [ RunTime:0.079358s ]
[ sql ] [ SQL ] SELECT * FROM `system_node` WHERE  `node` = 'api/index/index' LIMIT 1 [ RunTime:0.079633s ]
[ sql ] [ SQL ] SHOW COLUMNS FROM `pay_order` [ RunTime:0.075325s ]
[ sql ] [ SQL ] SELECT * FROM `pay_order` WHERE  `OrderID` = 'ces1527228409' [ RunTime:0.075542s ]
[ sql ] [ SQL ] SHOW COLUMNS FROM `pay_channellink` [ RunTime:0.074968s ]
[ sql ] [ SQL ] SELECT `b`.`id` AS `mId`,`b`.`name` AS `mName`,`b`.`parentId` AS `mParentId`,`b`.`uId` AS `mUId`,`b`.`url` AS `mUrl`,`b`.`descript` AS `mDescript`,`b`.`create_time` AS `mCreateTime`,`b`.`update_time` AS `mUpdateTime`,`b`.`key` AS `mKey`,`b`.`rate` AS `mRate`,`b`.`status` AS `mStatus`,`c`.`name` AS `cName`,`c`.`channelRate` AS `channelRate`,`c`.`api` AS `api`,`a`.`cId` AS `cId`,`c`.`appId` AS `appId`,`c`.`url` AS `url`,`c`.`param` AS `param`,`c`.`notify_url` AS `cNotifyUrl` FROM `pay_channellink` `a` INNER JOIN `pay_merchannel` `b` ON `a`.`merCId`=`b`.`id` INNER JOIN `pay_channel` `c` ON `a`.`cId`=`c`.`id` WHERE  `b`.`id` = '6' LIMIT 1 [ RunTime:0.075637s ]
---------------------------------------------------------------
[ 2018-05-25T14:06:57+08:00 ] 127.0.0.1 POST //pay/api/5a570d64428ca
[ sql ] [ DB ] CONNECT:[ UseTime:0.083720s ] mysql:host=bdm26827513.my3w.com;port=3306;dbname=bdm26827513_db;charset=utf8
[ sql ] [ SQL ] SHOW COLUMNS FROM `api_list` [ RunTime:0.058034s ]
[ sql ] [ SQL ] SELECT * FROM `api_list` WHERE  `hash` = '5a570d64428ca' LIMIT 1 [ RunTime:0.056886s ]
[ sql ] [ SQL ] SHOW COLUMNS FROM `system_config` [ RunTime:0.056613s ]
[ sql ] [ SQL ] SELECT `name`,`value` FROM `system_config` [ RunTime:0.055975s ]
[ sql ] [ SQL ] SHOW COLUMNS FROM `system_node` [ RunTime:0.060651s ]
[ sql ] [ SQL ] SELECT * FROM `system_node` WHERE  `node` = 'api/index/index' LIMIT 1 [ RunTime:0.057393s ]
[ sql ] [ SQL ] SHOW COLUMNS FROM `pay_order` [ RunTime:0.057100s ]
[ sql ] [ SQL ] SELECT * FROM `pay_order` WHERE  `OrderID` = 'ces1527228417' [ RunTime:0.059284s ]
[ sql ] [ SQL ] SHOW COLUMNS FROM `pay_channellink` [ RunTime:0.056089s ]
[ sql ] [ SQL ] SELECT `b`.`id` AS `mId`,`b`.`name` AS `mName`,`b`.`parentId` AS `mParentId`,`b`.`uId` AS `mUId`,`b`.`url` AS `mUrl`,`b`.`descript` AS `mDescript`,`b`.`create_time` AS `mCreateTime`,`b`.`update_time` AS `mUpdateTime`,`b`.`key` AS `mKey`,`b`.`rate` AS `mRate`,`b`.`status` AS `mStatus`,`c`.`name` AS `cName`,`c`.`channelRate` AS `channelRate`,`c`.`api` AS `api`,`a`.`cId` AS `cId`,`c`.`appId` AS `appId`,`c`.`url` AS `url`,`c`.`param` AS `param`,`c`.`notify_url` AS `cNotifyUrl` FROM `pay_channellink` `a` INNER JOIN `pay_merchannel` `b` ON `a`.`merCId`=`b`.`id` INNER JOIN `pay_channel` `c` ON `a`.`cId`=`c`.`id` WHERE  `b`.`id` = '6' LIMIT 1 [ RunTime:0.055406s ]
---------------------------------------------------------------
[ 2018-05-25T14:07:41+08:00 ] 127.0.0.1 POST //pay/api/5a570d64428ca
[ sql ] [ DB ] CONNECT:[ UseTime:0.080043s ] mysql:host=bdm26827513.my3w.com;port=3306;dbname=bdm26827513_db;charset=utf8
[ sql ] [ SQL ] SHOW COLUMNS FROM `api_list` [ RunTime:0.060550s ]
[ sql ] [ SQL ] SELECT * FROM `api_list` WHERE  `hash` = '5a570d64428ca' LIMIT 1 [ RunTime:0.075669s ]
[ sql ] [ SQL ] SHOW COLUMNS FROM `system_config` [ RunTime:0.054345s ]
[ sql ] [ SQL ] SELECT `name`,`value` FROM `system_config` [ RunTime:0.053223s ]
[ sql ] [ SQL ] SHOW COLUMNS FROM `system_node` [ RunTime:0.054254s ]
[ sql ] [ SQL ] SELECT * FROM `system_node` WHERE  `node` = 'api/index/index' LIMIT 1 [ RunTime:0.053461s ]
[ sql ] [ SQL ] SHOW COLUMNS FROM `pay_order` [ RunTime:0.054317s ]
[ sql ] [ SQL ] SELECT * FROM `pay_order` WHERE  `OrderID` = 'ces1527228460' [ RunTime:0.067830s ]
[ sql ] [ SQL ] SHOW COLUMNS FROM `pay_channellink` [ RunTime:0.065226s ]
[ sql ] [ SQL ] SELECT `b`.`id` AS `mId`,`b`.`name` AS `mName`,`b`.`parentId` AS `mParentId`,`b`.`uId` AS `mUId`,`b`.`url` AS `mUrl`,`b`.`descript` AS `mDescript`,`b`.`create_time` AS `mCreateTime`,`b`.`update_time` AS `mUpdateTime`,`b`.`key` AS `mKey`,`b`.`rate` AS `mRate`,`b`.`status` AS `mStatus`,`c`.`name` AS `cName`,`c`.`channelRate` AS `channelRate`,`c`.`api` AS `api`,`a`.`cId` AS `cId`,`c`.`appId` AS `appId`,`c`.`url` AS `url`,`c`.`param` AS `param`,`c`.`notify_url` AS `cNotifyUrl` FROM `pay_channellink` `a` INNER JOIN `pay_merchannel` `b` ON `a`.`merCId`=`b`.`id` INNER JOIN `pay_channel` `c` ON `a`.`cId`=`c`.`id` WHERE  `b`.`id` = '6' LIMIT 1 [ RunTime:0.054450s ]
[ sql ] [ SQL ] INSERT INTO `pay_order` (`orderId` , `userId` , `orderDate` , `tradeMoney` , `orderMoney` , `merMoney` , `channelMoney` , `rateMoney` , `channelId` , `returnUrl` , `notifyUrl` , `cTime` , `mTime` , `productName` , `bank`) VALUES ('ces1527228460' , 10001 , '1527228460' , 10 , 10 , 9.9 , 0.06 , 0.04 , 1 , 'http://www.baidu.com' , 'http://www.baidu.com' , 1527228461 , 1527228461 , 'demo' , '{1}') [ RunTime:0.054752s ]
---------------------------------------------------------------
[ 2018-05-25T14:07:54+08:00 ] 127.0.0.1 POST //pay/api/5a570d64428ca
[ sql ] [ DB ] CONNECT:[ UseTime:0.097032s ] mysql:host=bdm26827513.my3w.com;port=3306;dbname=bdm26827513_db;charset=utf8
[ sql ] [ SQL ] SHOW COLUMNS FROM `api_list` [ RunTime:0.065641s ]
[ sql ] [ SQL ] SELECT * FROM `api_list` WHERE  `hash` = '5a570d64428ca' LIMIT 1 [ RunTime:0.077394s ]
[ sql ] [ SQL ] SHOW COLUMNS FROM `system_config` [ RunTime:0.066248s ]
[ sql ] [ SQL ] SELECT `name`,`value` FROM `system_config` [ RunTime:0.065037s ]
[ sql ] [ SQL ] SHOW COLUMNS FROM `system_node` [ RunTime:0.066691s ]
[ sql ] [ SQL ] SELECT * FROM `system_node` WHERE  `node` = 'api/index/index' LIMIT 1 [ RunTime:0.065529s ]
[ sql ] [ SQL ] SHOW COLUMNS FROM `pay_order` [ RunTime:0.066797s ]
[ sql ] [ SQL ] SELECT * FROM `pay_order` WHERE  `OrderID` = 'ces1527228473' [ RunTime:0.076614s ]
[ sql ] [ SQL ] SHOW COLUMNS FROM `pay_channellink` [ RunTime:0.065332s ]
[ sql ] [ SQL ] SELECT `b`.`id` AS `mId`,`b`.`name` AS `mName`,`b`.`parentId` AS `mParentId`,`b`.`uId` AS `mUId`,`b`.`url` AS `mUrl`,`b`.`descript` AS `mDescript`,`b`.`create_time` AS `mCreateTime`,`b`.`update_time` AS `mUpdateTime`,`b`.`key` AS `mKey`,`b`.`rate` AS `mRate`,`b`.`status` AS `mStatus`,`c`.`name` AS `cName`,`c`.`channelRate` AS `channelRate`,`c`.`api` AS `api`,`a`.`cId` AS `cId`,`c`.`appId` AS `appId`,`c`.`url` AS `url`,`c`.`param` AS `param`,`c`.`notify_url` AS `cNotifyUrl` FROM `pay_channellink` `a` INNER JOIN `pay_merchannel` `b` ON `a`.`merCId`=`b`.`id` INNER JOIN `pay_channel` `c` ON `a`.`cId`=`c`.`id` WHERE  `b`.`id` = '6' LIMIT 1 [ RunTime:0.065906s ]
---------------------------------------------------------------
[ 2018-05-25T14:12:30+08:00 ] 127.0.0.1 GET /pay/port/row/edit.html?id=1&spm=m-96-102&open_type=modal
[ sql ] [ DB ] CONNECT:[ UseTime:0.119675s ] mysql:host=bdm26827513.my3w.com;port=3306;dbname=bdm26827513_db;charset=utf8
[ sql ] [ SQL ] SHOW COLUMNS FROM `system_node` [ RunTime:0.077267s ]
[ sql ] [ SQL ] SELECT * FROM `system_node` WHERE  `node` = 'port/row/edit' LIMIT 1 [ RunTime:0.077093s ]
[ sql ] [ SQL ] SHOW COLUMNS FROM `api_list` [ RunTime:0.076656s ]
[ sql ] [ SQL ] SELECT * FROM `api_list` WHERE  `id` = 1 LIMIT 1 [ RunTime:0.076711s ]
[ sql ] [ SQL ] SHOW COLUMNS FROM `system_config` [ RunTime:0.076253s ]
[ sql ] [ SQL ] SELECT `name`,`value` FROM `system_config` [ RunTime:0.076406s ]
---------------------------------------------------------------
[ 2018-05-25T14:12:50+08:00 ] 127.0.0.1 GET /pay/port/row/edit.html?id=1&spm=m-96-102&open_type=modal
[ sql ] [ DB ] CONNECT:[ UseTime:0.083328s ] mysql:host=bdm26827513.my3w.com;port=3306;dbname=bdm26827513_db;charset=utf8
[ sql ] [ SQL ] SHOW COLUMNS FROM `system_node` [ RunTime:0.055719s ]
[ sql ] [ SQL ] SELECT * FROM `system_node` WHERE  `node` = 'port/row/edit' LIMIT 1 [ RunTime:0.054430s ]
[ sql ] [ SQL ] SHOW COLUMNS FROM `api_list` [ RunTime:0.055168s ]
[ sql ] [ SQL ] SELECT * FROM `api_list` WHERE  `id` = 1 LIMIT 1 [ RunTime:0.058644s ]
[ sql ] [ SQL ] SHOW COLUMNS FROM `system_config` [ RunTime:0.063389s ]
[ sql ] [ SQL ] SELECT `name`,`value` FROM `system_config` [ RunTime:0.063517s ]
---------------------------------------------------------------
[ 2018-05-25T14:12:59+08:00 ] 127.0.0.1 POST /pay/port/row/edit.html?id=1&spm=m-96-102&open_type=modal
[ sql ] [ DB ] CONNECT:[ UseTime:0.101551s ] mysql:host=bdm26827513.my3w.com;port=3306;dbname=bdm26827513_db;charset=utf8
[ sql ] [ SQL ] SHOW COLUMNS FROM `system_node` [ RunTime:0.066907s ]
[ sql ] [ SQL ] SELECT * FROM `system_node` WHERE  `node` = 'port/row/edit' LIMIT 1 [ RunTime:0.064733s ]
[ sql ] [ SQL ] SHOW COLUMNS FROM `api_list` [ RunTime:0.066780s ]
[ sql ] [ SQL ] SELECT COUNT(*) AS tp_count FROM `api_list` WHERE  `id` = 1 LIMIT 1 [ RunTime:0.064840s ]
[ sql ] [ SQL ] UPDATE `api_list`  SET `id`=1,`apiName`='Index/index',`hash`='5a570d64428ca',`method`=1,`isTest`=0,`accessToken`=0,`needLogin`=0,`info`='pay',`handler`='10000'  WHERE  `id` = 1 [ RunTime:0.068001s ]
[ sql ] [ SQL ] SHOW COLUMNS FROM `system_log` [ RunTime:0.066387s ]
[ sql ] [ SQL ] INSERT INTO `system_log` (`ip` , `node` , `username` , `action` , `content`) VALUES ('127.0.0.1' , 'port/row/edit' , 'admin' , 'API接口管理' , '编辑接口成功') [ RunTime:0.066772s ]
---------------------------------------------------------------
[ 2018-05-25T14:13:03+08:00 ] 127.0.0.1 GET /pay/port/row/index.html?spm=m-96-102
[ sql ] [ DB ] CONNECT:[ UseTime:0.098645s ] mysql:host=bdm26827513.my3w.com;port=3306;dbname=bdm26827513_db;charset=utf8
[ sql ] [ SQL ] SHOW COLUMNS FROM `system_node` [ RunTime:0.065796s ]
[ sql ] [ SQL ] SELECT * FROM `system_node` WHERE  `node` = 'port/row/index' LIMIT 1 [ RunTime:0.064137s ]
[ sql ] [ SQL ] SHOW COLUMNS FROM `api_list` [ RunTime:0.072416s ]
[ sql ] [ SQL ] SELECT COUNT(*) AS tp_count FROM `api_list` WHERE  `is_deleted` = 0 LIMIT 1 [ RunTime:0.075680s ]
[ sql ] [ SQL ] SELECT * FROM `api_list` WHERE  `is_deleted` = 0 ORDER BY `sort` ASC,`id` DESC LIMIT 0,20 [ RunTime:0.340788s ]
[ sql ] [ SQL ] SHOW COLUMNS FROM `api_group` [ RunTime:0.067341s ]
[ sql ] [ SQL ] SELECT `id`,`name` FROM `api_group` [ RunTime:0.065253s ]
[ sql ] [ SQL ] SHOW COLUMNS FROM `system_user` [ RunTime:0.065522s ]
[ sql ] [ SQL ] SELECT `id`,`username` FROM `system_user` [ RunTime:0.065132s ]
[ sql ] [ SQL ] SELECT `username` FROM `system_user` WHERE  `id` = 10000 LIMIT 1 [ RunTime:0.066449s ]
[ sql ] [ SQL ] SELECT `username` FROM `system_user` WHERE  `id` = 10000 LIMIT 1 [ RunTime:0.067559s ]
[ sql ] [ SQL ] SELECT `username` FROM `system_user` WHERE  `id` = 10000 LIMIT 1 [ RunTime:0.065550s ]
[ sql ] [ SQL ] SELECT `username` FROM `system_user` WHERE  `id` = 10000 LIMIT 1 [ RunTime:0.064444s ]
[ sql ] [ SQL ] SELECT `username` FROM `system_user` WHERE  `id` = 10000 LIMIT 1 [ RunTime:0.065150s ]
[ sql ] [ SQL ] SELECT `username` FROM `system_user` WHERE  `id` = 10000 LIMIT 1 [ RunTime:0.066299s ]
[ sql ] [ SQL ] SELECT `username` FROM `system_user` WHERE  `id` = 10000 LIMIT 1 [ RunTime:0.065460s ]
[ sql ] [ SQL ] SELECT `username` FROM `system_user` WHERE  `id` = 10000 LIMIT 1 [ RunTime:0.070766s ]
[ sql ] [ SQL ] SELECT `username` FROM `system_user` WHERE  `id` = 10000 LIMIT 1 [ RunTime:0.065919s ]
[ sql ] [ SQL ] SELECT `username` FROM `system_user` WHERE  `id` = 10000 LIMIT 1 [ RunTime:0.067812s ]
[ sql ] [ SQL ] SHOW COLUMNS FROM `system_config` [ RunTime:0.065477s ]
[ sql ] [ SQL ] SELECT `name`,`value` FROM `system_config` [ RunTime:0.066789s ]
---------------------------------------------------------------
[ 2018-05-25T14:13:08+08:00 ] 127.0.0.1 POST //pay/api/5a570d64428ca
[ sql ] [ DB ] CONNECT:[ UseTime:0.099531s ] mysql:host=bdm26827513.my3w.com;port=3306;dbname=bdm26827513_db;charset=utf8
[ sql ] [ SQL ] SHOW COLUMNS FROM `api_list` [ RunTime:0.064282s ]
[ sql ] [ SQL ] SELECT * FROM `api_list` WHERE  `hash` = '5a570d64428ca' LIMIT 1 [ RunTime:0.064634s ]
[ sql ] [ SQL ] SHOW COLUMNS FROM `system_config` [ RunTime:0.065262s ]
[ sql ] [ SQL ] SELECT `name`,`value` FROM `system_config` [ RunTime:0.066293s ]
[ sql ] [ SQL ] SHOW COLUMNS FROM `system_node` [ RunTime:0.069443s ]
[ sql ] [ SQL ] SELECT * FROM `system_node` WHERE  `node` = 'api/index/index' LIMIT 1 [ RunTime:0.071443s ]
[ sql ] [ SQL ] SHOW COLUMNS FROM `pay_order` [ RunTime:0.064980s ]
[ sql ] [ SQL ] SELECT * FROM `pay_order` WHERE  `OrderID` = 'ces1527228787' [ RunTime:0.063941s ]
[ sql ] [ SQL ] SHOW COLUMNS FROM `pay_channellink` [ RunTime:0.066046s ]
[ sql ] [ SQL ] SELECT `b`.`id` AS `mId`,`b`.`name` AS `mName`,`b`.`parentId` AS `mParentId`,`b`.`uId` AS `mUId`,`b`.`url` AS `mUrl`,`b`.`descript` AS `mDescript`,`b`.`create_time` AS `mCreateTime`,`b`.`update_time` AS `mUpdateTime`,`b`.`key` AS `mKey`,`b`.`rate` AS `mRate`,`b`.`status` AS `mStatus`,`c`.`name` AS `cName`,`c`.`channelRate` AS `channelRate`,`c`.`api` AS `api`,`a`.`cId` AS `cId`,`c`.`appId` AS `appId`,`c`.`url` AS `url`,`c`.`param` AS `param`,`c`.`notify_url` AS `cNotifyUrl` FROM `pay_channellink` `a` INNER JOIN `pay_merchannel` `b` ON `a`.`merCId`=`b`.`id` INNER JOIN `pay_channel` `c` ON `a`.`cId`=`c`.`id` WHERE  `b`.`id` = '6' LIMIT 1 [ RunTime:0.064645s ]
---------------------------------------------------------------
[ 2018-05-25T14:13:23+08:00 ] 127.0.0.1 POST //pay/api/5a570d64428ca
[ sql ] [ DB ] CONNECT:[ UseTime:0.096857s ] mysql:host=bdm26827513.my3w.com;port=3306;dbname=bdm26827513_db;charset=utf8
[ sql ] [ SQL ] SHOW COLUMNS FROM `api_list` [ RunTime:0.065094s ]
[ sql ] [ SQL ] SELECT * FROM `api_list` WHERE  `hash` = '5a570d64428ca' LIMIT 1 [ RunTime:0.064882s ]
[ sql ] [ SQL ] SHOW COLUMNS FROM `system_config` [ RunTime:0.064640s ]
[ sql ] [ SQL ] SELECT `name`,`value` FROM `system_config` [ RunTime:0.064181s ]
[ sql ] [ SQL ] SHOW COLUMNS FROM `system_node` [ RunTime:0.064172s ]
[ sql ] [ SQL ] SELECT * FROM `system_node` WHERE  `node` = 'api/index/index' LIMIT 1 [ RunTime:0.064219s ]
[ sql ] [ SQL ] SHOW COLUMNS FROM `pay_order` [ RunTime:0.064100s ]
[ sql ] [ SQL ] SELECT * FROM `pay_order` WHERE  `OrderID` = 'ces1527228802' [ RunTime:0.064089s ]
[ sql ] [ SQL ] SHOW COLUMNS FROM `pay_channellink` [ RunTime:0.064926s ]
[ sql ] [ SQL ] SELECT `b`.`id` AS `mId`,`b`.`name` AS `mName`,`b`.`parentId` AS `mParentId`,`b`.`uId` AS `mUId`,`b`.`url` AS `mUrl`,`b`.`descript` AS `mDescript`,`b`.`create_time` AS `mCreateTime`,`b`.`update_time` AS `mUpdateTime`,`b`.`key` AS `mKey`,`b`.`rate` AS `mRate`,`b`.`status` AS `mStatus`,`c`.`name` AS `cName`,`c`.`channelRate` AS `channelRate`,`c`.`api` AS `api`,`a`.`cId` AS `cId`,`c`.`appId` AS `appId`,`c`.`url` AS `url`,`c`.`param` AS `param`,`c`.`notify_url` AS `cNotifyUrl` FROM `pay_channellink` `a` INNER JOIN `pay_merchannel` `b` ON `a`.`merCId`=`b`.`id` INNER JOIN `pay_channel` `c` ON `a`.`cId`=`c`.`id` WHERE  `b`.`id` = '6' LIMIT 1 [ RunTime:0.065001s ]
[ sql ] [ SQL ] INSERT INTO `pay_order` (`orderId` , `userId` , `orderDate` , `tradeMoney` , `orderMoney` , `merMoney` , `channelMoney` , `rateMoney` , `channelId` , `returnUrl` , `notifyUrl` , `cTime` , `mTime` , `productName` , `bank`) VALUES ('ces1527228802' , 10001 , '1527228802' , 10 , 10 , 9.9 , 0.06 , 0.04 , 1 , 'http://www.baidu.com' , 'http://www.baidu.com' , 1527228803 , 1527228803 , 'demo' , '{1}') [ RunTime:0.066231s ]
---------------------------------------------------------------
[ 2018-05-25T14:14:27+08:00 ] 127.0.0.1 POST //pay/api/5a570d64428ca
[ sql ] [ DB ] CONNECT:[ UseTime:0.096050s ] mysql:host=bdm26827513.my3w.com;port=3306;dbname=bdm26827513_db;charset=utf8
[ sql ] [ SQL ] SHOW COLUMNS FROM `api_list` [ RunTime:0.065087s ]
[ sql ] [ SQL ] SELECT * FROM `api_list` WHERE  `hash` = '5a570d64428ca' LIMIT 1 [ RunTime:0.064114s ]
[ sql ] [ SQL ] SHOW COLUMNS FROM `system_config` [ RunTime:0.065022s ]
[ sql ] [ SQL ] SELECT `name`,`value` FROM `system_config` [ RunTime:0.064853s ]
[ sql ] [ SQL ] SHOW COLUMNS FROM `system_node` [ RunTime:0.064878s ]
[ sql ] [ SQL ] SELECT * FROM `system_node` WHERE  `node` = 'api/index/index' LIMIT 1 [ RunTime:0.064550s ]
[ sql ] [ SQL ] SHOW COLUMNS FROM `pay_order` [ RunTime:0.064353s ]
[ sql ] [ SQL ] SELECT * FROM `pay_order` WHERE  `OrderID` = 'ces1527228866' [ RunTime:0.065043s ]
[ sql ] [ SQL ] SHOW COLUMNS FROM `pay_channellink` [ RunTime:0.064522s ]
[ sql ] [ SQL ] SELECT `b`.`id` AS `mId`,`b`.`name` AS `mName`,`b`.`parentId` AS `mParentId`,`b`.`uId` AS `mUId`,`b`.`url` AS `mUrl`,`b`.`descript` AS `mDescript`,`b`.`create_time` AS `mCreateTime`,`b`.`update_time` AS `mUpdateTime`,`b`.`key` AS `mKey`,`b`.`rate` AS `mRate`,`b`.`status` AS `mStatus`,`c`.`name` AS `cName`,`c`.`channelRate` AS `channelRate`,`c`.`api` AS `api`,`a`.`cId` AS `cId`,`c`.`appId` AS `appId`,`c`.`url` AS `url`,`c`.`param` AS `param`,`c`.`notify_url` AS `cNotifyUrl` FROM `pay_channellink` `a` INNER JOIN `pay_merchannel` `b` ON `a`.`merCId`=`b`.`id` INNER JOIN `pay_channel` `c` ON `a`.`cId`=`c`.`id` WHERE  `b`.`id` = '6' LIMIT 1 [ RunTime:0.068020s ]
[ sql ] [ SQL ] INSERT INTO `pay_order` (`orderId` , `userId` , `orderDate` , `tradeMoney` , `orderMoney` , `merMoney` , `channelMoney` , `rateMoney` , `channelId` , `returnUrl` , `notifyUrl` , `cTime` , `mTime` , `productName` , `bank`) VALUES ('ces1527228866' , 10001 , '1527228866' , 10 , 10 , 9.9 , 0.06 , 0.04 , 1 , 'http://www.baidu.com' , 'http://www.baidu.com' , 1527228867 , 1527228867 , 'demo' , '{1}') [ RunTime:0.063863s ]
---------------------------------------------------------------
[ 2018-05-25T14:14:45+08:00 ] 127.0.0.1 POST //pay/api/5a570d64428ca
[ sql ] [ DB ] CONNECT:[ UseTime:0.116082s ] mysql:host=bdm26827513.my3w.com;port=3306;dbname=bdm26827513_db;charset=utf8
[ sql ] [ SQL ] SHOW COLUMNS FROM `api_list` [ RunTime:0.077051s ]
[ sql ] [ SQL ] SELECT * FROM `api_list` WHERE  `hash` = '5a570d64428ca' LIMIT 1 [ RunTime:0.075863s ]
[ sql ] [ SQL ] SHOW COLUMNS FROM `system_config` [ RunTime:0.076161s ]
[ sql ] [ SQL ] SELECT `name`,`value` FROM `system_config` [ RunTime:0.075954s ]
[ sql ] [ SQL ] SHOW COLUMNS FROM `system_node` [ RunTime:0.083631s ]
[ sql ] [ SQL ] SELECT * FROM `system_node` WHERE  `node` = 'api/index/index' LIMIT 1 [ RunTime:0.075758s ]
[ sql ] [ SQL ] SHOW COLUMNS FROM `pay_order` [ RunTime:0.075965s ]
[ sql ] [ SQL ] SELECT * FROM `pay_order` WHERE  `OrderID` = 'ces1527228884' [ RunTime:0.076817s ]
[ sql ] [ SQL ] SHOW COLUMNS FROM `pay_channellink` [ RunTime:0.076629s ]
[ sql ] [ SQL ] SELECT `b`.`id` AS `mId`,`b`.`name` AS `mName`,`b`.`parentId` AS `mParentId`,`b`.`uId` AS `mUId`,`b`.`url` AS `mUrl`,`b`.`descript` AS `mDescript`,`b`.`create_time` AS `mCreateTime`,`b`.`update_time` AS `mUpdateTime`,`b`.`key` AS `mKey`,`b`.`rate` AS `mRate`,`b`.`status` AS `mStatus`,`c`.`name` AS `cName`,`c`.`channelRate` AS `channelRate`,`c`.`api` AS `api`,`a`.`cId` AS `cId`,`c`.`appId` AS `appId`,`c`.`url` AS `url`,`c`.`param` AS `param`,`c`.`notify_url` AS `cNotifyUrl` FROM `pay_channellink` `a` INNER JOIN `pay_merchannel` `b` ON `a`.`merCId`=`b`.`id` INNER JOIN `pay_channel` `c` ON `a`.`cId`=`c`.`id` WHERE  `b`.`id` = '6' LIMIT 1 [ RunTime:0.077353s ]
[ sql ] [ SQL ] INSERT INTO `pay_order` (`orderId` , `userId` , `orderDate` , `tradeMoney` , `orderMoney` , `merMoney` , `channelMoney` , `rateMoney` , `channelId` , `returnUrl` , `notifyUrl` , `cTime` , `mTime` , `productName` , `bank`) VALUES ('ces1527228884' , 10001 , '1527228884' , 10 , 10 , 9.9 , 0.06 , 0.04 , 1 , 'http://www.baidu.com' , 'http://www.baidu.com' , 1527228885 , 1527228885 , 'demo' , '{1}') [ RunTime:0.076523s ]
---------------------------------------------------------------
[ 2018-05-25T14:15:09+08:00 ] 127.0.0.1 POST //pay/api/5a570d64428ca
[ sql ] [ DB ] CONNECT:[ UseTime:0.101709s ] mysql:host=bdm26827513.my3w.com;port=3306;dbname=bdm26827513_db;charset=utf8
[ sql ] [ SQL ] SHOW COLUMNS FROM `api_list` [ RunTime:0.065532s ]
[ sql ] [ SQL ] SELECT * FROM `api_list` WHERE  `hash` = '5a570d64428ca' LIMIT 1 [ RunTime:0.065763s ]
[ sql ] [ SQL ] SHOW COLUMNS FROM `system_config` [ RunTime:0.067390s ]
[ sql ] [ SQL ] SELECT `name`,`value` FROM `system_config` [ RunTime:0.064666s ]
[ sql ] [ SQL ] SHOW COLUMNS FROM `system_node` [ RunTime:0.071689s ]
[ sql ] [ SQL ] SELECT * FROM `system_node` WHERE  `node` = 'api/index/index' LIMIT 1 [ RunTime:0.064228s ]
[ sql ] [ SQL ] SHOW COLUMNS FROM `pay_order` [ RunTime:0.066419s ]
[ sql ] [ SQL ] SELECT * FROM `pay_order` WHERE  `OrderID` = 'ces1527228908' [ RunTime:0.065287s ]
[ sql ] [ SQL ] SHOW COLUMNS FROM `pay_channellink` [ RunTime:0.064807s ]
[ sql ] [ SQL ] SELECT `b`.`id` AS `mId`,`b`.`name` AS `mName`,`b`.`parentId` AS `mParentId`,`b`.`uId` AS `mUId`,`b`.`url` AS `mUrl`,`b`.`descript` AS `mDescript`,`b`.`create_time` AS `mCreateTime`,`b`.`update_time` AS `mUpdateTime`,`b`.`key` AS `mKey`,`b`.`rate` AS `mRate`,`b`.`status` AS `mStatus`,`c`.`name` AS `cName`,`c`.`channelRate` AS `channelRate`,`c`.`api` AS `api`,`a`.`cId` AS `cId`,`c`.`appId` AS `appId`,`c`.`url` AS `url`,`c`.`param` AS `param`,`c`.`notify_url` AS `cNotifyUrl` FROM `pay_channellink` `a` INNER JOIN `pay_merchannel` `b` ON `a`.`merCId`=`b`.`id` INNER JOIN `pay_channel` `c` ON `a`.`cId`=`c`.`id` WHERE  `b`.`id` = '6' LIMIT 1 [ RunTime:0.064335s ]
---------------------------------------------------------------
[ 2018-05-25T14:15:33+08:00 ] 127.0.0.1 POST //pay/api/5a570d64428ca
[ sql ] [ DB ] CONNECT:[ UseTime:0.084101s ] mysql:host=bdm26827513.my3w.com;port=3306;dbname=bdm26827513_db;charset=utf8
[ sql ] [ SQL ] SHOW COLUMNS FROM `api_list` [ RunTime:0.055812s ]
[ sql ] [ SQL ] SELECT * FROM `api_list` WHERE  `hash` = '5a570d64428ca' LIMIT 1 [ RunTime:0.056901s ]
[ sql ] [ SQL ] SHOW COLUMNS FROM `system_config` [ RunTime:0.057126s ]
[ sql ] [ SQL ] SELECT `name`,`value` FROM `system_config` [ RunTime:0.057149s ]
[ sql ] [ SQL ] SHOW COLUMNS FROM `system_node` [ RunTime:0.056539s ]
[ sql ] [ SQL ] SELECT * FROM `system_node` WHERE  `node` = 'api/index/index' LIMIT 1 [ RunTime:0.055495s ]
[ sql ] [ SQL ] SHOW COLUMNS FROM `pay_order` [ RunTime:0.055779s ]
[ sql ] [ SQL ] SELECT * FROM `pay_order` WHERE  `OrderID` = 'ces1527228933' [ RunTime:0.056153s ]
[ sql ] [ SQL ] SHOW COLUMNS FROM `pay_channellink` [ RunTime:0.056483s ]
[ sql ] [ SQL ] SELECT `b`.`id` AS `mId`,`b`.`name` AS `mName`,`b`.`parentId` AS `mParentId`,`b`.`uId` AS `mUId`,`b`.`url` AS `mUrl`,`b`.`descript` AS `mDescript`,`b`.`create_time` AS `mCreateTime`,`b`.`update_time` AS `mUpdateTime`,`b`.`key` AS `mKey`,`b`.`rate` AS `mRate`,`b`.`status` AS `mStatus`,`c`.`name` AS `cName`,`c`.`channelRate` AS `channelRate`,`c`.`api` AS `api`,`a`.`cId` AS `cId`,`c`.`appId` AS `appId`,`c`.`url` AS `url`,`c`.`param` AS `param`,`c`.`notify_url` AS `cNotifyUrl` FROM `pay_channellink` `a` INNER JOIN `pay_merchannel` `b` ON `a`.`merCId`=`b`.`id` INNER JOIN `pay_channel` `c` ON `a`.`cId`=`c`.`id` WHERE  `b`.`id` = '6' LIMIT 1 [ RunTime:0.058083s ]
[ sql ] [ SQL ] INSERT INTO `pay_order` (`orderId` , `userId` , `orderDate` , `tradeMoney` , `orderMoney` , `merMoney` , `channelMoney` , `rateMoney` , `channelId` , `returnUrl` , `notifyUrl` , `cTime` , `mTime` , `productName` , `bank`) VALUES ('ces1527228933' , 10001 , '1527228933' , 10 , 10 , 9.9 , 0.06 , 0.04 , 1 , 'http://www.baidu.com' , 'http://www.baidu.com' , 1527228933 , 1527228933 , 'demo' , '{1}') [ RunTime:0.059078s ]
---------------------------------------------------------------
[ 2018-05-25T15:23:18+08:00 ] 127.0.0.1 GET /pay/port/row/add.html?spm=m-96-102&open_type=modal
[ sql ] [ DB ] CONNECT:[ UseTime:0.132350s ] mysql:host=bdm26827513.my3w.com;port=3306;dbname=bdm26827513_db;charset=utf8
[ sql ] [ SQL ] SHOW COLUMNS FROM `system_node` [ RunTime:0.078429s ]
[ sql ] [ SQL ] SELECT * FROM `system_node` WHERE  `node` = 'port/row/add' LIMIT 1 [ RunTime:0.077958s ]
[ sql ] [ SQL ] SHOW COLUMNS FROM `system_config` [ RunTime:0.078140s ]
[ sql ] [ SQL ] SELECT `name`,`value` FROM `system_config` [ RunTime:0.078342s ]
---------------------------------------------------------------
[ 2018-05-25T15:24:50+08:00 ] 127.0.0.1 POST /pay/port/row/add.html?spm=m-96-102&open_type=modal
[ sql ] [ DB ] CONNECT:[ UseTime:0.115590s ] mysql:host=bdm26827513.my3w.com;port=3306;dbname=bdm26827513_db;charset=utf8
[ sql ] [ SQL ] SHOW COLUMNS FROM `system_node` [ RunTime:0.077167s ]
[ sql ] [ SQL ] SELECT * FROM `system_node` WHERE  `node` = 'port/row/add' LIMIT 1 [ RunTime:0.077084s ]
---------------------------------------------------------------
[ 2018-05-25T15:24:58+08:00 ] 127.0.0.1 POST /pay/port/row/add.html?spm=m-96-102&open_type=modal
[ sql ] [ DB ] CONNECT:[ UseTime:0.095286s ] mysql:host=bdm26827513.my3w.com;port=3306;dbname=bdm26827513_db;charset=utf8
[ sql ] [ SQL ] SHOW COLUMNS FROM `system_node` [ RunTime:0.063933s ]
[ sql ] [ SQL ] SELECT * FROM `system_node` WHERE  `node` = 'port/row/add' LIMIT 1 [ RunTime:0.063186s ]
[ sql ] [ SQL ] SHOW COLUMNS FROM `api_list` [ RunTime:0.064673s ]
[ sql ] [ SQL ] SELECT * FROM `api_list` WHERE  `apiName` = 'Alipay/notify' LIMIT 1 [ RunTime:0.063999s ]
[ sql ] [ SQL ] SELECT COUNT(*) AS tp_count FROM `api_list` WHERE  `id` = 0 LIMIT 1 [ RunTime:0.063877s ]
[ sql ] [ SQL ] INSERT INTO `api_list` (`apiName` , `hash` , `method` , `isTest` , `accessToken` , `needLogin` , `info` , `handler`) VALUES ('Alipay/notify' , '5b07b9e633017' , 0 , 1 , 0 , 0 , '测试' , '10000') [ RunTime:0.067097s ]
[ sql ] [ SQL ] SHOW COLUMNS FROM `system_log` [ RunTime:0.064690s ]
[ sql ] [ SQL ] INSERT INTO `system_log` (`ip` , `node` , `username` , `action` , `content`) VALUES ('127.0.0.1' , 'port/row/add' , 'admin' , 'API接口管理' , '添加接口成功') [ RunTime:0.065850s ]
---------------------------------------------------------------
[ 2018-05-25T15:25:02+08:00 ] 127.0.0.1 GET /pay/port/row/index.html?spm=m-96-102
[ sql ] [ DB ] CONNECT:[ UseTime:0.103523s ] mysql:host=bdm26827513.my3w.com;port=3306;dbname=bdm26827513_db;charset=utf8
[ sql ] [ SQL ] SHOW COLUMNS FROM `system_node` [ RunTime:0.055810s ]
[ sql ] [ SQL ] SELECT * FROM `system_node` WHERE  `node` = 'port/row/index' LIMIT 1 [ RunTime:0.055810s ]
[ sql ] [ SQL ] SHOW COLUMNS FROM `api_list` [ RunTime:0.056964s ]
[ sql ] [ SQL ] SELECT COUNT(*) AS tp_count FROM `api_list` WHERE  `is_deleted` = 0 LIMIT 1 [ RunTime:0.055694s ]
[ sql ] [ SQL ] SELECT * FROM `api_list` WHERE  `is_deleted` = 0 ORDER BY `sort` ASC,`id` DESC LIMIT 0,20 [ RunTime:0.056700s ]
[ sql ] [ SQL ] SHOW COLUMNS FROM `api_group` [ RunTime:0.055924s ]
[ sql ] [ SQL ] SELECT `id`,`name` FROM `api_group` [ RunTime:0.056791s ]
[ sql ] [ SQL ] SHOW COLUMNS FROM `system_user` [ RunTime:0.055346s ]
[ sql ] [ SQL ] SELECT `id`,`username` FROM `system_user` [ RunTime:0.056077s ]
[ sql ] [ SQL ] SELECT `username` FROM `system_user` WHERE  `id` = 10000 LIMIT 1 [ RunTime:0.055093s ]
[ sql ] [ SQL ] SELECT `username` FROM `system_user` WHERE  `id` = 10000 LIMIT 1 [ RunTime:0.055654s ]
[ sql ] [ SQL ] SELECT `username` FROM `system_user` WHERE  `id` = 10000 LIMIT 1 [ RunTime:0.055699s ]
[ sql ] [ SQL ] SELECT `username` FROM `system_user` WHERE  `id` = 10000 LIMIT 1 [ RunTime:0.055731s ]
[ sql ] [ SQL ] SELECT `username` FROM `system_user` WHERE  `id` = 10000 LIMIT 1 [ RunTime:0.055348s ]
[ sql ] [ SQL ] SELECT `username` FROM `system_user` WHERE  `id` = 10000 LIMIT 1 [ RunTime:0.056467s ]
[ sql ] [ SQL ] SELECT `username` FROM `system_user` WHERE  `id` = 10000 LIMIT 1 [ RunTime:0.055599s ]
[ sql ] [ SQL ] SELECT `username` FROM `system_user` WHERE  `id` = 10000 LIMIT 1 [ RunTime:0.055828s ]
[ sql ] [ SQL ] SELECT `username` FROM `system_user` WHERE  `id` = 10000 LIMIT 1 [ RunTime:0.055997s ]
[ sql ] [ SQL ] SELECT `username` FROM `system_user` WHERE  `id` = 10000 LIMIT 1 [ RunTime:0.055060s ]
[ sql ] [ SQL ] SELECT `username` FROM `system_user` WHERE  `id` = 10000 LIMIT 1 [ RunTime:0.054727s ]
[ sql ] [ SQL ] SHOW COLUMNS FROM `system_config` [ RunTime:0.056095s ]
[ sql ] [ SQL ] SELECT `name`,`value` FROM `system_config` [ RunTime:0.055909s ]
---------------------------------------------------------------
[ 2018-05-25T15:25:06+08:00 ] 127.0.0.1 POST //pay/api/5a570d64428ca
[ sql ] [ DB ] CONNECT:[ UseTime:0.101692s ] mysql:host=bdm26827513.my3w.com;port=3306;dbname=bdm26827513_db;charset=utf8
[ sql ] [ SQL ] SHOW COLUMNS FROM `api_list` [ RunTime:0.066203s ]
[ sql ] [ SQL ] SELECT * FROM `api_list` WHERE  `hash` = '5a570d64428ca' LIMIT 1 [ RunTime:0.066060s ]
[ sql ] [ SQL ] SHOW COLUMNS FROM `system_config` [ RunTime:0.066363s ]
[ sql ] [ SQL ] SELECT `name`,`value` FROM `system_config` [ RunTime:0.064972s ]
[ sql ] [ SQL ] SHOW COLUMNS FROM `system_node` [ RunTime:0.066512s ]
[ sql ] [ SQL ] SELECT * FROM `system_node` WHERE  `node` = 'api/index/index' LIMIT 1 [ RunTime:0.066293s ]
[ sql ] [ SQL ] SHOW COLUMNS FROM `pay_order` [ RunTime:0.067221s ]
[ sql ] [ SQL ] SELECT * FROM `pay_order` WHERE  `OrderID` = 'ces1527233105' [ RunTime:0.066287s ]
[ sql ] [ SQL ] SHOW COLUMNS FROM `pay_channellink` [ RunTime:0.065383s ]
[ sql ] [ SQL ] SELECT `b`.`id` AS `mId`,`b`.`name` AS `mName`,`b`.`parentId` AS `mParentId`,`b`.`uId` AS `mUId`,`b`.`url` AS `mUrl`,`b`.`descript` AS `mDescript`,`b`.`create_time` AS `mCreateTime`,`b`.`update_time` AS `mUpdateTime`,`b`.`key` AS `mKey`,`b`.`rate` AS `mRate`,`b`.`status` AS `mStatus`,`c`.`name` AS `cName`,`c`.`channelRate` AS `channelRate`,`c`.`api` AS `api`,`a`.`cId` AS `cId`,`c`.`appId` AS `appId`,`c`.`url` AS `url`,`c`.`param` AS `param`,`c`.`notify_url` AS `cNotifyUrl` FROM `pay_channellink` `a` INNER JOIN `pay_merchannel` `b` ON `a`.`merCId`=`b`.`id` INNER JOIN `pay_channel` `c` ON `a`.`cId`=`c`.`id` WHERE  `b`.`id` = '6' LIMIT 1 [ RunTime:0.066331s ]
[ sql ] [ SQL ] INSERT INTO `pay_order` (`orderId` , `userId` , `orderDate` , `tradeMoney` , `orderMoney` , `merMoney` , `channelMoney` , `rateMoney` , `channelId` , `returnUrl` , `notifyUrl` , `cTime` , `mTime` , `productName` , `bank`) VALUES ('ces1527233105' , 10001 , '1527233105' , 10 , 10 , 9.9 , 0.06 , 0.04 , 1 , 'http://www.baidu.com' , 'http://www.baidu.com' , 1527233106 , 1527233106 , 'demo' , '{1}') [ RunTime:0.066154s ]
---------------------------------------------------------------
[ 2018-05-25T15:25:18+08:00 ] 127.0.0.1 GET /pay/admin/login/out.html?spm=m-96-102
[ sql ] [ DB ] CONNECT:[ UseTime:0.112628s ] mysql:host=bdm26827513.my3w.com;port=3306;dbname=bdm26827513_db;charset=utf8
[ sql ] [ SQL ] SHOW COLUMNS FROM `system_node` [ RunTime:0.074960s ]
[ sql ] [ SQL ] SELECT * FROM `system_node` WHERE  `node` = 'admin/login/out' LIMIT 1 [ RunTime:0.074806s ]
[ sql ] [ SQL ] SHOW COLUMNS FROM `system_log` [ RunTime:0.075416s ]
[ sql ] [ SQL ] INSERT INTO `system_log` (`ip` , `node` , `username` , `action` , `content`) VALUES ('127.0.0.1' , 'admin/login/out' , 'admin' , '系统管理' , '用户退出系统成功') [ RunTime:0.079016s ]
---------------------------------------------------------------
[ 2018-05-25T15:25:21+08:00 ] 127.0.0.1 GET /pay/admin/login.html
[ sql ] [ DB ] CONNECT:[ UseTime:0.097403s ] mysql:host=bdm26827513.my3w.com;port=3306;dbname=bdm26827513_db;charset=utf8
[ sql ] [ SQL ] SHOW COLUMNS FROM `system_node` [ RunTime:0.065751s ]
[ sql ] [ SQL ] SELECT * FROM `system_node` WHERE  `node` = 'admin/login/index' LIMIT 1 [ RunTime:0.064532s ]
[ sql ] [ SQL ] SHOW COLUMNS FROM `system_config` [ RunTime:0.064485s ]
[ sql ] [ SQL ] SELECT `name`,`value` FROM `system_config` [ RunTime:0.064753s ]
---------------------------------------------------------------
[ 2018-05-25T15:25:21+08:00 ] 127.0.0.1 GET /pay/admin/login/gt.html?t=1527233121530
[ sql ] [ DB ] CONNECT:[ UseTime:0.101363s ] mysql:host=bdm26827513.my3w.com;port=3306;dbname=bdm26827513_db;charset=utf8
[ sql ] [ SQL ] SHOW COLUMNS FROM `system_node` [ RunTime:0.068479s ]
[ sql ] [ SQL ] SELECT * FROM `system_node` WHERE  `node` = 'admin/login/gt' LIMIT 1 [ RunTime:0.067533s ]
---------------------------------------------------------------
[ 2018-05-25T15:25:24+08:00 ] 127.0.0.1 GET /pay/wiki.html
[ sql ] [ DB ] CONNECT:[ UseTime:0.083029s ] mysql:host=bdm26827513.my3w.com;port=3306;dbname=bdm26827513_db;charset=utf8
[ sql ] [ SQL ] SHOW COLUMNS FROM `system_node` [ RunTime:0.055317s ]
[ sql ] [ SQL ] SELECT * FROM `system_node` WHERE  `node` = 'wiki/index/index' LIMIT 1 [ RunTime:0.053830s ]
[ sql ] [ SQL ] SHOW COLUMNS FROM `api_group` [ RunTime:0.054244s ]
[ sql ] [ SQL ] SELECT * FROM `api_group` WHERE  `status` = 1  AND `is_deleted` = 0 ORDER BY `sort` ASC,`id` DESC [ RunTime:0.055196s ]
[ sql ] [ SQL ] SHOW COLUMNS FROM `api_list` [ RunTime:0.055442s ]
[ sql ] [ SQL ] SELECT COUNT(*) AS tp_count FROM `api_list` WHERE  `is_deleted` = 0  AND `gid` LIKE '%1%' LIMIT 1 [ RunTime:0.054596s ]
[ sql ] [ SQL ] SELECT COUNT(*) AS tp_count FROM `api_list` WHERE  `is_deleted` = 0  AND `gid` LIKE '%2%' LIMIT 1 [ RunTime:0.054532s ]
[ sql ] [ SQL ] SHOW COLUMNS FROM `system_config` [ RunTime:0.054315s ]
[ sql ] [ SQL ] SELECT `name`,`value` FROM `system_config` [ RunTime:0.053571s ]
---------------------------------------------------------------
[ 2018-05-25T15:25:27+08:00 ] 127.0.0.1 GET /pay/wiki/1.html
[ sql ] [ DB ] CONNECT:[ UseTime:0.098229s ] mysql:host=bdm26827513.my3w.com;port=3306;dbname=bdm26827513_db;charset=utf8
[ sql ] [ SQL ] SHOW COLUMNS FROM `system_node` [ RunTime:0.065693s ]
[ sql ] [ SQL ] SELECT * FROM `system_node` WHERE  `node` = 'wiki/index/detail' LIMIT 1 [ RunTime:0.065536s ]
[ sql ] [ SQL ] SHOW COLUMNS FROM `api_list` [ RunTime:0.065014s ]
[ sql ] [ SQL ] SELECT * FROM `api_list` WHERE  `is_deleted` = 0  AND `gid` LIKE '%1%' ORDER BY `sort` ASC,`id` DESC [ RunTime:0.066076s ]
[ sql ] [ SQL ] SHOW COLUMNS FROM `api_group` [ RunTime:0.064863s ]
[ sql ] [ SQL ] UPDATE `api_group`  SET `hot_num`=`hot_num`+1  WHERE  `id` = 1 [ RunTime:0.073070s ]
[ sql ] [ SQL ] SELECT * FROM `api_group` WHERE  `id` = 1 LIMIT 1 [ RunTime:0.064640s ]
[ sql ] [ SQL ] SHOW COLUMNS FROM `api_fields` [ RunTime:0.066433s ]
[ sql ] [ SQL ] SELECT * FROM `api_fields` WHERE  `hash` = '5a570d64428ca'  AND `type` = 0 [ RunTime:0.067730s ]
[ sql ] [ SQL ] SELECT * FROM `api_fields` WHERE  `hash` = '5a570d64428ca'  AND `type` = 1 [ RunTime:0.065278s ]
[ sql ] [ SQL ] SHOW COLUMNS FROM `system_config` [ RunTime:0.066135s ]
[ sql ] [ SQL ] SELECT `name`,`value` FROM `system_config` [ RunTime:0.065449s ]
---------------------------------------------------------------
[ 2018-05-25T15:25:39+08:00 ] 127.0.0.1 POST /pay/admin/login.html?spm=
[ sql ] [ DB ] CONNECT:[ UseTime:0.095578s ] mysql:host=bdm26827513.my3w.com;port=3306;dbname=bdm26827513_db;charset=utf8
[ sql ] [ SQL ] SHOW COLUMNS FROM `system_node` [ RunTime:0.064600s ]
[ sql ] [ SQL ] SELECT * FROM `system_node` WHERE  `node` = 'admin/login/index' LIMIT 1 [ RunTime:0.064207s ]
[ sql ] [ SQL ] SHOW COLUMNS FROM `system_user` [ RunTime:0.064796s ]
[ sql ] [ SQL ] SELECT * FROM `system_user` WHERE  `username` = 'admin' LIMIT 1 [ RunTime:0.064349s ]
[ sql ] [ SQL ] UPDATE `system_user`  SET `login_at`='2018-05-25 15:25:38'  WHERE  `id` = 10000 [ RunTime:0.066653s ]
[ sql ] [ SQL ] UPDATE `system_user`  SET `login_num`=`login_num`+1  WHERE  `id` = 10000 [ RunTime:0.065940s ]
[ sql ] [ SQL ] SELECT * FROM `system_user` WHERE  `id` = 10000 LIMIT 1 [ RunTime:0.065441s ]
[ sql ] [ SQL ] SHOW COLUMNS FROM `system_auth` [ RunTime:0.064463s ]
[ sql ] [ SQL ] SELECT `id` FROM `system_auth` WHERE  `id` IN (301,302,303,304)  AND `status` = 1 [ RunTime:0.064100s ]
[ sql ] [ SQL ] SHOW COLUMNS FROM `system_log` [ RunTime:0.064132s ]
[ sql ] [ SQL ] INSERT INTO `system_log` (`ip` , `node` , `username` , `action` , `content`) VALUES ('127.0.0.1' , 'admin/login/index' , 'admin' , '系统管理' , '用户登录系统成功') [ RunTime:0.066083s ]
---------------------------------------------------------------
[ 2018-05-25T15:25:40+08:00 ] 127.0.0.1 GET /pay/admin.html
[ sql ] [ DB ] CONNECT:[ UseTime:0.112581s ] mysql:host=bdm26827513.my3w.com;port=3306;dbname=bdm26827513_db;charset=utf8
[ sql ] [ SQL ] SHOW COLUMNS FROM `system_node` [ RunTime:0.074868s ]
[ sql ] [ SQL ] SELECT * FROM `system_node` WHERE  `node` = 'admin/index/index' LIMIT 1 [ RunTime:0.074955s ]
[ sql ] [ SQL ] SHOW COLUMNS FROM `system_user` [ RunTime:0.076223s ]
[ sql ] [ SQL ] SELECT * FROM `system_user` WHERE  `id` = 10000 LIMIT 1 [ RunTime:0.074625s ]
[ sql ] [ SQL ] SHOW COLUMNS FROM `system_auth` [ RunTime:0.074901s ]
[ sql ] [ SQL ] SELECT `id` FROM `system_auth` WHERE  `id` IN (301,302,303,304)  AND `status` = 1 [ RunTime:0.074400s ]
[ sql ] [ SQL ] SHOW COLUMNS FROM `system_menu` [ RunTime:0.076686s ]
[ sql ] [ SQL ] SELECT * FROM `system_menu` WHERE  `status` = 1 ORDER BY `sort` ASC,`id` ASC [ RunTime:0.075754s ]
[ sql ] [ SQL ] SELECT `node`,`is_menu`,`is_auth`,`is_login`,`title` FROM `system_node` [ RunTime:0.074638s ]
[ sql ] [ SQL ] SHOW COLUMNS FROM `system_config` [ RunTime:0.075778s ]
[ sql ] [ SQL ] SELECT `name`,`value` FROM `system_config` [ RunTime:0.074419s ]
---------------------------------------------------------------
[ 2018-05-25T15:25:42+08:00 ] 127.0.0.1 GET /pay/admin/index/main.html?spm=m-94
[ sql ] [ DB ] CONNECT:[ UseTime:0.112145s ] mysql:host=bdm26827513.my3w.com;port=3306;dbname=bdm26827513_db;charset=utf8
[ sql ] [ SQL ] SHOW COLUMNS FROM `system_node` [ RunTime:0.074341s ]
[ sql ] [ SQL ] SELECT * FROM `system_node` WHERE  `node` = 'admin/index/main' LIMIT 1 [ RunTime:0.073839s ]
[ sql ] [ SQL ] select version() as ver [ RunTime:0.073860s ]
[ sql ] [ SQL ] SHOW COLUMNS FROM `system_config` [ RunTime:0.074950s ]
[ sql ] [ SQL ] SELECT `name`,`value` FROM `system_config` [ RunTime:0.073502s ]
---------------------------------------------------------------
[ 2018-05-25T15:25:44+08:00 ] 127.0.0.1 GET /pay/port/row/index.html?spm=m-96-102
[ sql ] [ DB ] CONNECT:[ UseTime:0.084366s ] mysql:host=bdm26827513.my3w.com;port=3306;dbname=bdm26827513_db;charset=utf8
[ sql ] [ SQL ] SHOW COLUMNS FROM `system_node` [ RunTime:0.056941s ]
[ sql ] [ SQL ] SELECT * FROM `system_node` WHERE  `node` = 'port/row/index' LIMIT 1 [ RunTime:0.055649s ]
[ sql ] [ SQL ] SHOW COLUMNS FROM `api_list` [ RunTime:0.055429s ]
[ sql ] [ SQL ] SELECT COUNT(*) AS tp_count FROM `api_list` WHERE  `is_deleted` = 0 LIMIT 1 [ RunTime:0.055736s ]
[ sql ] [ SQL ] SELECT * FROM `api_list` WHERE  `is_deleted` = 0 ORDER BY `sort` ASC,`id` DESC LIMIT 0,20 [ RunTime:0.056405s ]
[ sql ] [ SQL ] SHOW COLUMNS FROM `api_group` [ RunTime:0.055755s ]
[ sql ] [ SQL ] SELECT `id`,`name` FROM `api_group` [ RunTime:0.054995s ]
[ sql ] [ SQL ] SHOW COLUMNS FROM `system_user` [ RunTime:0.056157s ]
[ sql ] [ SQL ] SELECT `id`,`username` FROM `system_user` [ RunTime:0.054601s ]
[ sql ] [ SQL ] SELECT `username` FROM `system_user` WHERE  `id` = 10000 LIMIT 1 [ RunTime:0.054711s ]
[ sql ] [ SQL ] SELECT `username` FROM `system_user` WHERE  `id` = 10000 LIMIT 1 [ RunTime:0.056003s ]
[ sql ] [ SQL ] SELECT `username` FROM `system_user` WHERE  `id` = 10000 LIMIT 1 [ RunTime:0.055387s ]
[ sql ] [ SQL ] SELECT `username` FROM `system_user` WHERE  `id` = 10000 LIMIT 1 [ RunTime:0.055816s ]
[ sql ] [ SQL ] SELECT `username` FROM `system_user` WHERE  `id` = 10000 LIMIT 1 [ RunTime:0.055868s ]
[ sql ] [ SQL ] SELECT `username` FROM `system_user` WHERE  `id` = 10000 LIMIT 1 [ RunTime:0.055165s ]
[ sql ] [ SQL ] SELECT `username` FROM `system_user` WHERE  `id` = 10000 LIMIT 1 [ RunTime:0.055309s ]
[ sql ] [ SQL ] SELECT `username` FROM `system_user` WHERE  `id` = 10000 LIMIT 1 [ RunTime:0.055174s ]
[ sql ] [ SQL ] SELECT `username` FROM `system_user` WHERE  `id` = 10000 LIMIT 1 [ RunTime:0.055169s ]
[ sql ] [ SQL ] SELECT `username` FROM `system_user` WHERE  `id` = 10000 LIMIT 1 [ RunTime:0.055356s ]
[ sql ] [ SQL ] SELECT `username` FROM `system_user` WHERE  `id` = 10000 LIMIT 1 [ RunTime:0.055463s ]
[ sql ] [ SQL ] SHOW COLUMNS FROM `system_config` [ RunTime:0.055585s ]
[ sql ] [ SQL ] SELECT `name`,`value` FROM `system_config` [ RunTime:0.055418s ]
---------------------------------------------------------------
[ 2018-05-25T15:25:46+08:00 ] 127.0.0.1 GET /pay/port/row/refresh.html?spm=m-96-102
[ sql ] [ DB ] CONNECT:[ UseTime:0.082401s ] mysql:host=bdm26827513.my3w.com;port=3306;dbname=bdm26827513_db;charset=utf8
[ sql ] [ SQL ] SHOW COLUMNS FROM `system_node` [ RunTime:0.053911s ]
[ sql ] [ SQL ] SELECT * FROM `system_node` WHERE  `node` = 'port/row/refresh' LIMIT 1 [ RunTime:0.062781s ]
[ sql ] [ SQL ] SHOW COLUMNS FROM `api_list` [ RunTime:0.053999s ]
[ sql ] [ SQL ] SELECT * FROM `api_list` WHERE  `is_deleted` = 0 [ RunTime:0.054067s ]
[ sql ] [ SQL ] SHOW COLUMNS FROM `system_log` [ RunTime:0.054321s ]
[ sql ] [ SQL ] INSERT INTO `system_log` (`ip` , `node` , `username` , `action` , `content`) VALUES ('127.0.0.1' , 'port/row/refresh' , 'admin' , 'API接口管理' , '刷新接口路由成功') [ RunTime:0.056045s ]
---------------------------------------------------------------
[ 2018-05-25T15:25:50+08:00 ] 127.0.0.1 GET /pay/wiki/1.html
[ sql ] [ DB ] CONNECT:[ UseTime:0.101990s ] mysql:host=bdm26827513.my3w.com;port=3306;dbname=bdm26827513_db;charset=utf8
[ sql ] [ SQL ] SHOW COLUMNS FROM `system_node` [ RunTime:0.067690s ]
[ sql ] [ SQL ] SELECT * FROM `system_node` WHERE  `node` = 'wiki/index/detail' LIMIT 1 [ RunTime:0.067321s ]
[ sql ] [ SQL ] SHOW COLUMNS FROM `api_list` [ RunTime:0.067789s ]
[ sql ] [ SQL ] SELECT * FROM `api_list` WHERE  `is_deleted` = 0  AND `gid` LIKE '%1%' ORDER BY `sort` ASC,`id` DESC [ RunTime:0.067348s ]
[ sql ] [ SQL ] SHOW COLUMNS FROM `api_group` [ RunTime:0.067549s ]
[ sql ] [ SQL ] UPDATE `api_group`  SET `hot_num`=`hot_num`+1  WHERE  `id` = 1 [ RunTime:0.070491s ]
[ sql ] [ SQL ] SELECT * FROM `api_group` WHERE  `id` = 1 LIMIT 1 [ RunTime:0.067746s ]
[ sql ] [ SQL ] SHOW COLUMNS FROM `api_fields` [ RunTime:0.066839s ]
[ sql ] [ SQL ] SELECT * FROM `api_fields` WHERE  `hash` = '5a570d64428ca'  AND `type` = 0 [ RunTime:0.066964s ]
[ sql ] [ SQL ] SELECT * FROM `api_fields` WHERE  `hash` = '5a570d64428ca'  AND `type` = 1 [ RunTime:0.067470s ]
[ sql ] [ SQL ] SHOW COLUMNS FROM `system_config` [ RunTime:0.068991s ]
[ sql ] [ SQL ] SELECT `name`,`value` FROM `system_config` [ RunTime:0.066913s ]
---------------------------------------------------------------
[ 2018-05-25T15:25:51+08:00 ] 127.0.0.1 GET /pay/port/row/index.html?spm=m-96-102
[ sql ] [ DB ] CONNECT:[ UseTime:0.101223s ] mysql:host=bdm26827513.my3w.com;port=3306;dbname=bdm26827513_db;charset=utf8
[ sql ] [ SQL ] SHOW COLUMNS FROM `system_node` [ RunTime:0.066441s ]
[ sql ] [ SQL ] SELECT * FROM `system_node` WHERE  `node` = 'port/row/index' LIMIT 1 [ RunTime:0.066961s ]
[ sql ] [ SQL ] SHOW COLUMNS FROM `api_list` [ RunTime:0.065269s ]
[ sql ] [ SQL ] SELECT COUNT(*) AS tp_count FROM `api_list` WHERE  `is_deleted` = 0 LIMIT 1 [ RunTime:0.065419s ]
[ sql ] [ SQL ] SELECT * FROM `api_list` WHERE  `is_deleted` = 0 ORDER BY `sort` ASC,`id` DESC LIMIT 0,20 [ RunTime:0.065058s ]
[ sql ] [ SQL ] SHOW COLUMNS FROM `api_group` [ RunTime:0.065272s ]
[ sql ] [ SQL ] SELECT `id`,`name` FROM `api_group` [ RunTime:0.065029s ]
[ sql ] [ SQL ] SHOW COLUMNS FROM `system_user` [ RunTime:0.064973s ]
[ sql ] [ SQL ] SELECT `id`,`username` FROM `system_user` [ RunTime:0.065728s ]
[ sql ] [ SQL ] SELECT `username` FROM `system_user` WHERE  `id` = 10000 LIMIT 1 [ RunTime:0.064244s ]
[ sql ] [ SQL ] SELECT `username` FROM `system_user` WHERE  `id` = 10000 LIMIT 1 [ RunTime:0.065461s ]
[ sql ] [ SQL ] SELECT `username` FROM `system_user` WHERE  `id` = 10000 LIMIT 1 [ RunTime:0.065026s ]
[ sql ] [ SQL ] SELECT `username` FROM `system_user` WHERE  `id` = 10000 LIMIT 1 [ RunTime:0.065642s ]
[ sql ] [ SQL ] SELECT `username` FROM `system_user` WHERE  `id` = 10000 LIMIT 1 [ RunTime:0.064369s ]
[ sql ] [ SQL ] SELECT `username` FROM `system_user` WHERE  `id` = 10000 LIMIT 1 [ RunTime:0.066169s ]
[ sql ] [ SQL ] SELECT `username` FROM `system_user` WHERE  `id` = 10000 LIMIT 1 [ RunTime:0.064453s ]
[ sql ] [ SQL ] SELECT `username` FROM `system_user` WHERE  `id` = 10000 LIMIT 1 [ RunTime:0.065043s ]
[ sql ] [ SQL ] SELECT `username` FROM `system_user` WHERE  `id` = 10000 LIMIT 1 [ RunTime:0.063647s ]
[ sql ] [ SQL ] SELECT `username` FROM `system_user` WHERE  `id` = 10000 LIMIT 1 [ RunTime:0.064722s ]
[ sql ] [ SQL ] SELECT `username` FROM `system_user` WHERE  `id` = 10000 LIMIT 1 [ RunTime:0.064913s ]
[ sql ] [ SQL ] SHOW COLUMNS FROM `system_config` [ RunTime:0.064018s ]
[ sql ] [ SQL ] SELECT `name`,`value` FROM `system_config` [ RunTime:0.064316s ]
---------------------------------------------------------------
[ 2018-05-25T15:25:55+08:00 ] 127.0.0.1 GET /pay/wiki/1.html
[ sql ] [ DB ] CONNECT:[ UseTime:0.114999s ] mysql:host=bdm26827513.my3w.com;port=3306;dbname=bdm26827513_db;charset=utf8
[ sql ] [ SQL ] SHOW COLUMNS FROM `system_node` [ RunTime:0.077700s ]
[ sql ] [ SQL ] SELECT * FROM `system_node` WHERE  `node` = 'wiki/index/detail' LIMIT 1 [ RunTime:0.076251s ]
[ sql ] [ SQL ] SHOW COLUMNS FROM `api_list` [ RunTime:0.077454s ]
[ sql ] [ SQL ] SELECT * FROM `api_list` WHERE  `is_deleted` = 0  AND `gid` LIKE '%1%' ORDER BY `sort` ASC,`id` DESC [ RunTime:0.077815s ]
[ sql ] [ SQL ] SHOW COLUMNS FROM `api_group` [ RunTime:0.077732s ]
[ sql ] [ SQL ] UPDATE `api_group`  SET `hot_num`=`hot_num`+1  WHERE  `id` = 1 [ RunTime:0.079562s ]
[ sql ] [ SQL ] SELECT * FROM `api_group` WHERE  `id` = 1 LIMIT 1 [ RunTime:0.076659s ]
[ sql ] [ SQL ] SHOW COLUMNS FROM `api_fields` [ RunTime:0.076506s ]
[ sql ] [ SQL ] SELECT * FROM `api_fields` WHERE  `hash` = '5a570d64428ca'  AND `type` = 0 [ RunTime:0.075982s ]
[ sql ] [ SQL ] SELECT * FROM `api_fields` WHERE  `hash` = '5a570d64428ca'  AND `type` = 1 [ RunTime:0.076760s ]
[ sql ] [ SQL ] SHOW COLUMNS FROM `system_config` [ RunTime:0.076705s ]
[ sql ] [ SQL ] SELECT `name`,`value` FROM `system_config` [ RunTime:0.076403s ]
---------------------------------------------------------------
[ 2018-05-25T15:26:01+08:00 ] 127.0.0.1 GET /pay/wiki/1/5a60c77b79875.html
[ sql ] [ DB ] CONNECT:[ UseTime:0.082683s ] mysql:host=bdm26827513.my3w.com;port=3306;dbname=bdm26827513_db;charset=utf8
[ sql ] [ SQL ] SHOW COLUMNS FROM `system_node` [ RunTime:0.054903s ]
[ sql ] [ SQL ] SELECT * FROM `system_node` WHERE  `node` = 'wiki/index/detail' LIMIT 1 [ RunTime:0.053911s ]
[ sql ] [ SQL ] SHOW COLUMNS FROM `api_list` [ RunTime:0.055184s ]
[ sql ] [ SQL ] SELECT * FROM `api_list` WHERE  `is_deleted` = 0  AND `gid` LIKE '%1%' ORDER BY `sort` ASC,`id` DESC [ RunTime:0.054929s ]
[ sql ] [ SQL ] SHOW COLUMNS FROM `api_group` [ RunTime:0.055805s ]
[ sql ] [ SQL ] UPDATE `api_group`  SET `hot_num`=`hot_num`+1  WHERE  `id` = 1 [ RunTime:0.057275s ]
[ sql ] [ SQL ] SELECT * FROM `api_group` WHERE  `id` = 1 LIMIT 1 [ RunTime:0.053990s ]
[ sql ] [ SQL ] SELECT * FROM `api_list` WHERE  `hash` = '5a60c77b79875' LIMIT 1 [ RunTime:0.054697s ]
[ sql ] [ SQL ] SHOW COLUMNS FROM `api_fields` [ RunTime:0.055454s ]
[ sql ] [ SQL ] SELECT * FROM `api_fields` WHERE  `hash` = '5a60c77b79875'  AND `type` = 0 [ RunTime:0.055380s ]
[ sql ] [ SQL ] SELECT * FROM `api_fields` WHERE  `hash` = '5a60c77b79875'  AND `type` = 1 [ RunTime:0.054926s ]
[ sql ] [ SQL ] SHOW COLUMNS FROM `system_config` [ RunTime:0.053800s ]
[ sql ] [ SQL ] SELECT `name`,`value` FROM `system_config` [ RunTime:0.054564s ]
---------------------------------------------------------------
[ 2018-05-25T15:26:09+08:00 ] 127.0.0.1 GET /pay/wiki/2.html
[ sql ] [ DB ] CONNECT:[ UseTime:0.099032s ] mysql:host=bdm26827513.my3w.com;port=3306;dbname=bdm26827513_db;charset=utf8
[ sql ] [ SQL ] SHOW COLUMNS FROM `system_node` [ RunTime:0.066628s ]
[ sql ] [ SQL ] SELECT * FROM `system_node` WHERE  `node` = 'wiki/index/detail' LIMIT 1 [ RunTime:0.068376s ]
[ sql ] [ SQL ] SHOW COLUMNS FROM `api_list` [ RunTime:0.066943s ]
[ sql ] [ SQL ] SELECT * FROM `api_list` WHERE  `is_deleted` = 0  AND `gid` LIKE '%2%' ORDER BY `sort` ASC,`id` DESC [ RunTime:0.067151s ]
[ sql ] [ SQL ] SHOW COLUMNS FROM `api_group` [ RunTime:0.066496s ]
[ sql ] [ SQL ] UPDATE `api_group`  SET `hot_num`=`hot_num`+1  WHERE  `id` = 2 [ RunTime:0.068807s ]
[ sql ] [ SQL ] SELECT * FROM `api_group` WHERE  `id` = 2 LIMIT 1 [ RunTime:0.067644s ]
[ sql ] [ SQL ] SHOW COLUMNS FROM `api_fields` [ RunTime:0.068084s ]
[ sql ] [ SQL ] SELECT * FROM `api_fields` WHERE  `hash` = '5a570d64428ca'  AND `type` = 0 [ RunTime:0.066122s ]
[ sql ] [ SQL ] SELECT * FROM `api_fields` WHERE  `hash` = '5a570d64428ca'  AND `type` = 1 [ RunTime:0.066149s ]
[ sql ] [ SQL ] SHOW COLUMNS FROM `system_config` [ RunTime:0.067187s ]
[ sql ] [ SQL ] SELECT `name`,`value` FROM `system_config` [ RunTime:0.066387s ]
---------------------------------------------------------------
[ 2018-05-25T15:26:25+08:00 ] 127.0.0.1 POST /pay/port/row/api_tagset.html?spm=m-96-102
[ sql ] [ DB ] CONNECT:[ UseTime:0.100724s ] mysql:host=bdm26827513.my3w.com;port=3306;dbname=bdm26827513_db;charset=utf8
[ sql ] [ SQL ] SHOW COLUMNS FROM `system_node` [ RunTime:0.067706s ]
[ sql ] [ SQL ] SELECT * FROM `system_node` WHERE  `node` = 'port/row/api_tagset' LIMIT 1 [ RunTime:0.066475s ]
[ sql ] [ SQL ] SHOW COLUMNS FROM `api_list` [ RunTime:0.066451s ]
[ sql ] [ SQL ] SELECT * FROM `api_list` WHERE  `id` = 13 LIMIT 1 [ RunTime:0.065691s ]
[ sql ] [ SQL ] UPDATE `api_list`  SET `gid`='1,2'  WHERE  `id` = 13 [ RunTime:0.070792s ]
[ sql ] [ SQL ] SHOW COLUMNS FROM `system_log` [ RunTime:0.066575s ]
[ sql ] [ SQL ] INSERT INTO `system_log` (`ip` , `node` , `username` , `action` , `content`) VALUES ('127.0.0.1' , 'port/row/api_tagset' , 'admin' , 'API接口管理' , '接口分组设置成功') [ RunTime:0.070018s ]
---------------------------------------------------------------
[ 2018-05-25T15:26:29+08:00 ] 127.0.0.1 GET /pay/port/row/index.html?spm=m-96-102
[ sql ] [ DB ] CONNECT:[ UseTime:0.096361s ] mysql:host=bdm26827513.my3w.com;port=3306;dbname=bdm26827513_db;charset=utf8
[ sql ] [ SQL ] SHOW COLUMNS FROM `system_node` [ RunTime:0.065100s ]
[ sql ] [ SQL ] SELECT * FROM `system_node` WHERE  `node` = 'port/row/index' LIMIT 1 [ RunTime:0.063010s ]
[ sql ] [ SQL ] SHOW COLUMNS FROM `api_list` [ RunTime:0.066030s ]
[ sql ] [ SQL ] SELECT COUNT(*) AS tp_count FROM `api_list` WHERE  `is_deleted` = 0 LIMIT 1 [ RunTime:0.064027s ]
[ sql ] [ SQL ] SELECT * FROM `api_list` WHERE  `is_deleted` = 0 ORDER BY `sort` ASC,`id` DESC LIMIT 0,20 [ RunTime:0.064714s ]
[ sql ] [ SQL ] SHOW COLUMNS FROM `api_group` [ RunTime:0.064263s ]
[ sql ] [ SQL ] SELECT `id`,`name` FROM `api_group` [ RunTime:0.063609s ]
[ sql ] [ SQL ] SHOW COLUMNS FROM `system_user` [ RunTime:0.065676s ]
[ sql ] [ SQL ] SELECT `id`,`username` FROM `system_user` [ RunTime:0.063735s ]
[ sql ] [ SQL ] SELECT `username` FROM `system_user` WHERE  `id` = 10000 LIMIT 1 [ RunTime:0.063207s ]
[ sql ] [ SQL ] SELECT `username` FROM `system_user` WHERE  `id` = 10000 LIMIT 1 [ RunTime:0.062549s ]
[ sql ] [ SQL ] SELECT `username` FROM `system_user` WHERE  `id` = 10000 LIMIT 1 [ RunTime:0.063683s ]
[ sql ] [ SQL ] SELECT `username` FROM `system_user` WHERE  `id` = 10000 LIMIT 1 [ RunTime:0.064096s ]
[ sql ] [ SQL ] SELECT `username` FROM `system_user` WHERE  `id` = 10000 LIMIT 1 [ RunTime:0.063637s ]
[ sql ] [ SQL ] SELECT `username` FROM `system_user` WHERE  `id` = 10000 LIMIT 1 [ RunTime:0.062990s ]
[ sql ] [ SQL ] SELECT `username` FROM `system_user` WHERE  `id` = 10000 LIMIT 1 [ RunTime:0.069424s ]
[ sql ] [ SQL ] SELECT `username` FROM `system_user` WHERE  `id` = 10000 LIMIT 1 [ RunTime:0.063327s ]
[ sql ] [ SQL ] SELECT `username` FROM `system_user` WHERE  `id` = 10000 LIMIT 1 [ RunTime:0.063185s ]
[ sql ] [ SQL ] SELECT `username` FROM `system_user` WHERE  `id` = 10000 LIMIT 1 [ RunTime:0.064226s ]
[ sql ] [ SQL ] SELECT `username` FROM `system_user` WHERE  `id` = 10000 LIMIT 1 [ RunTime:0.064202s ]
[ sql ] [ SQL ] SHOW COLUMNS FROM `system_config` [ RunTime:0.064749s ]
[ sql ] [ SQL ] SELECT `name`,`value` FROM `system_config` [ RunTime:0.063321s ]
---------------------------------------------------------------
[ 2018-05-25T15:26:43+08:00 ] 127.0.0.1 GET /pay/wiki/2.html
[ sql ] [ DB ] CONNECT:[ UseTime:0.095683s ] mysql:host=bdm26827513.my3w.com;port=3306;dbname=bdm26827513_db;charset=utf8
[ sql ] [ SQL ] SHOW COLUMNS FROM `system_node` [ RunTime:0.064972s ]
[ sql ] [ SQL ] SELECT * FROM `system_node` WHERE  `node` = 'wiki/index/detail' LIMIT 1 [ RunTime:0.065123s ]
[ sql ] [ SQL ] SHOW COLUMNS FROM `api_list` [ RunTime:0.064514s ]
[ sql ] [ SQL ] SELECT * FROM `api_list` WHERE  `is_deleted` = 0  AND `gid` LIKE '%2%' ORDER BY `sort` ASC,`id` DESC [ RunTime:0.064072s ]
[ sql ] [ SQL ] SHOW COLUMNS FROM `api_group` [ RunTime:0.064857s ]
[ sql ] [ SQL ] UPDATE `api_group`  SET `hot_num`=`hot_num`+1  WHERE  `id` = 2 [ RunTime:0.067890s ]
[ sql ] [ SQL ] SELECT * FROM `api_group` WHERE  `id` = 2 LIMIT 1 [ RunTime:0.065142s ]
[ sql ] [ SQL ] SHOW COLUMNS FROM `api_fields` [ RunTime:0.064331s ]
[ sql ] [ SQL ] SELECT * FROM `api_fields` WHERE  `hash` = '5b07b9e633017'  AND `type` = 0 [ RunTime:0.064381s ]
[ sql ] [ SQL ] SELECT * FROM `api_fields` WHERE  `hash` = '5b07b9e633017'  AND `type` = 1 [ RunTime:0.064315s ]
[ sql ] [ SQL ] SHOW COLUMNS FROM `system_config` [ RunTime:0.064192s ]
[ sql ] [ SQL ] SELECT `name`,`value` FROM `system_config` [ RunTime:0.064227s ]
---------------------------------------------------------------
[ 2018-05-25T15:26:46+08:00 ] 127.0.0.1 GET /pay/wiki/2/5b07b9e633017.html
[ sql ] [ DB ] CONNECT:[ UseTime:0.100726s ] mysql:host=bdm26827513.my3w.com;port=3306;dbname=bdm26827513_db;charset=utf8
[ sql ] [ SQL ] SHOW COLUMNS FROM `system_node` [ RunTime:0.066136s ]
[ sql ] [ SQL ] SELECT * FROM `system_node` WHERE  `node` = 'wiki/index/detail' LIMIT 1 [ RunTime:0.066031s ]
[ sql ] [ SQL ] SHOW COLUMNS FROM `api_list` [ RunTime:0.066810s ]
[ sql ] [ SQL ] SELECT * FROM `api_list` WHERE  `is_deleted` = 0  AND `gid` LIKE '%2%' ORDER BY `sort` ASC,`id` DESC [ RunTime:0.065918s ]
[ sql ] [ SQL ] SHOW COLUMNS FROM `api_group` [ RunTime:0.067175s ]
[ sql ] [ SQL ] UPDATE `api_group`  SET `hot_num`=`hot_num`+1  WHERE  `id` = 2 [ RunTime:0.069861s ]
[ sql ] [ SQL ] SELECT * FROM `api_group` WHERE  `id` = 2 LIMIT 1 [ RunTime:0.067512s ]
[ sql ] [ SQL ] SELECT * FROM `api_list` WHERE  `hash` = '5b07b9e633017' LIMIT 1 [ RunTime:0.065633s ]
[ sql ] [ SQL ] SHOW COLUMNS FROM `api_fields` [ RunTime:0.067349s ]
[ sql ] [ SQL ] SELECT * FROM `api_fields` WHERE  `hash` = '5b07b9e633017'  AND `type` = 0 [ RunTime:0.066332s ]
[ sql ] [ SQL ] SELECT * FROM `api_fields` WHERE  `hash` = '5b07b9e633017'  AND `type` = 1 [ RunTime:0.066254s ]
[ sql ] [ SQL ] SHOW COLUMNS FROM `system_config` [ RunTime:0.065988s ]
[ sql ] [ SQL ] SELECT `name`,`value` FROM `system_config` [ RunTime:0.065993s ]
---------------------------------------------------------------
[ 2018-05-25T15:26:52+08:00 ] 127.0.0.1 POST /pay/api/5b07b9e633017
[ sql ] [ DB ] CONNECT:[ UseTime:0.115898s ] mysql:host=bdm26827513.my3w.com;port=3306;dbname=bdm26827513_db;charset=utf8
[ sql ] [ SQL ] SHOW COLUMNS FROM `api_list` [ RunTime:0.075243s ]
[ sql ] [ SQL ] SELECT * FROM `api_list` WHERE  `hash` = '5b07b9e633017' LIMIT 1 [ RunTime:0.074747s ]
[ sql ] [ SQL ] SHOW COLUMNS FROM `api_fields` [ RunTime:0.075051s ]
[ sql ] [ SQL ] SELECT * FROM `api_fields` WHERE  `hash` = '5b07b9e633017'  AND `type` = 0 [ RunTime:0.074663s ]
[ sql ] [ SQL ] SHOW COLUMNS FROM `system_node` [ RunTime:0.074688s ]
[ sql ] [ SQL ] SELECT * FROM `system_node` WHERE  `node` = 'api/alipay/notify' LIMIT 1 [ RunTime:0.074967s ]
[ sql ] [ SQL ] SELECT * FROM `api_fields` WHERE  `hash` = '5b07b9e633017'  AND `type` = 1 [ RunTime:0.074093s ]
---------------------------------------------------------------
[ 2018-05-25T15:26:59+08:00 ] 127.0.0.1 POST /pay/api/5b07b9e633017
[ sql ] [ DB ] CONNECT:[ UseTime:0.096287s ] mysql:host=bdm26827513.my3w.com;port=3306;dbname=bdm26827513_db;charset=utf8
[ sql ] [ SQL ] SHOW COLUMNS FROM `api_list` [ RunTime:0.065348s ]
[ sql ] [ SQL ] SELECT * FROM `api_list` WHERE  `hash` = '5b07b9e633017' LIMIT 1 [ RunTime:0.064560s ]
[ sql ] [ SQL ] SHOW COLUMNS FROM `api_fields` [ RunTime:0.065094s ]
[ sql ] [ SQL ] SELECT * FROM `api_fields` WHERE  `hash` = '5b07b9e633017'  AND `type` = 0 [ RunTime:0.064669s ]
[ sql ] [ SQL ] SHOW COLUMNS FROM `system_node` [ RunTime:0.064671s ]
[ sql ] [ SQL ] SELECT * FROM `system_node` WHERE  `node` = 'api/alipay/notify' LIMIT 1 [ RunTime:0.064080s ]
[ sql ] [ SQL ] SELECT * FROM `api_fields` WHERE  `hash` = '5b07b9e633017'  AND `type` = 1 [ RunTime:0.064420s ]
---------------------------------------------------------------
[ 2018-05-25T15:27:33+08:00 ] 127.0.0.1 POST /pay/api/5b07b9e633017
[ sql ] [ DB ] CONNECT:[ UseTime:0.099538s ] mysql:host=bdm26827513.my3w.com;port=3306;dbname=bdm26827513_db;charset=utf8
[ sql ] [ SQL ] SHOW COLUMNS FROM `api_list` [ RunTime:0.065745s ]
[ sql ] [ SQL ] SELECT * FROM `api_list` WHERE  `hash` = '5b07b9e633017' LIMIT 1 [ RunTime:0.065641s ]
[ sql ] [ SQL ] SHOW COLUMNS FROM `api_fields` [ RunTime:0.067124s ]
[ sql ] [ SQL ] SELECT * FROM `api_fields` WHERE  `hash` = '5b07b9e633017'  AND `type` = 0 [ RunTime:0.065495s ]
[ sql ] [ SQL ] SHOW COLUMNS FROM `system_node` [ RunTime:0.066305s ]
[ sql ] [ SQL ] SELECT * FROM `system_node` WHERE  `node` = 'api/alipay/notify' LIMIT 1 [ RunTime:0.064641s ]
[ sql ] [ SQL ] SHOW COLUMNS FROM `pay_order` [ RunTime:0.065684s ]
[ sql ] [ SQL ] SELECT * FROM `pay_order` WHERE  `id` = 1 LIMIT 1 [ RunTime:0.065233s ]
[ sql ] [ SQL ] UPDATE `pay_order`  SET `status`=1,`mTime`=1527233252  WHERE  `id` = 1 [ RunTime:0.065948s ]
[ sql ] [ SQL ] SELECT * FROM `api_fields` WHERE  `hash` = '5b07b9e633017'  AND `type` = 1 [ RunTime:0.065786s ]
---------------------------------------------------------------
[ 2018-05-25T15:27:58+08:00 ] 127.0.0.1 POST /pay/api/5b07b9e633017
[ sql ] [ DB ] CONNECT:[ UseTime:0.098600s ] mysql:host=bdm26827513.my3w.com;port=3306;dbname=bdm26827513_db;charset=utf8
[ sql ] [ SQL ] SHOW COLUMNS FROM `api_list` [ RunTime:0.066771s ]
[ sql ] [ SQL ] SELECT * FROM `api_list` WHERE  `hash` = '5b07b9e633017' LIMIT 1 [ RunTime:0.066059s ]
[ sql ] [ SQL ] SHOW COLUMNS FROM `api_fields` [ RunTime:0.066929s ]
[ sql ] [ SQL ] SELECT * FROM `api_fields` WHERE  `hash` = '5b07b9e633017'  AND `type` = 0 [ RunTime:0.066211s ]
[ sql ] [ SQL ] SHOW COLUMNS FROM `system_node` [ RunTime:0.066533s ]
[ sql ] [ SQL ] SELECT * FROM `system_node` WHERE  `node` = 'api/alipay/notify' LIMIT 1 [ RunTime:0.065624s ]
[ sql ] [ SQL ] SHOW COLUMNS FROM `pay_order` [ RunTime:0.066630s ]
[ sql ] [ SQL ] SELECT * FROM `pay_order` WHERE  `id` = 1 LIMIT 1 [ RunTime:0.066307s ]
[ sql ] [ SQL ] UPDATE `pay_order`  SET `status`=1,`mTime`=1527233277  WHERE  `id` = 1 [ RunTime:0.066032s ]
[ sql ] [ SQL ] SELECT * FROM `pay_order` WHERE  `id` = 1  AND `status` = 1 LIMIT 1 [ RunTime:0.067181s ]
[ sql ] [ SQL ] SELECT * FROM `api_fields` WHERE  `hash` = '5b07b9e633017'  AND `type` = 1 [ RunTime:0.066313s ]
---------------------------------------------------------------
[ 2018-05-25T15:30:07+08:00 ] 127.0.0.1 GET /pay/notify/Alipay/notify
[ sql ] [ DB ] CONNECT:[ UseTime:0.082607s ] mysql:host=bdm26827513.my3w.com;port=3306;dbname=bdm26827513_db;charset=utf8
[ sql ] [ SQL ] SHOW COLUMNS FROM `system_node` [ RunTime:0.056213s ]
[ sql ] [ SQL ] SELECT * FROM `system_node` WHERE  `node` = 'notify/alipay/notify' LIMIT 1 [ RunTime:0.056393s ]
[ sql ] [ SQL ] SHOW COLUMNS FROM `pay_order` [ RunTime:0.055912s ]
[ sql ] [ SQL ] SELECT * FROM `pay_order` WHERE  `id` = 1 LIMIT 1 [ RunTime:0.055807s ]
[ sql ] [ SQL ] UPDATE `pay_order`  SET `status`=1,`mTime`=1527233407  WHERE  `id` = 1 [ RunTime:0.055127s ]
[ sql ] [ SQL ] SELECT * FROM `pay_order` WHERE  `id` = 1  AND `status` = 1 LIMIT 1 [ RunTime:0.056440s ]
---------------------------------------------------------------
[ 2018-05-25T15:30:47+08:00 ] 127.0.0.1 GET /pay/notify/Alipay/notify
[ sql ] [ DB ] CONNECT:[ UseTime:0.097200s ] mysql:host=bdm26827513.my3w.com;port=3306;dbname=bdm26827513_db;charset=utf8
[ sql ] [ SQL ] SHOW COLUMNS FROM `system_node` [ RunTime:0.064272s ]
[ sql ] [ SQL ] SELECT * FROM `system_node` WHERE  `node` = 'notify/alipay/notify' LIMIT 1 [ RunTime:0.065824s ]
[ sql ] [ SQL ] SHOW COLUMNS FROM `pay_order` [ RunTime:0.064911s ]
[ sql ] [ SQL ] SELECT * FROM `pay_order` WHERE  `id` = 130 LIMIT 1 [ RunTime:0.064762s ]
[ sql ] [ SQL ] UPDATE `pay_order`  SET `id`=130,`userId`=10001,`orderId`='ces1527233105',`orderDate`='1527233105',`tradeMoney`=10,`merMoney`=9.9,`channelMoney`=0.06,`orderMoney`=10,`productName`='demo',`notifyUrl`='http://www.baidu.com',`returnUrl`='http://www.baidu.com',`cTime`=1527233106,`mTime`=1527233447,`status`=1,`merChannel`=0,`channelId`=1,`rateMoney`=0.04,`bank`='{1}',`extra`=NULL,`respStatus`=0  WHERE  `id` = 130 [ RunTime:0.064532s ]
[ sql ] [ SQL ] SELECT * FROM `pay_order` WHERE  `id` = 130  AND `status` = 1 LIMIT 1 [ RunTime:0.064874s ]
---------------------------------------------------------------
[ 2018-05-25T15:55:58+08:00 ] 127.0.0.1 GET /pay/admin/config/index.html?spm=m-2-5
[ sql ] [ DB ] CONNECT:[ UseTime:0.112974s ] mysql:host=bdm26827513.my3w.com;port=3306;dbname=bdm26827513_db;charset=utf8
[ sql ] [ SQL ] SHOW COLUMNS FROM `system_node` [ RunTime:0.064624s ]
[ sql ] [ SQL ] SELECT * FROM `system_node` WHERE  `node` = 'admin/config/index' LIMIT 1 [ RunTime:0.065373s ]
[ sql ] [ SQL ] SHOW COLUMNS FROM `system_config` [ RunTime:0.065688s ]
[ sql ] [ SQL ] SELECT `name`,`value` FROM `system_config` [ RunTime:0.065177s ]
---------------------------------------------------------------
[ 2018-05-25T15:56:01+08:00 ] 127.0.0.1 GET /pay/admin/menu/index.html?spm=m-2-21
[ sql ] [ DB ] CONNECT:[ UseTime:0.095901s ] mysql:host=bdm26827513.my3w.com;port=3306;dbname=bdm26827513_db;charset=utf8
[ sql ] [ SQL ] SHOW COLUMNS FROM `system_node` [ RunTime:0.063784s ]
[ sql ] [ SQL ] SELECT * FROM `system_node` WHERE  `node` = 'admin/menu/index' LIMIT 1 [ RunTime:0.062897s ]
[ sql ] [ SQL ] SHOW COLUMNS FROM `system_menu` [ RunTime:0.064804s ]
[ sql ] [ SQL ] SELECT * FROM `system_menu` ORDER BY `sort` ASC,`id` ASC [ RunTime:0.064331s ]
[ sql ] [ SQL ] SHOW COLUMNS FROM `system_config` [ RunTime:0.063671s ]
[ sql ] [ SQL ] SELECT `name`,`value` FROM `system_config` [ RunTime:0.062594s ]
