---------------------------------------------------------------
[ 2018-07-13T15:39:23+08:00 ] 127.0.0.1 GET /pay/admin.html
[ sql ] [ DB ] CONNECT:[ UseTime:0.118114s ] mysql:host=bdm26827513.my3w.com;port=3306;dbname=bdm26827513_db;charset=utf8
[ sql ] [ SQL ] SHOW COLUMNS FROM `system_node` [ RunTime:0.055347s ]
[ sql ] [ SQL ] SELECT * FROM `system_node` WHERE  `node` = 'admin/index/index' LIMIT 1 [ RunTime:0.053669s ]
[ sql ] [ SQL ] SHOW COLUMNS FROM `system_menu` [ RunTime:0.055990s ]
[ sql ] [ SQL ] SELECT * FROM `system_menu` WHERE  `status` = 1 ORDER BY `sort` ASC,`id` ASC [ RunTime:0.053923s ]
[ sql ] [ SQL ] SELECT `node`,`is_menu`,`is_auth`,`is_login`,`title` FROM `system_node` [ RunTime:0.053871s ]
[ sql ] [ SQL ] SHOW COLUMNS FROM `system_config` [ RunTime:0.053473s ]
[ sql ] [ SQL ] SELECT `name`,`value` FROM `system_config` [ RunTime:0.053640s ]
---------------------------------------------------------------
[ 2018-07-13T15:39:24+08:00 ] 127.0.0.1 GET /pay/demo/pay/index.html?spm=m-87-128
[ sql ] [ DB ] CONNECT:[ UseTime:0.102445s ] mysql:host=bdm26827513.my3w.com;port=3306;dbname=bdm26827513_db;charset=utf8
[ sql ] [ SQL ] SHOW COLUMNS FROM `system_node` [ RunTime:0.066318s ]
[ sql ] [ SQL ] SELECT * FROM `system_node` WHERE  `node` = 'demo/pay/index' LIMIT 1 [ RunTime:0.066195s ]
[ sql ] [ SQL ] SHOW COLUMNS FROM `system_config` [ RunTime:0.066061s ]
[ sql ] [ SQL ] SELECT `name`,`value` FROM `system_config` [ RunTime:0.066145s ]
---------------------------------------------------------------
[ 2018-07-13T15:39:31+08:00 ] 127.0.0.1 POST /pay/api/5a570d64428ca
[ sql ] [ DB ] CONNECT:[ UseTime:0.099525s ] mysql:host=bdm26827513.my3w.com;port=3306;dbname=bdm26827513_db;charset=utf8
[ sql ] [ SQL ] SHOW COLUMNS FROM `api_list` [ RunTime:0.066406s ]
[ sql ] [ SQL ] SELECT * FROM `api_list` WHERE  `hash` = '5a570d64428ca' LIMIT 1 [ RunTime:0.064969s ]
[ sql ] [ SQL ] SHOW COLUMNS FROM `system_config` [ RunTime:0.064983s ]
[ sql ] [ SQL ] SELECT `name`,`value` FROM `system_config` [ RunTime:0.065133s ]
[ sql ] [ SQL ] SHOW COLUMNS FROM `api_fields` [ RunTime:0.064445s ]
[ sql ] [ SQL ] SELECT * FROM `api_fields` WHERE  `hash` = '5a570d64428ca'  AND `type` = 0 [ RunTime:0.064477s ]
[ sql ] [ SQL ] SHOW COLUMNS FROM `system_node` [ RunTime:0.064894s ]
[ sql ] [ SQL ] SELECT * FROM `system_node` WHERE  `node` = 'api/index/index' LIMIT 1 [ RunTime:0.064722s ]
[ sql ] [ SQL ] SHOW COLUMNS FROM `pay_order` [ RunTime:0.066698s ]
[ sql ] [ SQL ] SELECT * FROM `pay_order` WHERE  `OrderID` = '1531467563' [ RunTime:0.065295s ]
[ sql ] [ SQL ] SHOW COLUMNS FROM `pay_channellink` [ RunTime:0.065421s ]
[ sql ] [ SQL ] SELECT `b`.`id` AS `mId`,`b`.`name` AS `mName`,`b`.`parentId` AS `mParentId`,`b`.`uId` AS `mUId`,`b`.`url` AS `mUrl`,`b`.`descript` AS `mDescript`,`b`.`create_time` AS `mCreateTime`,`b`.`update_time` AS `mUpdateTime`,`b`.`key` AS `mKey`,`b`.`rate` AS `mRate`,`b`.`status` AS `mStatus`,`c`.`name` AS `cName`,`c`.`channelRate` AS `channelRate`,`c`.`api` AS `api`,`a`.`cId` AS `cId`,`c`.`appId` AS `appId`,`c`.`url` AS `url`,`c`.`param` AS `param`,`c`.`notify_url` AS `cNotifyUrl`,`c`.`status` AS `channelStatus` FROM `pay_channellink` `a` INNER JOIN `pay_merchannel` `b` ON `a`.`merCId`=`b`.`id` INNER JOIN `pay_channel` `c` ON `a`.`cId`=`c`.`id` WHERE  `b`.`id` = '7' LIMIT 1 [ RunTime:0.066473s ]
[ sql ] [ SQL ] SELECT * FROM `api_fields` WHERE  `hash` = '5a570d64428ca'  AND `type` = 1 [ RunTime:0.064759s ]
---------------------------------------------------------------
[ 2018-07-13T15:39:31+08:00 ] 127.0.0.1 POST /pay/demo/pay/index.html?spm=m-87-128
[ sql ] [ DB ] CONNECT:[ UseTime:0.104520s ] mysql:host=bdm26827513.my3w.com;port=3306;dbname=bdm26827513_db;charset=utf8
[ sql ] [ SQL ] SHOW COLUMNS FROM `system_node` [ RunTime:0.068360s ]
[ sql ] [ SQL ] SELECT * FROM `system_node` WHERE  `node` = 'demo/pay/index' LIMIT 1 [ RunTime:0.068048s ]
---------------------------------------------------------------
[ 2018-07-13T15:41:00+08:00 ] 127.0.0.1 GET /pay/admin/login.html
[ sql ] [ DB ] CONNECT:[ UseTime:0.117546s ] mysql:host=bdm26827513.my3w.com;port=3306;dbname=bdm26827513_db;charset=utf8
[ sql ] [ SQL ] SHOW COLUMNS FROM `system_node` [ RunTime:0.053686s ]
[ sql ] [ SQL ] SELECT * FROM `system_node` WHERE  `node` = 'admin/login/index' LIMIT 1 [ RunTime:0.053293s ]
[ sql ] [ SQL ] SHOW COLUMNS FROM `system_config` [ RunTime:0.054015s ]
[ sql ] [ SQL ] SELECT `name`,`value` FROM `system_config` [ RunTime:0.053822s ]
---------------------------------------------------------------
[ 2018-07-13T15:41:01+08:00 ] 127.0.0.1 GET /pay/admin/login/gt.html?t=1531467661025
[ sql ] [ DB ] CONNECT:[ UseTime:0.097749s ] mysql:host=bdm26827513.my3w.com;port=3306;dbname=bdm26827513_db;charset=utf8
[ sql ] [ SQL ] SHOW COLUMNS FROM `system_node` [ RunTime:0.064346s ]
[ sql ] [ SQL ] SELECT * FROM `system_node` WHERE  `node` = 'admin/login/gt' LIMIT 1 [ RunTime:0.064603s ]
---------------------------------------------------------------
[ 2018-07-13T15:41:09+08:00 ] 127.0.0.1 GET /pay/admin/login.html
[ sql ] [ DB ] CONNECT:[ UseTime:0.084850s ] mysql:host=bdm26827513.my3w.com;port=3306;dbname=bdm26827513_db;charset=utf8
[ sql ] [ SQL ] SHOW COLUMNS FROM `system_node` [ RunTime:0.054740s ]
[ sql ] [ SQL ] SELECT * FROM `system_node` WHERE  `node` = 'admin/login/index' LIMIT 1 [ RunTime:0.054442s ]
[ sql ] [ SQL ] SHOW COLUMNS FROM `system_config` [ RunTime:0.054617s ]
[ sql ] [ SQL ] SELECT `name`,`value` FROM `system_config` [ RunTime:0.054306s ]
---------------------------------------------------------------
[ 2018-07-13T15:41:10+08:00 ] 127.0.0.1 GET /pay/admin/login/gt.html?t=1531467670095
[ sql ] [ DB ] CONNECT:[ UseTime:0.103902s ] mysql:host=bdm26827513.my3w.com;port=3306;dbname=bdm26827513_db;charset=utf8
[ sql ] [ SQL ] SHOW COLUMNS FROM `system_node` [ RunTime:0.067254s ]
[ sql ] [ SQL ] SELECT * FROM `system_node` WHERE  `node` = 'admin/login/gt' LIMIT 1 [ RunTime:0.067973s ]
---------------------------------------------------------------
[ 2018-07-13T15:41:13+08:00 ] 127.0.0.1 POST /pay/admin/login.html?spm=
[ sql ] [ DB ] CONNECT:[ UseTime:0.099281s ] mysql:host=bdm26827513.my3w.com;port=3306;dbname=bdm26827513_db;charset=utf8
[ sql ] [ SQL ] SHOW COLUMNS FROM `system_node` [ RunTime:0.066947s ]
[ sql ] [ SQL ] SELECT * FROM `system_node` WHERE  `node` = 'admin/login/index' LIMIT 1 [ RunTime:0.065737s ]
[ sql ] [ SQL ] SHOW COLUMNS FROM `system_user` [ RunTime:0.066144s ]
[ sql ] [ SQL ] SELECT * FROM `system_user` WHERE  `username` = 'admin' LIMIT 1 [ RunTime:0.065875s ]
[ sql ] [ SQL ] UPDATE `system_user`  SET `login_at`='2018-07-13 15:41:12'  WHERE  `id` = 10000 [ RunTime:0.070361s ]
[ sql ] [ SQL ] UPDATE `system_user`  SET `login_num`=`login_num`+1  WHERE  `id` = 10000 [ RunTime:0.067317s ]
[ sql ] [ SQL ] SELECT * FROM `system_user` WHERE  `id` = 10000 LIMIT 1 [ RunTime:0.065529s ]
[ sql ] [ SQL ] SHOW COLUMNS FROM `system_auth` [ RunTime:0.066225s ]
[ sql ] [ SQL ] SELECT `id` FROM `system_auth` WHERE  `id` IN (301,302,303,304)  AND `status` = 1 [ RunTime:0.065375s ]
[ sql ] [ SQL ] SHOW COLUMNS FROM `system_log` [ RunTime:0.066109s ]
[ sql ] [ SQL ] INSERT INTO `system_log` (`ip` , `node` , `username` , `action` , `content`) VALUES ('127.0.0.1' , 'admin/login/index' , 'admin' , '系统管理' , '用户登录系统成功') [ RunTime:0.068939s ]
---------------------------------------------------------------
[ 2018-07-13T15:41:14+08:00 ] 127.0.0.1 GET /pay/admin.html
[ sql ] [ DB ] CONNECT:[ UseTime:0.104285s ] mysql:host=bdm26827513.my3w.com;port=3306;dbname=bdm26827513_db;charset=utf8
[ sql ] [ SQL ] SHOW COLUMNS FROM `system_node` [ RunTime:0.066437s ]
[ sql ] [ SQL ] SELECT * FROM `system_node` WHERE  `node` = 'admin/index/index' LIMIT 1 [ RunTime:0.065729s ]
[ sql ] [ SQL ] SHOW COLUMNS FROM `system_user` [ RunTime:0.066556s ]
[ sql ] [ SQL ] SELECT * FROM `system_user` WHERE  `id` = 10000 LIMIT 1 [ RunTime:0.065898s ]
[ sql ] [ SQL ] SHOW COLUMNS FROM `system_auth` [ RunTime:0.065950s ]
[ sql ] [ SQL ] SELECT `id` FROM `system_auth` WHERE  `id` IN (301,302,303,304)  AND `status` = 1 [ RunTime:0.065825s ]
[ sql ] [ SQL ] SHOW COLUMNS FROM `system_menu` [ RunTime:0.066691s ]
[ sql ] [ SQL ] SELECT * FROM `system_menu` WHERE  `status` = 1 ORDER BY `sort` ASC,`id` ASC [ RunTime:0.066039s ]
[ sql ] [ SQL ] SELECT `node`,`is_menu`,`is_auth`,`is_login`,`title` FROM `system_node` [ RunTime:0.066458s ]
[ sql ] [ SQL ] SHOW COLUMNS FROM `system_config` [ RunTime:0.066296s ]
[ sql ] [ SQL ] SELECT `name`,`value` FROM `system_config` [ RunTime:0.065565s ]
---------------------------------------------------------------
[ 2018-07-13T15:41:15+08:00 ] 127.0.0.1 GET /pay/admin/index/main.html?spm=m-94
[ sql ] [ DB ] CONNECT:[ UseTime:0.100160s ] mysql:host=bdm26827513.my3w.com;port=3306;dbname=bdm26827513_db;charset=utf8
[ sql ] [ SQL ] SHOW COLUMNS FROM `system_node` [ RunTime:0.066357s ]
[ sql ] [ SQL ] SELECT * FROM `system_node` WHERE  `node` = 'admin/index/main' LIMIT 1 [ RunTime:0.064452s ]
[ sql ] [ SQL ] select version() as ver [ RunTime:0.063528s ]
[ sql ] [ SQL ] SHOW COLUMNS FROM `system_config` [ RunTime:0.064420s ]
[ sql ] [ SQL ] SELECT `name`,`value` FROM `system_config` [ RunTime:0.064457s ]
---------------------------------------------------------------
[ 2018-07-13T15:41:17+08:00 ] 127.0.0.1 GET /pay/admin/goods/index.html?spm=m-119-121
[ sql ] [ DB ] CONNECT:[ UseTime:0.101408s ] mysql:host=bdm26827513.my3w.com;port=3306;dbname=bdm26827513_db;charset=utf8
[ sql ] [ SQL ] SHOW COLUMNS FROM `system_node` [ RunTime:0.065983s ]
[ sql ] [ SQL ] SELECT * FROM `system_node` WHERE  `node` = 'admin/goods/index' LIMIT 1 [ RunTime:0.066094s ]
[ sql ] [ SQL ] SHOW COLUMNS FROM `shop_goods` [ RunTime:0.067276s ]
[ sql ] [ SQL ] SELECT COUNT(*) AS tp_count FROM `shop_goods` `a` LEFT JOIN `shop_classes` `b` ON `b`.`id`=`a`.`classId` LIMIT 1 [ RunTime:0.065964s ]
[ sql ] [ SQL ] SELECT * FROM `shop_goods` `a` LEFT JOIN `shop_classes` `b` ON `b`.`id`=`a`.`classId` LIMIT 0,15 [ RunTime:0.066764s ]
[ sql ] [ SQL ] SHOW COLUMNS FROM `system_config` [ RunTime:0.065804s ]
[ sql ] [ SQL ] SELECT `name`,`value` FROM `system_config` [ RunTime:0.065702s ]
---------------------------------------------------------------
[ 2018-07-13T15:41:20+08:00 ] 127.0.0.1 GET /pay/admin/order/index.html?spm=m-114-116
[ sql ] [ DB ] CONNECT:[ UseTime:0.099470s ] mysql:host=bdm26827513.my3w.com;port=3306;dbname=bdm26827513_db;charset=utf8
[ sql ] [ SQL ] SHOW COLUMNS FROM `system_node` [ RunTime:0.065459s ]
[ sql ] [ SQL ] SELECT * FROM `system_node` WHERE  `node` = 'admin/order/index' LIMIT 1 [ RunTime:0.065386s ]
[ sql ] [ SQL ] SHOW COLUMNS FROM `system_config` [ RunTime:0.065927s ]
[ sql ] [ SQL ] SELECT `name`,`value` FROM `system_config` [ RunTime:0.065400s ]
[ sql ] [ SQL ] SHOW COLUMNS FROM `pay_order` [ RunTime:0.066412s ]
[ sql ] [ SQL ] SELECT COUNT(*) AS tp_count FROM `pay_order` `a` LEFT JOIN `pay_merchannel` `b` ON `a`.`merChannel`=`b`.`id` LEFT JOIN `pay_channel` `c` ON `a`.`channelId`=`c`.`id` LEFT JOIN `system_user` `d` ON `a`.`uId`=`d`.`id` LIMIT 1 [ RunTime:0.065364s ]
[ sql ] [ SQL ] SELECT `a`.`orderId`,`a`.`id`,`a`.`uId` AS `uId`,`a`.`orderDate`,`a`.`channelMoney`,`a`.`merMoney`,`a`.`orderMoney`,`a`.`tradeMoney`,`a`.`productName`,`a`.`notifyUrl`,`a`.`returnUrl`,`a`.`cTime`,`a`.`mTime`,`a`.`status`,`a`.`rateMoney`,`a`.`bank`,`a`.`extra`,`b`.`name` AS `merChannelName`,`c`.`name` AS `channelName`,`d`.`username` AS `username` FROM `pay_order` `a` LEFT JOIN `pay_merchannel` `b` ON `a`.`merChannel`=`b`.`id` LEFT JOIN `pay_channel` `c` ON `a`.`channelId`=`c`.`id` LEFT JOIN `system_user` `d` ON `a`.`uId`=`d`.`id` LIMIT 0,20 [ RunTime:0.067740s ]
---------------------------------------------------------------
[ 2018-07-13T15:41:21+08:00 ] 127.0.0.1 GET /pay/admin/channel/index.html?spm=m-114-118
[ sql ] [ DB ] CONNECT:[ UseTime:0.103748s ] mysql:host=bdm26827513.my3w.com;port=3306;dbname=bdm26827513_db;charset=utf8
[ sql ] [ SQL ] SHOW COLUMNS FROM `system_node` [ RunTime:0.066438s ]
[ sql ] [ SQL ] SELECT * FROM `system_node` WHERE  `node` = 'admin/channel/index' LIMIT 1 [ RunTime:0.066015s ]
[ sql ] [ SQL ] SHOW COLUMNS FROM `system_config` [ RunTime:0.065749s ]
[ sql ] [ SQL ] SELECT `name`,`value` FROM `system_config` [ RunTime:0.065535s ]
[ sql ] [ SQL ] SHOW COLUMNS FROM `pay_channel` [ RunTime:0.068755s ]
[ sql ] [ SQL ] SELECT COUNT(*) AS tp_count FROM `pay_channel` `a` LEFT JOIN `pay_channel` `b` ON `a`.`parentId`=`b`.`id` LEFT JOIN `system_user` `d` ON `a`.`uId`=`d`.`id` LIMIT 1 [ RunTime:0.065663s ]
[ sql ] [ SQL ] SELECT `a`.`id`,`a`.`uId` AS `uId`,`a`.`name`,`a`.`parentId`,`a`.`param`,`a`.`key`,`a`.`url`,`a`.`descript`,`a`.`create_time`,`a`.`update_time`,`a`.`api`,`a`.`channelRate`,`a`.`status`,`a`.`appId`,`a`.`return_url`,`a`.`notify_url`,`b`.`name` AS `parentName`,`d`.`username` AS `createName` FROM `pay_channel` `a` LEFT JOIN `pay_channel` `b` ON `a`.`parentId`=`b`.`id` LEFT JOIN `system_user` `d` ON `a`.`uId`=`d`.`id` LIMIT 0,20 [ RunTime:0.066788s ]
---------------------------------------------------------------
[ 2018-07-13T15:41:25+08:00 ] 127.0.0.1 GET /pay/admin/merchannel/index.html?spm=m-114-117
[ sql ] [ DB ] CONNECT:[ UseTime:0.086449s ] mysql:host=bdm26827513.my3w.com;port=3306;dbname=bdm26827513_db;charset=utf8
[ sql ] [ SQL ] SHOW COLUMNS FROM `system_node` [ RunTime:0.054289s ]
[ sql ] [ SQL ] SELECT * FROM `system_node` WHERE  `node` = 'admin/merchannel/index' LIMIT 1 [ RunTime:0.054343s ]
[ sql ] [ SQL ] SHOW COLUMNS FROM `system_config` [ RunTime:0.054383s ]
[ sql ] [ SQL ] SELECT `name`,`value` FROM `system_config` [ RunTime:0.054298s ]
[ sql ] [ SQL ] SHOW COLUMNS FROM `pay_merchannel` [ RunTime:0.054012s ]
[ sql ] [ SQL ] SELECT COUNT(*) AS tp_count FROM `pay_merchannel` `b` LEFT JOIN `pay_channellink` `a` ON `a`.`merCId`=`b`.`id` LEFT JOIN `pay_channel` `c` ON `a`.`cId`=`c`.`id` LEFT JOIN `system_user` `d` ON `b`.`uId`=`d`.`id` LEFT JOIN `pay_merchannel` `e` ON `b`.`parentId`=`e`.`id` LIMIT 1 [ RunTime:0.053861s ]
[ sql ] [ SQL ] SELECT `b`.`id` AS `mId`,`b`.`name` AS `mName`,`b`.`parentId` AS `mParentId`,`b`.`uId` AS `uId`,`b`.`url` AS `mUrl`,`b`.`descript` AS `mDescript`,`b`.`create_time` AS `mCreateTime`,`b`.`update_time` AS `mUpdateTime`,`b`.`key` AS `mKey`,`b`.`rate` AS `mRate`,`b`.`status` AS `mStatus`,`c`.`name` AS `cName`,`d`.`username` AS `username`,`e`.`name` AS `parentName` FROM `pay_merchannel` `b` LEFT JOIN `pay_channellink` `a` ON `a`.`merCId`=`b`.`id` LEFT JOIN `pay_channel` `c` ON `a`.`cId`=`c`.`id` LEFT JOIN `system_user` `d` ON `b`.`uId`=`d`.`id` LEFT JOIN `pay_merchannel` `e` ON `b`.`parentId`=`e`.`id` LIMIT 0,20 [ RunTime:0.058132s ]
---------------------------------------------------------------
[ 2018-07-13T15:41:29+08:00 ] 127.0.0.1 GET /pay/admin/merchannel/config.html?id=5&spm=m-114-117&open_type=modal
[ sql ] [ DB ] CONNECT:[ UseTime:0.116896s ] mysql:host=bdm26827513.my3w.com;port=3306;dbname=bdm26827513_db;charset=utf8
[ sql ] [ SQL ] SHOW COLUMNS FROM `system_node` [ RunTime:0.076131s ]
[ sql ] [ SQL ] SELECT * FROM `system_node` WHERE  `node` = 'admin/merchannel/config' LIMIT 1 [ RunTime:0.076314s ]
[ sql ] [ SQL ] SHOW COLUMNS FROM `pay_channel` [ RunTime:0.077225s ]
[ sql ] [ SQL ] SELECT * FROM `pay_channel` [ RunTime:0.076751s ]
[ sql ] [ SQL ] SHOW COLUMNS FROM `pay_channellink` [ RunTime:0.076199s ]
[ sql ] [ SQL ] SELECT * FROM `pay_channellink` WHERE  ( `merCId` = 5 AND `merCId` = 5 ) LIMIT 1 [ RunTime:0.076365s ]
[ sql ] [ SQL ] SHOW COLUMNS FROM `system_config` [ RunTime:0.076530s ]
[ sql ] [ SQL ] SELECT `name`,`value` FROM `system_config` [ RunTime:0.076295s ]
---------------------------------------------------------------
[ 2018-07-13T15:41:36+08:00 ] 127.0.0.1 GET /pay/admin/channel/index.html?spm=m-114-118
[ sql ] [ DB ] CONNECT:[ UseTime:0.104130s ] mysql:host=bdm26827513.my3w.com;port=3306;dbname=bdm26827513_db;charset=utf8
[ sql ] [ SQL ] SHOW COLUMNS FROM `system_node` [ RunTime:0.068419s ]
[ sql ] [ SQL ] SELECT * FROM `system_node` WHERE  `node` = 'admin/channel/index' LIMIT 1 [ RunTime:0.067305s ]
[ sql ] [ SQL ] SHOW COLUMNS FROM `system_config` [ RunTime:0.068292s ]
[ sql ] [ SQL ] SELECT `name`,`value` FROM `system_config` [ RunTime:0.067535s ]
[ sql ] [ SQL ] SHOW COLUMNS FROM `pay_channel` [ RunTime:0.068124s ]
[ sql ] [ SQL ] SELECT COUNT(*) AS tp_count FROM `pay_channel` `a` LEFT JOIN `pay_channel` `b` ON `a`.`parentId`=`b`.`id` LEFT JOIN `system_user` `d` ON `a`.`uId`=`d`.`id` LIMIT 1 [ RunTime:0.067557s ]
[ sql ] [ SQL ] SELECT `a`.`id`,`a`.`uId` AS `uId`,`a`.`name`,`a`.`parentId`,`a`.`param`,`a`.`key`,`a`.`url`,`a`.`descript`,`a`.`create_time`,`a`.`update_time`,`a`.`api`,`a`.`channelRate`,`a`.`status`,`a`.`appId`,`a`.`return_url`,`a`.`notify_url`,`b`.`name` AS `parentName`,`d`.`username` AS `createName` FROM `pay_channel` `a` LEFT JOIN `pay_channel` `b` ON `a`.`parentId`=`b`.`id` LEFT JOIN `system_user` `d` ON `a`.`uId`=`d`.`id` LIMIT 0,20 [ RunTime:0.069242s ]
---------------------------------------------------------------
[ 2018-07-13T15:41:45+08:00 ] 127.0.0.1 GET /pay/admin/merchannel/index.html?spm=m-114-117
[ sql ] [ DB ] CONNECT:[ UseTime:0.083742s ] mysql:host=bdm26827513.my3w.com;port=3306;dbname=bdm26827513_db;charset=utf8
[ sql ] [ SQL ] SHOW COLUMNS FROM `system_node` [ RunTime:0.054481s ]
[ sql ] [ SQL ] SELECT * FROM `system_node` WHERE  `node` = 'admin/merchannel/index' LIMIT 1 [ RunTime:0.053482s ]
[ sql ] [ SQL ] SHOW COLUMNS FROM `system_config` [ RunTime:0.053968s ]
[ sql ] [ SQL ] SELECT `name`,`value` FROM `system_config` [ RunTime:0.053313s ]
[ sql ] [ SQL ] SHOW COLUMNS FROM `pay_merchannel` [ RunTime:0.054898s ]
[ sql ] [ SQL ] SELECT COUNT(*) AS tp_count FROM `pay_merchannel` `b` LEFT JOIN `pay_channellink` `a` ON `a`.`merCId`=`b`.`id` LEFT JOIN `pay_channel` `c` ON `a`.`cId`=`c`.`id` LEFT JOIN `system_user` `d` ON `b`.`uId`=`d`.`id` LEFT JOIN `pay_merchannel` `e` ON `b`.`parentId`=`e`.`id` LIMIT 1 [ RunTime:0.054168s ]
[ sql ] [ SQL ] SELECT `b`.`id` AS `mId`,`b`.`name` AS `mName`,`b`.`parentId` AS `mParentId`,`b`.`uId` AS `uId`,`b`.`url` AS `mUrl`,`b`.`descript` AS `mDescript`,`b`.`create_time` AS `mCreateTime`,`b`.`update_time` AS `mUpdateTime`,`b`.`key` AS `mKey`,`b`.`rate` AS `mRate`,`b`.`status` AS `mStatus`,`c`.`name` AS `cName`,`d`.`username` AS `username`,`e`.`name` AS `parentName` FROM `pay_merchannel` `b` LEFT JOIN `pay_channellink` `a` ON `a`.`merCId`=`b`.`id` LEFT JOIN `pay_channel` `c` ON `a`.`cId`=`c`.`id` LEFT JOIN `system_user` `d` ON `b`.`uId`=`d`.`id` LEFT JOIN `pay_merchannel` `e` ON `b`.`parentId`=`e`.`id` LIMIT 0,20 [ RunTime:0.053566s ]
---------------------------------------------------------------
[ 2018-07-13T15:41:48+08:00 ] 127.0.0.1 GET /pay/admin/merchannel/config.html?id=5&spm=m-114-117&open_type=modal
[ sql ] [ DB ] CONNECT:[ UseTime:0.100225s ] mysql:host=bdm26827513.my3w.com;port=3306;dbname=bdm26827513_db;charset=utf8
[ sql ] [ SQL ] SHOW COLUMNS FROM `system_node` [ RunTime:0.064742s ]
[ sql ] [ SQL ] SELECT * FROM `system_node` WHERE  `node` = 'admin/merchannel/config' LIMIT 1 [ RunTime:0.063937s ]
[ sql ] [ SQL ] SHOW COLUMNS FROM `pay_channel` [ RunTime:0.065566s ]
[ sql ] [ SQL ] SELECT * FROM `pay_channel` [ RunTime:0.064979s ]
[ sql ] [ SQL ] SHOW COLUMNS FROM `pay_channellink` [ RunTime:0.067170s ]
[ sql ] [ SQL ] SELECT * FROM `pay_channellink` WHERE  ( `merCId` = 5 AND `merCId` = 5 ) LIMIT 1 [ RunTime:0.063584s ]
[ sql ] [ SQL ] SHOW COLUMNS FROM `system_config` [ RunTime:0.064277s ]
[ sql ] [ SQL ] SELECT `name`,`value` FROM `system_config` [ RunTime:0.064447s ]
---------------------------------------------------------------
[ 2018-07-13T15:41:56+08:00 ] 127.0.0.1 POST /pay/admin/merchannel/config.html?id=5&spm=m-114-117&open_type=modal
[ sql ] [ DB ] CONNECT:[ UseTime:0.083374s ] mysql:host=bdm26827513.my3w.com;port=3306;dbname=bdm26827513_db;charset=utf8
[ sql ] [ SQL ] SHOW COLUMNS FROM `system_node` [ RunTime:0.054536s ]
[ sql ] [ SQL ] SELECT * FROM `system_node` WHERE  `node` = 'admin/merchannel/config' LIMIT 1 [ RunTime:0.054997s ]
[ sql ] [ SQL ] SHOW COLUMNS FROM `pay_channel` [ RunTime:0.054807s ]
[ sql ] [ SQL ] SELECT * FROM `pay_channel` [ RunTime:0.054839s ]
[ sql ] [ SQL ] SHOW COLUMNS FROM `pay_channellink` [ RunTime:0.054076s ]
[ sql ] [ SQL ] SELECT COUNT(*) AS tp_count FROM `pay_channellink` WHERE  `merCId` = 1 LIMIT 1 [ RunTime:0.053806s ]
[ sql ] [ SQL ] UPDATE `pay_channellink`  SET `cId`=4,`info`='扫码',`id`=1,`merCId`=1,`update_time`=1531467716  WHERE  `merCId` = 1 [ RunTime:0.053775s ]
---------------------------------------------------------------
[ 2018-07-13T15:41:59+08:00 ] 127.0.0.1 GET /pay/admin/merchannel/index.html?spm=m-114-117
[ sql ] [ DB ] CONNECT:[ UseTime:0.117089s ] mysql:host=bdm26827513.my3w.com;port=3306;dbname=bdm26827513_db;charset=utf8
[ sql ] [ SQL ] SHOW COLUMNS FROM `system_node` [ RunTime:0.075779s ]
[ sql ] [ SQL ] SELECT * FROM `system_node` WHERE  `node` = 'admin/merchannel/index' LIMIT 1 [ RunTime:0.077126s ]
[ sql ] [ SQL ] SHOW COLUMNS FROM `system_config` [ RunTime:0.075796s ]
[ sql ] [ SQL ] SELECT `name`,`value` FROM `system_config` [ RunTime:0.074796s ]
[ sql ] [ SQL ] SHOW COLUMNS FROM `pay_merchannel` [ RunTime:0.075692s ]
[ sql ] [ SQL ] SELECT COUNT(*) AS tp_count FROM `pay_merchannel` `b` LEFT JOIN `pay_channellink` `a` ON `a`.`merCId`=`b`.`id` LEFT JOIN `pay_channel` `c` ON `a`.`cId`=`c`.`id` LEFT JOIN `system_user` `d` ON `b`.`uId`=`d`.`id` LEFT JOIN `pay_merchannel` `e` ON `b`.`parentId`=`e`.`id` LIMIT 1 [ RunTime:0.075098s ]
[ sql ] [ SQL ] SELECT `b`.`id` AS `mId`,`b`.`name` AS `mName`,`b`.`parentId` AS `mParentId`,`b`.`uId` AS `uId`,`b`.`url` AS `mUrl`,`b`.`descript` AS `mDescript`,`b`.`create_time` AS `mCreateTime`,`b`.`update_time` AS `mUpdateTime`,`b`.`key` AS `mKey`,`b`.`rate` AS `mRate`,`b`.`status` AS `mStatus`,`c`.`name` AS `cName`,`d`.`username` AS `username`,`e`.`name` AS `parentName` FROM `pay_merchannel` `b` LEFT JOIN `pay_channellink` `a` ON `a`.`merCId`=`b`.`id` LEFT JOIN `pay_channel` `c` ON `a`.`cId`=`c`.`id` LEFT JOIN `system_user` `d` ON `b`.`uId`=`d`.`id` LEFT JOIN `pay_merchannel` `e` ON `b`.`parentId`=`e`.`id` LIMIT 0,20 [ RunTime:0.083716s ]
---------------------------------------------------------------
[ 2018-07-13T15:42:02+08:00 ] 127.0.0.1 GET /pay/admin/merchannel/config.html?id=5&spm=m-114-117&open_type=modal
[ sql ] [ DB ] CONNECT:[ UseTime:0.098460s ] mysql:host=bdm26827513.my3w.com;port=3306;dbname=bdm26827513_db;charset=utf8
[ sql ] [ SQL ] SHOW COLUMNS FROM `system_node` [ RunTime:0.064575s ]
[ sql ] [ SQL ] SELECT * FROM `system_node` WHERE  `node` = 'admin/merchannel/config' LIMIT 1 [ RunTime:0.064818s ]
[ sql ] [ SQL ] SHOW COLUMNS FROM `pay_channel` [ RunTime:0.064973s ]
[ sql ] [ SQL ] SELECT * FROM `pay_channel` [ RunTime:0.064403s ]
[ sql ] [ SQL ] SHOW COLUMNS FROM `pay_channellink` [ RunTime:0.064421s ]
[ sql ] [ SQL ] SELECT * FROM `pay_channellink` WHERE  ( `merCId` = 5 AND `merCId` = 5 ) LIMIT 1 [ RunTime:0.065878s ]
[ sql ] [ SQL ] SHOW COLUMNS FROM `system_config` [ RunTime:0.064134s ]
[ sql ] [ SQL ] SELECT `name`,`value` FROM `system_config` [ RunTime:0.064218s ]
---------------------------------------------------------------
[ 2018-07-13T15:42:09+08:00 ] 127.0.0.1 GET /pay/admin/merchannel/config.html?id=6&spm=m-114-117&open_type=modal
[ sql ] [ DB ] CONNECT:[ UseTime:0.099597s ] mysql:host=bdm26827513.my3w.com;port=3306;dbname=bdm26827513_db;charset=utf8
[ sql ] [ SQL ] SHOW COLUMNS FROM `system_node` [ RunTime:0.066408s ]
[ sql ] [ SQL ] SELECT * FROM `system_node` WHERE  `node` = 'admin/merchannel/config' LIMIT 1 [ RunTime:0.066196s ]
[ sql ] [ SQL ] SHOW COLUMNS FROM `pay_channel` [ RunTime:0.066228s ]
[ sql ] [ SQL ] SELECT * FROM `pay_channel` [ RunTime:0.065848s ]
[ sql ] [ SQL ] SHOW COLUMNS FROM `pay_channellink` [ RunTime:0.065412s ]
[ sql ] [ SQL ] SELECT * FROM `pay_channellink` WHERE  ( `merCId` = 6 AND `merCId` = 6 ) LIMIT 1 [ RunTime:0.066375s ]
[ sql ] [ SQL ] SHOW COLUMNS FROM `system_config` [ RunTime:0.066142s ]
[ sql ] [ SQL ] SELECT `name`,`value` FROM `system_config` [ RunTime:0.065361s ]
---------------------------------------------------------------
[ 2018-07-13T15:42:13+08:00 ] 127.0.0.1 GET /pay/admin/merchannel/config.html?id=5&spm=m-114-117&open_type=modal
[ sql ] [ DB ] CONNECT:[ UseTime:0.097404s ] mysql:host=bdm26827513.my3w.com;port=3306;dbname=bdm26827513_db;charset=utf8
[ sql ] [ SQL ] SHOW COLUMNS FROM `system_node` [ RunTime:0.064246s ]
[ sql ] [ SQL ] SELECT * FROM `system_node` WHERE  `node` = 'admin/merchannel/config' LIMIT 1 [ RunTime:0.063090s ]
[ sql ] [ SQL ] SHOW COLUMNS FROM `pay_channel` [ RunTime:0.063930s ]
[ sql ] [ SQL ] SELECT * FROM `pay_channel` [ RunTime:0.063857s ]
[ sql ] [ SQL ] SHOW COLUMNS FROM `pay_channellink` [ RunTime:0.064262s ]
[ sql ] [ SQL ] SELECT * FROM `pay_channellink` WHERE  ( `merCId` = 5 AND `merCId` = 5 ) LIMIT 1 [ RunTime:0.063853s ]
[ sql ] [ SQL ] SHOW COLUMNS FROM `system_config` [ RunTime:0.064483s ]
[ sql ] [ SQL ] SELECT `name`,`value` FROM `system_config` [ RunTime:0.063928s ]
---------------------------------------------------------------
[ 2018-07-13T15:42:17+08:00 ] 127.0.0.1 POST /pay/admin/merchannel/config.html?id=5&spm=m-114-117&open_type=modal
[ sql ] [ DB ] CONNECT:[ UseTime:0.101366s ] mysql:host=bdm26827513.my3w.com;port=3306;dbname=bdm26827513_db;charset=utf8
[ sql ] [ SQL ] SHOW COLUMNS FROM `system_node` [ RunTime:0.066836s ]
[ sql ] [ SQL ] SELECT * FROM `system_node` WHERE  `node` = 'admin/merchannel/config' LIMIT 1 [ RunTime:0.066098s ]
[ sql ] [ SQL ] SHOW COLUMNS FROM `pay_channel` [ RunTime:0.067235s ]
[ sql ] [ SQL ] SELECT * FROM `pay_channel` [ RunTime:0.065869s ]
[ sql ] [ SQL ] SHOW COLUMNS FROM `pay_channellink` [ RunTime:0.067358s ]
[ sql ] [ SQL ] SELECT COUNT(*) AS tp_count FROM `pay_channellink` WHERE  `merCId` = 1 LIMIT 1 [ RunTime:0.065796s ]
[ sql ] [ SQL ] UPDATE `pay_channellink`  SET `cId`=4,`info`='',`id`=1,`merCId`=1,`update_time`=1531467737  WHERE  `merCId` = 1 [ RunTime:0.066034s ]
---------------------------------------------------------------
[ 2018-07-13T15:42:20+08:00 ] 127.0.0.1 GET /pay/admin/merchannel/index.html?spm=m-114-117
[ sql ] [ DB ] CONNECT:[ UseTime:0.087945s ] mysql:host=bdm26827513.my3w.com;port=3306;dbname=bdm26827513_db;charset=utf8
[ sql ] [ SQL ] SHOW COLUMNS FROM `system_node` [ RunTime:0.056726s ]
[ sql ] [ SQL ] SELECT * FROM `system_node` WHERE  `node` = 'admin/merchannel/index' LIMIT 1 [ RunTime:0.055602s ]
[ sql ] [ SQL ] SHOW COLUMNS FROM `system_config` [ RunTime:0.056091s ]
[ sql ] [ SQL ] SELECT `name`,`value` FROM `system_config` [ RunTime:0.056633s ]
[ sql ] [ SQL ] SHOW COLUMNS FROM `pay_merchannel` [ RunTime:0.056780s ]
[ sql ] [ SQL ] SELECT COUNT(*) AS tp_count FROM `pay_merchannel` `b` LEFT JOIN `pay_channellink` `a` ON `a`.`merCId`=`b`.`id` LEFT JOIN `pay_channel` `c` ON `a`.`cId`=`c`.`id` LEFT JOIN `system_user` `d` ON `b`.`uId`=`d`.`id` LEFT JOIN `pay_merchannel` `e` ON `b`.`parentId`=`e`.`id` LIMIT 1 [ RunTime:0.055984s ]
[ sql ] [ SQL ] SELECT `b`.`id` AS `mId`,`b`.`name` AS `mName`,`b`.`parentId` AS `mParentId`,`b`.`uId` AS `uId`,`b`.`url` AS `mUrl`,`b`.`descript` AS `mDescript`,`b`.`create_time` AS `mCreateTime`,`b`.`update_time` AS `mUpdateTime`,`b`.`key` AS `mKey`,`b`.`rate` AS `mRate`,`b`.`status` AS `mStatus`,`c`.`name` AS `cName`,`d`.`username` AS `username`,`e`.`name` AS `parentName` FROM `pay_merchannel` `b` LEFT JOIN `pay_channellink` `a` ON `a`.`merCId`=`b`.`id` LEFT JOIN `pay_channel` `c` ON `a`.`cId`=`c`.`id` LEFT JOIN `system_user` `d` ON `b`.`uId`=`d`.`id` LEFT JOIN `pay_merchannel` `e` ON `b`.`parentId`=`e`.`id` LIMIT 0,20 [ RunTime:0.056483s ]
---------------------------------------------------------------
[ 2018-07-13T15:42:24+08:00 ] 127.0.0.1 GET /pay/admin/channel/index.html?spm=m-114-118
[ sql ] [ DB ] CONNECT:[ UseTime:0.114163s ] mysql:host=bdm26827513.my3w.com;port=3306;dbname=bdm26827513_db;charset=utf8
[ sql ] [ SQL ] SHOW COLUMNS FROM `system_node` [ RunTime:0.075145s ]
[ sql ] [ SQL ] SELECT * FROM `system_node` WHERE  `node` = 'admin/channel/index' LIMIT 1 [ RunTime:0.074240s ]
[ sql ] [ SQL ] SHOW COLUMNS FROM `system_config` [ RunTime:0.074549s ]
[ sql ] [ SQL ] SELECT `name`,`value` FROM `system_config` [ RunTime:0.074371s ]
[ sql ] [ SQL ] SHOW COLUMNS FROM `pay_channel` [ RunTime:0.077880s ]
[ sql ] [ SQL ] SELECT COUNT(*) AS tp_count FROM `pay_channel` `a` LEFT JOIN `pay_channel` `b` ON `a`.`parentId`=`b`.`id` LEFT JOIN `system_user` `d` ON `a`.`uId`=`d`.`id` LIMIT 1 [ RunTime:0.073945s ]
[ sql ] [ SQL ] SELECT `a`.`id`,`a`.`uId` AS `uId`,`a`.`name`,`a`.`parentId`,`a`.`param`,`a`.`key`,`a`.`url`,`a`.`descript`,`a`.`create_time`,`a`.`update_time`,`a`.`api`,`a`.`channelRate`,`a`.`status`,`a`.`appId`,`a`.`return_url`,`a`.`notify_url`,`b`.`name` AS `parentName`,`d`.`username` AS `createName` FROM `pay_channel` `a` LEFT JOIN `pay_channel` `b` ON `a`.`parentId`=`b`.`id` LEFT JOIN `system_user` `d` ON `a`.`uId`=`d`.`id` LIMIT 0,20 [ RunTime:0.074134s ]
---------------------------------------------------------------
[ 2018-07-13T15:42:28+08:00 ] 127.0.0.1 GET /pay/admin/channel/edit.html?id=3&spm=m-114-118&open_type=modal
[ sql ] [ DB ] CONNECT:[ UseTime:0.117213s ] mysql:host=bdm26827513.my3w.com;port=3306;dbname=bdm26827513_db;charset=utf8
[ sql ] [ SQL ] SHOW COLUMNS FROM `system_node` [ RunTime:0.077678s ]
[ sql ] [ SQL ] SELECT * FROM `system_node` WHERE  `node` = 'admin/channel/edit' LIMIT 1 [ RunTime:0.075861s ]
[ sql ] [ SQL ] SHOW COLUMNS FROM `pay_channel` [ RunTime:0.076546s ]
[ sql ] [ SQL ] SELECT * FROM `pay_channel` WHERE  `id` = 3 LIMIT 1 [ RunTime:0.076813s ]
[ sql ] [ SQL ] SHOW COLUMNS FROM `system_config` [ RunTime:0.075588s ]
[ sql ] [ SQL ] SELECT `name`,`value` FROM `system_config` [ RunTime:0.076069s ]
---------------------------------------------------------------
[ 2018-07-13T15:42:36+08:00 ] 127.0.0.1 POST /pay/admin/channel/edit.html?id=3&spm=m-114-118&open_type=modal
[ sql ] [ DB ] CONNECT:[ UseTime:0.117342s ] mysql:host=bdm26827513.my3w.com;port=3306;dbname=bdm26827513_db;charset=utf8
[ sql ] [ SQL ] SHOW COLUMNS FROM `system_node` [ RunTime:0.076161s ]
[ sql ] [ SQL ] SELECT * FROM `system_node` WHERE  `node` = 'admin/channel/edit' LIMIT 1 [ RunTime:0.075726s ]
[ sql ] [ SQL ] SHOW COLUMNS FROM `pay_channel` [ RunTime:0.077114s ]
[ sql ] [ SQL ] SELECT COUNT(*) AS tp_count FROM `pay_channel` WHERE  `id` = 3 LIMIT 1 [ RunTime:0.076875s ]
[ sql ] [ SQL ] UPDATE `pay_channel`  SET `name`='支付宝转账',`parentId`=3,`param`='cn.sanlicun.action.alipay',`appId`='1',`key`='123456',`url`='1',`api`='app\\pay\\service\\AliPaySelf',`channelRate`=0,`status`=1,`notify_url`='1',`return_url`='1',`descript`='1',`id`=3,`update_time`=1531467756  WHERE  `id` = 3 [ RunTime:0.076820s ]
---------------------------------------------------------------
[ 2018-07-13T15:42:39+08:00 ] 127.0.0.1 GET /pay/admin/channel/index.html?spm=m-114-118
[ sql ] [ DB ] CONNECT:[ UseTime:0.099857s ] mysql:host=bdm26827513.my3w.com;port=3306;dbname=bdm26827513_db;charset=utf8
[ sql ] [ SQL ] SHOW COLUMNS FROM `system_node` [ RunTime:0.064566s ]
[ sql ] [ SQL ] SELECT * FROM `system_node` WHERE  `node` = 'admin/channel/index' LIMIT 1 [ RunTime:0.064215s ]
[ sql ] [ SQL ] SHOW COLUMNS FROM `system_config` [ RunTime:0.064914s ]
[ sql ] [ SQL ] SELECT `name`,`value` FROM `system_config` [ RunTime:0.064321s ]
[ sql ] [ SQL ] SHOW COLUMNS FROM `pay_channel` [ RunTime:0.065937s ]
[ sql ] [ SQL ] SELECT COUNT(*) AS tp_count FROM `pay_channel` `a` LEFT JOIN `pay_channel` `b` ON `a`.`parentId`=`b`.`id` LEFT JOIN `system_user` `d` ON `a`.`uId`=`d`.`id` LIMIT 1 [ RunTime:0.063902s ]
[ sql ] [ SQL ] SELECT `a`.`id`,`a`.`uId` AS `uId`,`a`.`name`,`a`.`parentId`,`a`.`param`,`a`.`key`,`a`.`url`,`a`.`descript`,`a`.`create_time`,`a`.`update_time`,`a`.`api`,`a`.`channelRate`,`a`.`status`,`a`.`appId`,`a`.`return_url`,`a`.`notify_url`,`b`.`name` AS `parentName`,`d`.`username` AS `createName` FROM `pay_channel` `a` LEFT JOIN `pay_channel` `b` ON `a`.`parentId`=`b`.`id` LEFT JOIN `system_user` `d` ON `a`.`uId`=`d`.`id` LIMIT 0,20 [ RunTime:0.064861s ]
---------------------------------------------------------------
[ 2018-07-13T15:42:42+08:00 ] 127.0.0.1 GET /pay/admin/channel/edit.html?id=4&spm=m-114-118&open_type=modal
[ sql ] [ DB ] CONNECT:[ UseTime:0.099672s ] mysql:host=bdm26827513.my3w.com;port=3306;dbname=bdm26827513_db;charset=utf8
[ sql ] [ SQL ] SHOW COLUMNS FROM `system_node` [ RunTime:0.065330s ]
[ sql ] [ SQL ] SELECT * FROM `system_node` WHERE  `node` = 'admin/channel/edit' LIMIT 1 [ RunTime:0.064254s ]
[ sql ] [ SQL ] SHOW COLUMNS FROM `pay_channel` [ RunTime:0.065927s ]
[ sql ] [ SQL ] SELECT * FROM `pay_channel` WHERE  `id` = 4 LIMIT 1 [ RunTime:0.066052s ]
[ sql ] [ SQL ] SHOW COLUMNS FROM `system_config` [ RunTime:0.065973s ]
[ sql ] [ SQL ] SELECT `name`,`value` FROM `system_config` [ RunTime:0.066206s ]
---------------------------------------------------------------
[ 2018-07-13T15:42:50+08:00 ] 127.0.0.1 POST /pay/admin/channel/edit.html?id=4&spm=m-114-118&open_type=modal
[ sql ] [ DB ] CONNECT:[ UseTime:0.117270s ] mysql:host=bdm26827513.my3w.com;port=3306;dbname=bdm26827513_db;charset=utf8
[ sql ] [ SQL ] SHOW COLUMNS FROM `system_node` [ RunTime:0.076355s ]
[ sql ] [ SQL ] SELECT * FROM `system_node` WHERE  `node` = 'admin/channel/edit' LIMIT 1 [ RunTime:0.075438s ]
[ sql ] [ SQL ] SHOW COLUMNS FROM `pay_channel` [ RunTime:0.076104s ]
[ sql ] [ SQL ] SELECT COUNT(*) AS tp_count FROM `pay_channel` WHERE  `id` = 4 LIMIT 1 [ RunTime:0.075949s ]
[ sql ] [ SQL ] UPDATE `pay_channel`  SET `name`='微信转账',`parentId`=3,`param`='cn.sanlicun.action.wechat',`appId`='1',`key`='1',`url`='1',`api`='app\\pay\\service\\AliPaySelf',`channelRate`=0.8,`status`=1,`notify_url`='1',`return_url`='1',`descript`='1',`id`=4,`update_time`=1531467770  WHERE  `id` = 4 [ RunTime:0.076265s ]
---------------------------------------------------------------
[ 2018-07-13T15:42:53+08:00 ] 127.0.0.1 GET /pay/admin/channel/index.html?spm=m-114-118
[ sql ] [ DB ] CONNECT:[ UseTime:0.119115s ] mysql:host=bdm26827513.my3w.com;port=3306;dbname=bdm26827513_db;charset=utf8
[ sql ] [ SQL ] SHOW COLUMNS FROM `system_node` [ RunTime:0.078267s ]
[ sql ] [ SQL ] SELECT * FROM `system_node` WHERE  `node` = 'admin/channel/index' LIMIT 1 [ RunTime:0.076288s ]
[ sql ] [ SQL ] SHOW COLUMNS FROM `system_config` [ RunTime:0.076536s ]
[ sql ] [ SQL ] SELECT `name`,`value` FROM `system_config` [ RunTime:0.076512s ]
[ sql ] [ SQL ] SHOW COLUMNS FROM `pay_channel` [ RunTime:0.077451s ]
[ sql ] [ SQL ] SELECT COUNT(*) AS tp_count FROM `pay_channel` `a` LEFT JOIN `pay_channel` `b` ON `a`.`parentId`=`b`.`id` LEFT JOIN `system_user` `d` ON `a`.`uId`=`d`.`id` LIMIT 1 [ RunTime:0.077750s ]
[ sql ] [ SQL ] SELECT `a`.`id`,`a`.`uId` AS `uId`,`a`.`name`,`a`.`parentId`,`a`.`param`,`a`.`key`,`a`.`url`,`a`.`descript`,`a`.`create_time`,`a`.`update_time`,`a`.`api`,`a`.`channelRate`,`a`.`status`,`a`.`appId`,`a`.`return_url`,`a`.`notify_url`,`b`.`name` AS `parentName`,`d`.`username` AS `createName` FROM `pay_channel` `a` LEFT JOIN `pay_channel` `b` ON `a`.`parentId`=`b`.`id` LEFT JOIN `system_user` `d` ON `a`.`uId`=`d`.`id` LIMIT 0,20 [ RunTime:0.077949s ]
---------------------------------------------------------------
[ 2018-07-13T15:42:57+08:00 ] 127.0.0.1 GET /pay/admin/merchannel/index.html?spm=m-114-117
[ sql ] [ DB ] CONNECT:[ UseTime:0.102680s ] mysql:host=bdm26827513.my3w.com;port=3306;dbname=bdm26827513_db;charset=utf8
[ sql ] [ SQL ] SHOW COLUMNS FROM `system_node` [ RunTime:0.066135s ]
[ sql ] [ SQL ] SELECT * FROM `system_node` WHERE  `node` = 'admin/merchannel/index' LIMIT 1 [ RunTime:0.066416s ]
[ sql ] [ SQL ] SHOW COLUMNS FROM `system_config` [ RunTime:0.066270s ]
[ sql ] [ SQL ] SELECT `name`,`value` FROM `system_config` [ RunTime:0.066615s ]
[ sql ] [ SQL ] SHOW COLUMNS FROM `pay_merchannel` [ RunTime:0.067110s ]
[ sql ] [ SQL ] SELECT COUNT(*) AS tp_count FROM `pay_merchannel` `b` LEFT JOIN `pay_channellink` `a` ON `a`.`merCId`=`b`.`id` LEFT JOIN `pay_channel` `c` ON `a`.`cId`=`c`.`id` LEFT JOIN `system_user` `d` ON `b`.`uId`=`d`.`id` LEFT JOIN `pay_merchannel` `e` ON `b`.`parentId`=`e`.`id` LIMIT 1 [ RunTime:0.066598s ]
[ sql ] [ SQL ] SELECT `b`.`id` AS `mId`,`b`.`name` AS `mName`,`b`.`parentId` AS `mParentId`,`b`.`uId` AS `uId`,`b`.`url` AS `mUrl`,`b`.`descript` AS `mDescript`,`b`.`create_time` AS `mCreateTime`,`b`.`update_time` AS `mUpdateTime`,`b`.`key` AS `mKey`,`b`.`rate` AS `mRate`,`b`.`status` AS `mStatus`,`c`.`name` AS `cName`,`d`.`username` AS `username`,`e`.`name` AS `parentName` FROM `pay_merchannel` `b` LEFT JOIN `pay_channellink` `a` ON `a`.`merCId`=`b`.`id` LEFT JOIN `pay_channel` `c` ON `a`.`cId`=`c`.`id` LEFT JOIN `system_user` `d` ON `b`.`uId`=`d`.`id` LEFT JOIN `pay_merchannel` `e` ON `b`.`parentId`=`e`.`id` LIMIT 0,20 [ RunTime:0.066755s ]
---------------------------------------------------------------
[ 2018-07-13T15:43:02+08:00 ] 127.0.0.1 GET /pay/admin/channel/index.html?spm=m-114-118
[ sql ] [ DB ] CONNECT:[ UseTime:0.098227s ] mysql:host=bdm26827513.my3w.com;port=3306;dbname=bdm26827513_db;charset=utf8
[ sql ] [ SQL ] SHOW COLUMNS FROM `system_node` [ RunTime:0.064534s ]
[ sql ] [ SQL ] SELECT * FROM `system_node` WHERE  `node` = 'admin/channel/index' LIMIT 1 [ RunTime:0.064407s ]
[ sql ] [ SQL ] SHOW COLUMNS FROM `system_config` [ RunTime:0.064765s ]
[ sql ] [ SQL ] SELECT `name`,`value` FROM `system_config` [ RunTime:0.064536s ]
[ sql ] [ SQL ] SHOW COLUMNS FROM `pay_channel` [ RunTime:0.065613s ]
[ sql ] [ SQL ] SELECT COUNT(*) AS tp_count FROM `pay_channel` `a` LEFT JOIN `pay_channel` `b` ON `a`.`parentId`=`b`.`id` LEFT JOIN `system_user` `d` ON `a`.`uId`=`d`.`id` LIMIT 1 [ RunTime:0.064063s ]
[ sql ] [ SQL ] SELECT `a`.`id`,`a`.`uId` AS `uId`,`a`.`name`,`a`.`parentId`,`a`.`param`,`a`.`key`,`a`.`url`,`a`.`descript`,`a`.`create_time`,`a`.`update_time`,`a`.`api`,`a`.`channelRate`,`a`.`status`,`a`.`appId`,`a`.`return_url`,`a`.`notify_url`,`b`.`name` AS `parentName`,`d`.`username` AS `createName` FROM `pay_channel` `a` LEFT JOIN `pay_channel` `b` ON `a`.`parentId`=`b`.`id` LEFT JOIN `system_user` `d` ON `a`.`uId`=`d`.`id` LIMIT 0,20 [ RunTime:0.064658s ]
---------------------------------------------------------------
[ 2018-07-13T15:43:46+08:00 ] 127.0.0.1 GET /pay/demo/pay/index.html?spm=m-87-128
[ sql ] [ DB ] CONNECT:[ UseTime:0.100575s ] mysql:host=bdm26827513.my3w.com;port=3306;dbname=bdm26827513_db;charset=utf8
[ sql ] [ SQL ] SHOW COLUMNS FROM `system_node` [ RunTime:0.066479s ]
[ sql ] [ SQL ] SELECT * FROM `system_node` WHERE  `node` = 'demo/pay/index' LIMIT 1 [ RunTime:0.065840s ]
[ sql ] [ SQL ] SHOW COLUMNS FROM `system_config` [ RunTime:0.066445s ]
[ sql ] [ SQL ] SELECT `name`,`value` FROM `system_config` [ RunTime:0.066272s ]
---------------------------------------------------------------
[ 2018-07-13T15:44:09+08:00 ] 127.0.0.1 POST /pay/api/5a570d64428ca
[ sql ] [ DB ] CONNECT:[ UseTime:0.101767s ] mysql:host=bdm26827513.my3w.com;port=3306;dbname=bdm26827513_db;charset=utf8
[ sql ] [ SQL ] SHOW COLUMNS FROM `api_list` [ RunTime:0.066751s ]
[ sql ] [ SQL ] SELECT * FROM `api_list` WHERE  `hash` = '5a570d64428ca' LIMIT 1 [ RunTime:0.066182s ]
[ sql ] [ SQL ] SHOW COLUMNS FROM `system_config` [ RunTime:0.066093s ]
[ sql ] [ SQL ] SELECT `name`,`value` FROM `system_config` [ RunTime:0.066184s ]
[ sql ] [ SQL ] SHOW COLUMNS FROM `system_node` [ RunTime:0.066599s ]
[ sql ] [ SQL ] SELECT * FROM `system_node` WHERE  `node` = 'api/index/index' LIMIT 1 [ RunTime:0.066394s ]
[ sql ] [ SQL ] SHOW COLUMNS FROM `pay_order` [ RunTime:0.066416s ]
[ sql ] [ SQL ] SELECT * FROM `pay_order` WHERE  `OrderID` = '1531467826' [ RunTime:0.066351s ]
[ sql ] [ SQL ] SHOW COLUMNS FROM `pay_channellink` [ RunTime:0.066303s ]
[ sql ] [ SQL ] SELECT `b`.`id` AS `mId`,`b`.`name` AS `mName`,`b`.`parentId` AS `mParentId`,`b`.`uId` AS `mUId`,`b`.`url` AS `mUrl`,`b`.`descript` AS `mDescript`,`b`.`create_time` AS `mCreateTime`,`b`.`update_time` AS `mUpdateTime`,`b`.`key` AS `mKey`,`b`.`rate` AS `mRate`,`b`.`status` AS `mStatus`,`c`.`name` AS `cName`,`c`.`channelRate` AS `channelRate`,`c`.`api` AS `api`,`a`.`cId` AS `cId`,`c`.`appId` AS `appId`,`c`.`url` AS `url`,`c`.`param` AS `param`,`c`.`notify_url` AS `cNotifyUrl`,`c`.`status` AS `channelStatus` FROM `pay_channellink` `a` INNER JOIN `pay_merchannel` `b` ON `a`.`merCId`=`b`.`id` INNER JOIN `pay_channel` `c` ON `a`.`cId`=`c`.`id` WHERE  `b`.`id` = '5' LIMIT 1 [ RunTime:0.067206s ]
[ sql ] [ SQL ] INSERT INTO `pay_order` (`orderId` , `uId` , `orderDate` , `tradeMoney` , `orderMoney` , `merMoney` , `channelMoney` , `rateMoney` , `channelId` , `returnUrl` , `notifyUrl` , `merChannel` , `cTime` , `mTime` , `productName` , `bank` , `skuId` , `orderType`) VALUES ('1531467826' , 10000 , '1531467826' , 0.01 , 0.01 , 0.0099 , 0.008 , -0.0079 , 4 , 'http://www.baidu.com' , 'http://www.baidu.com' , 5 , 1531467836 , 1531467836 , '测试' , '{}' , 0 , 0) [ RunTime:0.066377s ]
[ sql ] [ SQL ] SELECT * FROM `pay_order` WHERE  `id` = 256 LIMIT 1 [ RunTime:0.065830s ]
[ sql ] [ SQL ] SHOW COLUMNS FROM `sys_device` [ RunTime:0.065965s ]
[ sql ] [ SQL ] SELECT * FROM `sys_device` ORDER BY `mTime` LIMIT 1 [ RunTime:0.065802s ]
[ sql ] [ SQL ] SHOW COLUMNS FROM `pay_notify` [ RunTime:0.066714s ]
[ sql ] [ SQL ] INSERT INTO `pay_notify` (`title` , `linkId` , `cTime` , `mTime`) VALUES ('test' , 256 , 1531467836 , 1531467836) [ RunTime:0.065790s ]
[ sql ] [ SQL ] SELECT * FROM `pay_order` WHERE  `id` = 256 LIMIT 1 [ RunTime:0.065984s ]
[ sql ] [ SQL ] SELECT * FROM `pay_order` WHERE  `id` = 256 LIMIT 1 [ RunTime:0.065354s ]
[ sql ] [ SQL ] SELECT * FROM `pay_order` WHERE  `id` = 256 LIMIT 1 [ RunTime:0.066039s ]
[ sql ] [ SQL ] SELECT * FROM `pay_order` WHERE  `id` = 256 LIMIT 1 [ RunTime:0.065658s ]
---------------------------------------------------------------
[ 2018-07-13T15:44:09+08:00 ] 127.0.0.1 POST /pay/demo/pay/index.html?spm=m-87-128
[ sql ] [ DB ] CONNECT:[ UseTime:0.100335s ] mysql:host=bdm26827513.my3w.com;port=3306;dbname=bdm26827513_db;charset=utf8
[ sql ] [ SQL ] SHOW COLUMNS FROM `system_node` [ RunTime:0.066557s ]
[ sql ] [ SQL ] SELECT * FROM `system_node` WHERE  `node` = 'demo/pay/index' LIMIT 1 [ RunTime:0.066257s ]
---------------------------------------------------------------
[ 2018-07-13T15:44:13+08:00 ] 127.0.0.1 GET /pay/admin.html
[ sql ] [ DB ] CONNECT:[ UseTime:0.099491s ] mysql:host=bdm26827513.my3w.com;port=3306;dbname=bdm26827513_db;charset=utf8
[ sql ] [ SQL ] SHOW COLUMNS FROM `system_node` [ RunTime:0.064409s ]
[ sql ] [ SQL ] SELECT * FROM `system_node` WHERE  `node` = 'admin/index/index' LIMIT 1 [ RunTime:0.063870s ]
[ sql ] [ SQL ] SHOW COLUMNS FROM `system_user` [ RunTime:0.064667s ]
[ sql ] [ SQL ] SELECT * FROM `system_user` WHERE  `id` = 10000 LIMIT 1 [ RunTime:0.063961s ]
[ sql ] [ SQL ] SHOW COLUMNS FROM `system_auth` [ RunTime:0.066394s ]
[ sql ] [ SQL ] SELECT `id` FROM `system_auth` WHERE  `id` IN (301,302,303,304)  AND `status` = 1 [ RunTime:0.064888s ]
[ sql ] [ SQL ] SHOW COLUMNS FROM `system_menu` [ RunTime:0.064547s ]
[ sql ] [ SQL ] SELECT * FROM `system_menu` WHERE  `status` = 1 ORDER BY `sort` ASC,`id` ASC [ RunTime:0.064610s ]
[ sql ] [ SQL ] SELECT `node`,`is_menu`,`is_auth`,`is_login`,`title` FROM `system_node` [ RunTime:0.064802s ]
[ sql ] [ SQL ] SHOW COLUMNS FROM `system_config` [ RunTime:0.064954s ]
[ sql ] [ SQL ] SELECT `name`,`value` FROM `system_config` [ RunTime:0.064346s ]
---------------------------------------------------------------
[ 2018-07-13T15:44:14+08:00 ] 127.0.0.1 GET /pay/demo/pay/index.html?spm=m-87-128
[ sql ] [ DB ] CONNECT:[ UseTime:0.098871s ] mysql:host=bdm26827513.my3w.com;port=3306;dbname=bdm26827513_db;charset=utf8
[ sql ] [ SQL ] SHOW COLUMNS FROM `system_node` [ RunTime:0.064547s ]
[ sql ] [ SQL ] SELECT * FROM `system_node` WHERE  `node` = 'demo/pay/index' LIMIT 1 [ RunTime:0.064304s ]
[ sql ] [ SQL ] SHOW COLUMNS FROM `system_config` [ RunTime:0.063724s ]
[ sql ] [ SQL ] SELECT `name`,`value` FROM `system_config` [ RunTime:0.063504s ]
---------------------------------------------------------------
[ 2018-07-13T15:44:35+08:00 ] 127.0.0.1 POST /pay/api/5a570d64428ca
[ sql ] [ DB ] CONNECT:[ UseTime:0.103128s ] mysql:host=bdm26827513.my3w.com;port=3306;dbname=bdm26827513_db;charset=utf8
[ sql ] [ SQL ] SHOW COLUMNS FROM `api_list` [ RunTime:0.068013s ]
[ sql ] [ SQL ] SELECT * FROM `api_list` WHERE  `hash` = '5a570d64428ca' LIMIT 1 [ RunTime:0.067435s ]
[ sql ] [ SQL ] SHOW COLUMNS FROM `system_config` [ RunTime:0.068519s ]
[ sql ] [ SQL ] SELECT `name`,`value` FROM `system_config` [ RunTime:0.070317s ]
[ sql ] [ SQL ] SHOW COLUMNS FROM `system_node` [ RunTime:0.068334s ]
[ sql ] [ SQL ] SELECT * FROM `system_node` WHERE  `node` = 'api/index/index' LIMIT 1 [ RunTime:0.067356s ]
[ sql ] [ SQL ] SHOW COLUMNS FROM `pay_order` [ RunTime:0.068397s ]
[ sql ] [ SQL ] SELECT * FROM `pay_order` WHERE  `OrderID` = '1531467853' [ RunTime:0.068338s ]
[ sql ] [ SQL ] SHOW COLUMNS FROM `pay_channellink` [ RunTime:0.067657s ]
[ sql ] [ SQL ] SELECT `b`.`id` AS `mId`,`b`.`name` AS `mName`,`b`.`parentId` AS `mParentId`,`b`.`uId` AS `mUId`,`b`.`url` AS `mUrl`,`b`.`descript` AS `mDescript`,`b`.`create_time` AS `mCreateTime`,`b`.`update_time` AS `mUpdateTime`,`b`.`key` AS `mKey`,`b`.`rate` AS `mRate`,`b`.`status` AS `mStatus`,`c`.`name` AS `cName`,`c`.`channelRate` AS `channelRate`,`c`.`api` AS `api`,`a`.`cId` AS `cId`,`c`.`appId` AS `appId`,`c`.`url` AS `url`,`c`.`param` AS `param`,`c`.`notify_url` AS `cNotifyUrl`,`c`.`status` AS `channelStatus` FROM `pay_channellink` `a` INNER JOIN `pay_merchannel` `b` ON `a`.`merCId`=`b`.`id` INNER JOIN `pay_channel` `c` ON `a`.`cId`=`c`.`id` WHERE  `b`.`id` = '5' LIMIT 1 [ RunTime:0.067190s ]
[ sql ] [ SQL ] INSERT INTO `pay_order` (`orderId` , `uId` , `orderDate` , `tradeMoney` , `orderMoney` , `merMoney` , `channelMoney` , `rateMoney` , `channelId` , `returnUrl` , `notifyUrl` , `merChannel` , `cTime` , `mTime` , `productName` , `bank` , `skuId` , `orderType`) VALUES ('1531467853' , 10000 , '1531467853' , 0.01 , 0.01 , 0.0099 , 0.008 , -0.0079 , 4 , 'http://www.baidu.com' , 'http://www.baidu.com' , 5 , 1531467862 , 1531467862 , '测试' , '{}' , 0 , 0) [ RunTime:0.068065s ]
[ sql ] [ SQL ] SELECT * FROM `pay_order` WHERE  `id` = 257 LIMIT 1 [ RunTime:0.067659s ]
[ sql ] [ SQL ] SHOW COLUMNS FROM `sys_device` [ RunTime:0.068030s ]
[ sql ] [ SQL ] SELECT * FROM `sys_device` ORDER BY `mTime` LIMIT 1 [ RunTime:0.066430s ]
[ sql ] [ SQL ] SHOW COLUMNS FROM `pay_notify` [ RunTime:0.068126s ]
[ sql ] [ SQL ] INSERT INTO `pay_notify` (`title` , `linkId` , `cTime` , `mTime`) VALUES ('test' , 257 , 1531467862 , 1531467862) [ RunTime:0.066954s ]
[ sql ] [ SQL ] SELECT * FROM `pay_order` WHERE  `id` = 257 LIMIT 1 [ RunTime:0.067765s ]
[ sql ] [ SQL ] SELECT * FROM `pay_order` WHERE  `id` = 257 LIMIT 1 [ RunTime:0.066727s ]
[ sql ] [ SQL ] SELECT * FROM `pay_order` WHERE  `id` = 257 LIMIT 1 [ RunTime:0.067552s ]
[ sql ] [ SQL ] SELECT * FROM `pay_order` WHERE  `id` = 257 LIMIT 1 [ RunTime:0.067917s ]
---------------------------------------------------------------
[ 2018-07-13T15:44:35+08:00 ] 127.0.0.1 POST /pay/demo/pay/index.html?spm=m-87-128
[ sql ] [ DB ] CONNECT:[ UseTime:0.110262s ] mysql:host=bdm26827513.my3w.com;port=3306;dbname=bdm26827513_db;charset=utf8
[ sql ] [ SQL ] SHOW COLUMNS FROM `system_node` [ RunTime:0.066313s ]
[ sql ] [ SQL ] SELECT * FROM `system_node` WHERE  `node` = 'demo/pay/index' LIMIT 1 [ RunTime:0.066342s ]
---------------------------------------------------------------
[ 2018-07-13T15:44:36+08:00 ] 127.0.0.1 GET /pay/admin.html
[ sql ] [ DB ] CONNECT:[ UseTime:0.099251s ] mysql:host=bdm26827513.my3w.com;port=3306;dbname=bdm26827513_db;charset=utf8
[ sql ] [ SQL ] SHOW COLUMNS FROM `system_node` [ RunTime:0.068265s ]
[ sql ] [ SQL ] SELECT * FROM `system_node` WHERE  `node` = 'admin/index/index' LIMIT 1 [ RunTime:0.064385s ]
[ sql ] [ SQL ] SHOW COLUMNS FROM `system_user` [ RunTime:0.064988s ]
[ sql ] [ SQL ] SELECT * FROM `system_user` WHERE  `id` = 10000 LIMIT 1 [ RunTime:0.065322s ]
[ sql ] [ SQL ] SHOW COLUMNS FROM `system_auth` [ RunTime:0.064974s ]
[ sql ] [ SQL ] SELECT `id` FROM `system_auth` WHERE  `id` IN (301,302,303,304)  AND `status` = 1 [ RunTime:0.064654s ]
[ sql ] [ SQL ] SHOW COLUMNS FROM `system_menu` [ RunTime:0.064568s ]
[ sql ] [ SQL ] SELECT * FROM `system_menu` WHERE  `status` = 1 ORDER BY `sort` ASC,`id` ASC [ RunTime:0.066524s ]
[ sql ] [ SQL ] SELECT `node`,`is_menu`,`is_auth`,`is_login`,`title` FROM `system_node` [ RunTime:0.064417s ]
[ sql ] [ SQL ] SHOW COLUMNS FROM `system_config` [ RunTime:0.064257s ]
[ sql ] [ SQL ] SELECT `name`,`value` FROM `system_config` [ RunTime:0.064599s ]
---------------------------------------------------------------
[ 2018-07-13T15:44:37+08:00 ] 127.0.0.1 GET /pay/demo/pay/index.html?spm=m-87-128
[ sql ] [ DB ] CONNECT:[ UseTime:0.114831s ] mysql:host=bdm26827513.my3w.com;port=3306;dbname=bdm26827513_db;charset=utf8
[ sql ] [ SQL ] SHOW COLUMNS FROM `system_node` [ RunTime:0.074572s ]
[ sql ] [ SQL ] SELECT * FROM `system_node` WHERE  `node` = 'demo/pay/index' LIMIT 1 [ RunTime:0.074144s ]
[ sql ] [ SQL ] SHOW COLUMNS FROM `system_config` [ RunTime:0.074278s ]
[ sql ] [ SQL ] SELECT `name`,`value` FROM `system_config` [ RunTime:0.073953s ]
---------------------------------------------------------------
[ 2018-07-13T15:44:59+08:00 ] 127.0.0.1 GET /pay/admin/goods/index.html?spm=m-119-121
[ sql ] [ DB ] CONNECT:[ UseTime:0.100326s ] mysql:host=bdm26827513.my3w.com;port=3306;dbname=bdm26827513_db;charset=utf8
[ sql ] [ SQL ] SHOW COLUMNS FROM `system_node` [ RunTime:0.066446s ]
[ sql ] [ SQL ] SELECT * FROM `system_node` WHERE  `node` = 'admin/goods/index' LIMIT 1 [ RunTime:0.066127s ]
[ sql ] [ SQL ] SHOW COLUMNS FROM `shop_goods` [ RunTime:0.067121s ]
[ sql ] [ SQL ] SELECT COUNT(*) AS tp_count FROM `shop_goods` `a` LEFT JOIN `shop_classes` `b` ON `b`.`id`=`a`.`classId` LIMIT 1 [ RunTime:0.065722s ]
[ sql ] [ SQL ] SELECT * FROM `shop_goods` `a` LEFT JOIN `shop_classes` `b` ON `b`.`id`=`a`.`classId` LIMIT 0,20 [ RunTime:0.067751s ]
[ sql ] [ SQL ] SHOW COLUMNS FROM `system_config` [ RunTime:0.066284s ]
[ sql ] [ SQL ] SELECT `name`,`value` FROM `system_config` [ RunTime:0.066260s ]
---------------------------------------------------------------
[ 2018-07-13T15:45:46+08:00 ] 127.0.0.1 GET /pay/admin/index/main.html?spm=m-94
[ sql ] [ DB ] CONNECT:[ UseTime:0.084836s ] mysql:host=bdm26827513.my3w.com;port=3306;dbname=bdm26827513_db;charset=utf8
[ sql ] [ SQL ] SHOW COLUMNS FROM `system_node` [ RunTime:0.055440s ]
[ sql ] [ SQL ] SELECT * FROM `system_node` WHERE  `node` = 'admin/index/main' LIMIT 1 [ RunTime:0.054448s ]
[ sql ] [ SQL ] select version() as ver [ RunTime:0.054800s ]
[ sql ] [ SQL ] SHOW COLUMNS FROM `system_config` [ RunTime:0.058764s ]
[ sql ] [ SQL ] SELECT `name`,`value` FROM `system_config` [ RunTime:0.055059s ]
---------------------------------------------------------------
[ 2018-07-13T15:45:47+08:00 ] 127.0.0.1 GET /pay/admin/order/index.html?spm=m-114-116
[ sql ] [ DB ] CONNECT:[ UseTime:0.103574s ] mysql:host=bdm26827513.my3w.com;port=3306;dbname=bdm26827513_db;charset=utf8
[ sql ] [ SQL ] SHOW COLUMNS FROM `system_node` [ RunTime:0.068467s ]
[ sql ] [ SQL ] SELECT * FROM `system_node` WHERE  `node` = 'admin/order/index' LIMIT 1 [ RunTime:0.071113s ]
[ sql ] [ SQL ] SHOW COLUMNS FROM `system_config` [ RunTime:0.068126s ]
[ sql ] [ SQL ] SELECT `name`,`value` FROM `system_config` [ RunTime:0.067668s ]
[ sql ] [ SQL ] SHOW COLUMNS FROM `pay_order` [ RunTime:0.068552s ]
[ sql ] [ SQL ] SELECT COUNT(*) AS tp_count FROM `pay_order` `a` LEFT JOIN `pay_merchannel` `b` ON `a`.`merChannel`=`b`.`id` LEFT JOIN `pay_channel` `c` ON `a`.`channelId`=`c`.`id` LEFT JOIN `system_user` `d` ON `a`.`uId`=`d`.`id` LIMIT 1 [ RunTime:0.068022s ]
[ sql ] [ SQL ] SELECT `a`.`orderId`,`a`.`id`,`a`.`uId` AS `uId`,`a`.`orderDate`,`a`.`channelMoney`,`a`.`merMoney`,`a`.`orderMoney`,`a`.`tradeMoney`,`a`.`productName`,`a`.`notifyUrl`,`a`.`returnUrl`,`a`.`cTime`,`a`.`mTime`,`a`.`status`,`a`.`rateMoney`,`a`.`bank`,`a`.`extra`,`b`.`name` AS `merChannelName`,`c`.`name` AS `channelName`,`d`.`username` AS `username` FROM `pay_order` `a` LEFT JOIN `pay_merchannel` `b` ON `a`.`merChannel`=`b`.`id` LEFT JOIN `pay_channel` `c` ON `a`.`channelId`=`c`.`id` LEFT JOIN `system_user` `d` ON `a`.`uId`=`d`.`id` LIMIT 0,20 [ RunTime:0.069081s ]
---------------------------------------------------------------
[ 2018-07-13T15:45:49+08:00 ] 127.0.0.1 GET /pay/admin/channel/index.html?spm=m-114-118
[ sql ] [ DB ] CONNECT:[ UseTime:0.116545s ] mysql:host=bdm26827513.my3w.com;port=3306;dbname=bdm26827513_db;charset=utf8
[ sql ] [ SQL ] SHOW COLUMNS FROM `system_node` [ RunTime:0.076845s ]
[ sql ] [ SQL ] SELECT * FROM `system_node` WHERE  `node` = 'admin/channel/index' LIMIT 1 [ RunTime:0.075853s ]
[ sql ] [ SQL ] SHOW COLUMNS FROM `system_config` [ RunTime:0.075995s ]
[ sql ] [ SQL ] SELECT `name`,`value` FROM `system_config` [ RunTime:0.075609s ]
[ sql ] [ SQL ] SHOW COLUMNS FROM `pay_channel` [ RunTime:0.077069s ]
[ sql ] [ SQL ] SELECT COUNT(*) AS tp_count FROM `pay_channel` `a` LEFT JOIN `pay_channel` `b` ON `a`.`parentId`=`b`.`id` LEFT JOIN `system_user` `d` ON `a`.`uId`=`d`.`id` LIMIT 1 [ RunTime:0.075731s ]
[ sql ] [ SQL ] SELECT `a`.`id`,`a`.`uId` AS `uId`,`a`.`name`,`a`.`parentId`,`a`.`param`,`a`.`key`,`a`.`url`,`a`.`descript`,`a`.`create_time`,`a`.`update_time`,`a`.`api`,`a`.`channelRate`,`a`.`status`,`a`.`appId`,`a`.`return_url`,`a`.`notify_url`,`b`.`name` AS `parentName`,`d`.`username` AS `createName` FROM `pay_channel` `a` LEFT JOIN `pay_channel` `b` ON `a`.`parentId`=`b`.`id` LEFT JOIN `system_user` `d` ON `a`.`uId`=`d`.`id` LIMIT 0,20 [ RunTime:0.075780s ]
---------------------------------------------------------------
[ 2018-07-13T15:45:55+08:00 ] 127.0.0.1 GET /pay/admin/merchannel/index.html?spm=m-114-117
[ sql ] [ DB ] CONNECT:[ UseTime:0.099551s ] mysql:host=bdm26827513.my3w.com;port=3306;dbname=bdm26827513_db;charset=utf8
[ sql ] [ SQL ] SHOW COLUMNS FROM `system_node` [ RunTime:0.064744s ]
[ sql ] [ SQL ] SELECT * FROM `system_node` WHERE  `node` = 'admin/merchannel/index' LIMIT 1 [ RunTime:0.064449s ]
[ sql ] [ SQL ] SHOW COLUMNS FROM `system_config` [ RunTime:0.064054s ]
[ sql ] [ SQL ] SELECT `name`,`value` FROM `system_config` [ RunTime:0.066013s ]
[ sql ] [ SQL ] SHOW COLUMNS FROM `pay_merchannel` [ RunTime:0.065960s ]
[ sql ] [ SQL ] SELECT COUNT(*) AS tp_count FROM `pay_merchannel` `b` LEFT JOIN `pay_channellink` `a` ON `a`.`merCId`=`b`.`id` LEFT JOIN `pay_channel` `c` ON `a`.`cId`=`c`.`id` LEFT JOIN `system_user` `d` ON `b`.`uId`=`d`.`id` LEFT JOIN `pay_merchannel` `e` ON `b`.`parentId`=`e`.`id` LIMIT 1 [ RunTime:0.086706s ]
[ sql ] [ SQL ] SELECT `b`.`id` AS `mId`,`b`.`name` AS `mName`,`b`.`parentId` AS `mParentId`,`b`.`uId` AS `uId`,`b`.`url` AS `mUrl`,`b`.`descript` AS `mDescript`,`b`.`create_time` AS `mCreateTime`,`b`.`update_time` AS `mUpdateTime`,`b`.`key` AS `mKey`,`b`.`rate` AS `mRate`,`b`.`status` AS `mStatus`,`c`.`name` AS `cName`,`d`.`username` AS `username`,`e`.`name` AS `parentName` FROM `pay_merchannel` `b` LEFT JOIN `pay_channellink` `a` ON `a`.`merCId`=`b`.`id` LEFT JOIN `pay_channel` `c` ON `a`.`cId`=`c`.`id` LEFT JOIN `system_user` `d` ON `b`.`uId`=`d`.`id` LEFT JOIN `pay_merchannel` `e` ON `b`.`parentId`=`e`.`id` LIMIT 0,20 [ RunTime:0.064548s ]
---------------------------------------------------------------
[ 2018-07-13T15:46:20+08:00 ] 127.0.0.1 GET /pay/admin/merchannel/edit.html?id=5&spm=m-114-117&open_type=modal
[ sql ] [ DB ] CONNECT:[ UseTime:0.100939s ] mysql:host=bdm26827513.my3w.com;port=3306;dbname=bdm26827513_db;charset=utf8
[ sql ] [ SQL ] SHOW COLUMNS FROM `system_node` [ RunTime:0.068935s ]
[ sql ] [ SQL ] SELECT * FROM `system_node` WHERE  `node` = 'admin/merchannel/edit' LIMIT 1 [ RunTime:0.066360s ]
[ sql ] [ SQL ] SHOW COLUMNS FROM `system_user` [ RunTime:0.066839s ]
[ sql ] [ SQL ] SELECT * FROM `system_user` WHERE  `type` = 2 [ RunTime:0.066150s ]
[ sql ] [ SQL ] SHOW COLUMNS FROM `pay_merchannel` [ RunTime:0.067186s ]
[ sql ] [ SQL ] SELECT * FROM `pay_merchannel` WHERE  `id` = 5 LIMIT 1 [ RunTime:0.065806s ]
[ sql ] [ SQL ] SHOW COLUMNS FROM `system_config` [ RunTime:0.066308s ]
[ sql ] [ SQL ] SELECT `name`,`value` FROM `system_config` [ RunTime:0.065626s ]
---------------------------------------------------------------
[ 2018-07-13T15:46:30+08:00 ] 127.0.0.1 GET /pay/admin/merchannel/config.html?id=5&spm=m-114-117&open_type=modal
[ sql ] [ DB ] CONNECT:[ UseTime:0.101631s ] mysql:host=bdm26827513.my3w.com;port=3306;dbname=bdm26827513_db;charset=utf8
[ sql ] [ SQL ] SHOW COLUMNS FROM `system_node` [ RunTime:0.079181s ]
[ sql ] [ SQL ] SELECT * FROM `system_node` WHERE  `node` = 'admin/merchannel/config' LIMIT 1 [ RunTime:0.065882s ]
[ sql ] [ SQL ] SHOW COLUMNS FROM `pay_channel` [ RunTime:0.066133s ]
[ sql ] [ SQL ] SELECT * FROM `pay_channel` [ RunTime:0.066197s ]
[ sql ] [ SQL ] SHOW COLUMNS FROM `pay_channellink` [ RunTime:0.066399s ]
[ sql ] [ SQL ] SELECT * FROM `pay_channellink` WHERE  ( `merCId` = 5 AND `merCId` = 5 ) LIMIT 1 [ RunTime:0.066170s ]
[ sql ] [ SQL ] SHOW COLUMNS FROM `system_config` [ RunTime:0.066427s ]
[ sql ] [ SQL ] SELECT `name`,`value` FROM `system_config` [ RunTime:0.066099s ]
---------------------------------------------------------------
[ 2018-07-13T15:46:37+08:00 ] 127.0.0.1 POST /pay/admin/merchannel/config.html?id=5&spm=m-114-117&open_type=modal
[ sql ] [ DB ] CONNECT:[ UseTime:0.099370s ] mysql:host=bdm26827513.my3w.com;port=3306;dbname=bdm26827513_db;charset=utf8
[ sql ] [ SQL ] SHOW COLUMNS FROM `system_node` [ RunTime:0.064355s ]
[ sql ] [ SQL ] SELECT * FROM `system_node` WHERE  `node` = 'admin/merchannel/config' LIMIT 1 [ RunTime:0.064252s ]
[ sql ] [ SQL ] SHOW COLUMNS FROM `pay_channel` [ RunTime:0.064751s ]
[ sql ] [ SQL ] SELECT * FROM `pay_channel` [ RunTime:0.064897s ]
[ sql ] [ SQL ] SHOW COLUMNS FROM `pay_channellink` [ RunTime:0.064467s ]
[ sql ] [ SQL ] SELECT COUNT(*) AS tp_count FROM `pay_channellink` WHERE  `merCId` = 1 LIMIT 1 [ RunTime:0.064373s ]
[ sql ] [ SQL ] UPDATE `pay_channellink`  SET `cId`=4,`info`='',`id`=1,`merCId`=1,`update_time`=1531467996  WHERE  `merCId` = 1 [ RunTime:0.064458s ]
---------------------------------------------------------------
[ 2018-07-13T15:46:40+08:00 ] 127.0.0.1 GET /pay/admin/merchannel/index.html?spm=m-114-117
[ sql ] [ DB ] CONNECT:[ UseTime:0.097349s ] mysql:host=bdm26827513.my3w.com;port=3306;dbname=bdm26827513_db;charset=utf8
[ sql ] [ SQL ] SHOW COLUMNS FROM `system_node` [ RunTime:0.064408s ]
[ sql ] [ SQL ] SELECT * FROM `system_node` WHERE  `node` = 'admin/merchannel/index' LIMIT 1 [ RunTime:0.063240s ]
[ sql ] [ SQL ] SHOW COLUMNS FROM `system_config` [ RunTime:0.064119s ]
[ sql ] [ SQL ] SELECT `name`,`value` FROM `system_config` [ RunTime:0.063723s ]
[ sql ] [ SQL ] SHOW COLUMNS FROM `pay_merchannel` [ RunTime:0.065261s ]
[ sql ] [ SQL ] SELECT COUNT(*) AS tp_count FROM `pay_merchannel` `b` LEFT JOIN `pay_channellink` `a` ON `a`.`merCId`=`b`.`id` LEFT JOIN `pay_channel` `c` ON `a`.`cId`=`c`.`id` LEFT JOIN `system_user` `d` ON `b`.`uId`=`d`.`id` LEFT JOIN `pay_merchannel` `e` ON `b`.`parentId`=`e`.`id` LIMIT 1 [ RunTime:0.064869s ]
[ sql ] [ SQL ] SELECT `b`.`id` AS `mId`,`b`.`name` AS `mName`,`b`.`parentId` AS `mParentId`,`b`.`uId` AS `uId`,`b`.`url` AS `mUrl`,`b`.`descript` AS `mDescript`,`b`.`create_time` AS `mCreateTime`,`b`.`update_time` AS `mUpdateTime`,`b`.`key` AS `mKey`,`b`.`rate` AS `mRate`,`b`.`status` AS `mStatus`,`c`.`name` AS `cName`,`d`.`username` AS `username`,`e`.`name` AS `parentName` FROM `pay_merchannel` `b` LEFT JOIN `pay_channellink` `a` ON `a`.`merCId`=`b`.`id` LEFT JOIN `pay_channel` `c` ON `a`.`cId`=`c`.`id` LEFT JOIN `system_user` `d` ON `b`.`uId`=`d`.`id` LEFT JOIN `pay_merchannel` `e` ON `b`.`parentId`=`e`.`id` LIMIT 0,20 [ RunTime:0.064404s ]
---------------------------------------------------------------
[ 2018-07-13T15:46:56+08:00 ] 127.0.0.1 GET /pay/admin/merchannel/config.html?id=5&spm=m-114-117&open_type=modal
[ sql ] [ DB ] CONNECT:[ UseTime:0.118602s ] mysql:host=bdm26827513.my3w.com;port=3306;dbname=bdm26827513_db;charset=utf8
[ sql ] [ SQL ] SHOW COLUMNS FROM `system_node` [ RunTime:0.077593s ]
[ sql ] [ SQL ] SELECT * FROM `system_node` WHERE  `node` = 'admin/merchannel/config' LIMIT 1 [ RunTime:0.076531s ]
[ sql ] [ SQL ] SHOW COLUMNS FROM `pay_channel` [ RunTime:0.079525s ]
[ sql ] [ SQL ] SELECT * FROM `pay_channel` [ RunTime:0.076868s ]
[ sql ] [ SQL ] SHOW COLUMNS FROM `pay_channellink` [ RunTime:0.080194s ]
[ sql ] [ SQL ] SELECT * FROM `pay_channellink` WHERE  ( `merCId` = 5 AND `merCId` = 5 ) LIMIT 1 [ RunTime:0.077553s ]
[ sql ] [ SQL ] SHOW COLUMNS FROM `system_config` [ RunTime:0.076136s ]
[ sql ] [ SQL ] SELECT `name`,`value` FROM `system_config` [ RunTime:0.076431s ]
---------------------------------------------------------------
[ 2018-07-13T15:47:02+08:00 ] 127.0.0.1 POST /pay/admin/merchannel/config.html?id=5&spm=m-114-117&open_type=modal
[ sql ] [ DB ] CONNECT:[ UseTime:0.103645s ] mysql:host=bdm26827513.my3w.com;port=3306;dbname=bdm26827513_db;charset=utf8
[ sql ] [ SQL ] SHOW COLUMNS FROM `system_node` [ RunTime:0.066566s ]
[ sql ] [ SQL ] SELECT * FROM `system_node` WHERE  `node` = 'admin/merchannel/config' LIMIT 1 [ RunTime:0.066527s ]
[ sql ] [ SQL ] SHOW COLUMNS FROM `pay_channel` [ RunTime:0.067013s ]
[ sql ] [ SQL ] SELECT * FROM `pay_channel` [ RunTime:0.066666s ]
[ sql ] [ SQL ] SHOW COLUMNS FROM `pay_channellink` [ RunTime:0.066151s ]
[ sql ] [ SQL ] SELECT COUNT(*) AS tp_count FROM `pay_channellink` WHERE  `merCId` = 1 LIMIT 1 [ RunTime:0.065935s ]
[ sql ] [ SQL ] UPDATE `pay_channellink`  SET `cId`=2,`info`='',`id`=1,`merCId`=1,`update_time`=1531468022  WHERE  `merCId` = 1 [ RunTime:0.065985s ]
---------------------------------------------------------------
[ 2018-07-13T15:47:05+08:00 ] 127.0.0.1 GET /pay/admin/merchannel/index.html?spm=m-114-117
[ sql ] [ DB ] CONNECT:[ UseTime:0.101827s ] mysql:host=bdm26827513.my3w.com;port=3306;dbname=bdm26827513_db;charset=utf8
[ sql ] [ SQL ] SHOW COLUMNS FROM `system_node` [ RunTime:0.064662s ]
[ sql ] [ SQL ] SELECT * FROM `system_node` WHERE  `node` = 'admin/merchannel/index' LIMIT 1 [ RunTime:0.063895s ]
[ sql ] [ SQL ] SHOW COLUMNS FROM `system_config` [ RunTime:0.064085s ]
[ sql ] [ SQL ] SELECT `name`,`value` FROM `system_config` [ RunTime:0.064629s ]
[ sql ] [ SQL ] SHOW COLUMNS FROM `pay_merchannel` [ RunTime:0.065740s ]
[ sql ] [ SQL ] SELECT COUNT(*) AS tp_count FROM `pay_merchannel` `b` LEFT JOIN `pay_channellink` `a` ON `a`.`merCId`=`b`.`id` LEFT JOIN `pay_channel` `c` ON `a`.`cId`=`c`.`id` LEFT JOIN `system_user` `d` ON `b`.`uId`=`d`.`id` LEFT JOIN `pay_merchannel` `e` ON `b`.`parentId`=`e`.`id` LIMIT 1 [ RunTime:0.064613s ]
[ sql ] [ SQL ] SELECT `b`.`id` AS `mId`,`b`.`name` AS `mName`,`b`.`parentId` AS `mParentId`,`b`.`uId` AS `uId`,`b`.`url` AS `mUrl`,`b`.`descript` AS `mDescript`,`b`.`create_time` AS `mCreateTime`,`b`.`update_time` AS `mUpdateTime`,`b`.`key` AS `mKey`,`b`.`rate` AS `mRate`,`b`.`status` AS `mStatus`,`c`.`name` AS `cName`,`d`.`username` AS `username`,`e`.`name` AS `parentName` FROM `pay_merchannel` `b` LEFT JOIN `pay_channellink` `a` ON `a`.`merCId`=`b`.`id` LEFT JOIN `pay_channel` `c` ON `a`.`cId`=`c`.`id` LEFT JOIN `system_user` `d` ON `b`.`uId`=`d`.`id` LEFT JOIN `pay_merchannel` `e` ON `b`.`parentId`=`e`.`id` LIMIT 0,20 [ RunTime:0.065383s ]
---------------------------------------------------------------
[ 2018-07-13T15:54:14+08:00 ] 127.0.0.1 GET /pay/admin/merchannel/config.html?id=6&spm=m-114-117&open_type=modal
[ sql ] [ DB ] CONNECT:[ UseTime:0.159196s ] mysql:host=bdm26827513.my3w.com;port=3306;dbname=bdm26827513_db;charset=utf8
[ sql ] [ SQL ] SHOW COLUMNS FROM `system_node` [ RunTime:0.079420s ]
[ sql ] [ SQL ] SELECT * FROM `system_node` WHERE  `node` = 'admin/merchannel/config' LIMIT 1 [ RunTime:0.076354s ]
[ sql ] [ SQL ] SHOW COLUMNS FROM `pay_channel` [ RunTime:0.077879s ]
[ sql ] [ SQL ] SELECT * FROM `pay_channel` [ RunTime:0.077646s ]
[ sql ] [ SQL ] SHOW COLUMNS FROM `pay_channellink` [ RunTime:0.077928s ]
[ sql ] [ SQL ] SELECT * FROM `pay_channellink` WHERE  ( `merCId` = 6 AND `merCId` = 6 ) LIMIT 1 [ RunTime:0.077509s ]
[ sql ] [ SQL ] SHOW COLUMNS FROM `system_config` [ RunTime:0.078687s ]
[ sql ] [ SQL ] SELECT `name`,`value` FROM `system_config` [ RunTime:0.076821s ]
---------------------------------------------------------------
[ 2018-07-13T15:54:20+08:00 ] 127.0.0.1 POST /pay/admin/merchannel/config.html?id=6&spm=m-114-117&open_type=modal
[ sql ] [ DB ] CONNECT:[ UseTime:0.098653s ] mysql:host=bdm26827513.my3w.com;port=3306;dbname=bdm26827513_db;charset=utf8
[ sql ] [ SQL ] SHOW COLUMNS FROM `system_node` [ RunTime:0.064217s ]
[ sql ] [ SQL ] SELECT * FROM `system_node` WHERE  `node` = 'admin/merchannel/config' LIMIT 1 [ RunTime:0.064108s ]
---------------------------------------------------------------
[ 2018-07-13T16:03:32+08:00 ] 127.0.0.1 GET /pay/admin.html
[ sql ] [ DB ] CONNECT:[ UseTime:0.134644s ] mysql:host=bdm26827513.my3w.com;port=3306;dbname=bdm26827513_db;charset=utf8
[ sql ] [ SQL ] SHOW COLUMNS FROM `system_node` [ RunTime:0.064580s ]
[ sql ] [ SQL ] SELECT * FROM `system_node` WHERE  `node` = 'admin/index/index' LIMIT 1 [ RunTime:0.064550s ]
[ sql ] [ SQL ] SHOW COLUMNS FROM `system_user` [ RunTime:0.064481s ]
[ sql ] [ SQL ] SELECT * FROM `system_user` WHERE  `id` = 10000 LIMIT 1 [ RunTime:0.063737s ]
[ sql ] [ SQL ] SHOW COLUMNS FROM `system_auth` [ RunTime:0.064231s ]
[ sql ] [ SQL ] SELECT `id` FROM `system_auth` WHERE  `id` IN (301,302,303,304)  AND `status` = 1 [ RunTime:0.063384s ]
[ sql ] [ SQL ] SHOW COLUMNS FROM `system_menu` [ RunTime:0.063833s ]
[ sql ] [ SQL ] SELECT * FROM `system_menu` WHERE  `status` = 1 ORDER BY `sort` ASC,`id` ASC [ RunTime:0.065097s ]
[ sql ] [ SQL ] SELECT `node`,`is_menu`,`is_auth`,`is_login`,`title` FROM `system_node` [ RunTime:0.065576s ]
[ sql ] [ SQL ] SHOW COLUMNS FROM `system_config` [ RunTime:0.064026s ]
[ sql ] [ SQL ] SELECT `name`,`value` FROM `system_config` [ RunTime:0.063607s ]
---------------------------------------------------------------
[ 2018-07-13T16:03:33+08:00 ] 127.0.0.1 GET /pay/admin/merchannel/index.html?spm=m-114-117
[ sql ] [ DB ] CONNECT:[ UseTime:0.101239s ] mysql:host=bdm26827513.my3w.com;port=3306;dbname=bdm26827513_db;charset=utf8
[ sql ] [ SQL ] SHOW COLUMNS FROM `system_node` [ RunTime:0.064623s ]
[ sql ] [ SQL ] SELECT * FROM `system_node` WHERE  `node` = 'admin/merchannel/index' LIMIT 1 [ RunTime:0.065221s ]
[ sql ] [ SQL ] SHOW COLUMNS FROM `system_config` [ RunTime:0.065215s ]
[ sql ] [ SQL ] SELECT `name`,`value` FROM `system_config` [ RunTime:0.065367s ]
[ sql ] [ SQL ] SHOW COLUMNS FROM `pay_merchannel` [ RunTime:0.064880s ]
[ sql ] [ SQL ] SELECT COUNT(*) AS tp_count FROM `pay_merchannel` `b` LEFT JOIN `pay_channellink` `a` ON `a`.`merCId`=`b`.`id` LEFT JOIN `pay_channel` `c` ON `a`.`cId`=`c`.`id` LEFT JOIN `system_user` `d` ON `b`.`uId`=`d`.`id` LEFT JOIN `pay_merchannel` `e` ON `b`.`parentId`=`e`.`id` LIMIT 1 [ RunTime:0.063928s ]
[ sql ] [ SQL ] SELECT `b`.`id` AS `mId`,`b`.`name` AS `mName`,`b`.`parentId` AS `mParentId`,`b`.`uId` AS `uId`,`b`.`url` AS `mUrl`,`b`.`descript` AS `mDescript`,`b`.`create_time` AS `mCreateTime`,`b`.`update_time` AS `mUpdateTime`,`b`.`key` AS `mKey`,`b`.`rate` AS `mRate`,`b`.`status` AS `mStatus`,`c`.`name` AS `cName`,`d`.`username` AS `username`,`e`.`name` AS `parentName` FROM `pay_merchannel` `b` LEFT JOIN `pay_channellink` `a` ON `a`.`merCId`=`b`.`id` LEFT JOIN `pay_channel` `c` ON `a`.`cId`=`c`.`id` LEFT JOIN `system_user` `d` ON `b`.`uId`=`d`.`id` LEFT JOIN `pay_merchannel` `e` ON `b`.`parentId`=`e`.`id` LIMIT 0,20 [ RunTime:0.064485s ]
---------------------------------------------------------------
[ 2018-07-13T16:03:37+08:00 ] 127.0.0.1 GET /pay/admin/merchannel/config.html?id=5&spm=m-114-117&open_type=modal
[ sql ] [ DB ] CONNECT:[ UseTime:0.101776s ] mysql:host=bdm26827513.my3w.com;port=3306;dbname=bdm26827513_db;charset=utf8
[ sql ] [ SQL ] SHOW COLUMNS FROM `system_node` [ RunTime:0.064548s ]
[ sql ] [ SQL ] SELECT * FROM `system_node` WHERE  `node` = 'admin/merchannel/config' LIMIT 1 [ RunTime:0.064193s ]
[ sql ] [ SQL ] SHOW COLUMNS FROM `pay_channel` [ RunTime:0.064479s ]
[ sql ] [ SQL ] SELECT * FROM `pay_channel` [ RunTime:0.064777s ]
[ sql ] [ SQL ] SHOW COLUMNS FROM `pay_channellink` [ RunTime:0.064796s ]
[ sql ] [ SQL ] SELECT * FROM `pay_channellink` WHERE  ( `merCId` = 5 AND `merCId` = 5 ) LIMIT 1 [ RunTime:0.064733s ]
[ sql ] [ SQL ] SHOW COLUMNS FROM `system_config` [ RunTime:0.064822s ]
[ sql ] [ SQL ] SELECT `name`,`value` FROM `system_config` [ RunTime:0.064468s ]
---------------------------------------------------------------
[ 2018-07-13T16:03:41+08:00 ] 127.0.0.1 POST /pay/admin/merchannel/config.html?id=5&spm=m-114-117&open_type=modal
[ sql ] [ DB ] CONNECT:[ UseTime:0.100544s ] mysql:host=bdm26827513.my3w.com;port=3306;dbname=bdm26827513_db;charset=utf8
[ sql ] [ SQL ] SHOW COLUMNS FROM `system_node` [ RunTime:0.065985s ]
[ sql ] [ SQL ] SELECT * FROM `system_node` WHERE  `node` = 'admin/merchannel/config' LIMIT 1 [ RunTime:0.065994s ]
[ sql ] [ SQL ] SHOW COLUMNS FROM `pay_channellink` [ RunTime:0.066108s ]
[ sql ] [ SQL ] SELECT * FROM `pay_channellink` WHERE  `id` = 1 LIMIT 1 [ RunTime:0.065615s ]
[ sql ] [ SQL ] UPDATE `pay_channellink`  SET `id`=1,`create_time`=1527140859,`update_time`=1531469021,`info`=''  WHERE  `merCId` = 5  AND `cId` = 3 [ RunTime:0.065465s ]
---------------------------------------------------------------
[ 2018-07-13T16:03:44+08:00 ] 127.0.0.1 GET /pay/admin.html
[ sql ] [ DB ] CONNECT:[ UseTime:0.084549s ] mysql:host=bdm26827513.my3w.com;port=3306;dbname=bdm26827513_db;charset=utf8
[ sql ] [ SQL ] SHOW COLUMNS FROM `system_node` [ RunTime:0.054914s ]
[ sql ] [ SQL ] SELECT * FROM `system_node` WHERE  `node` = 'admin/index/index' LIMIT 1 [ RunTime:0.053988s ]
[ sql ] [ SQL ] SHOW COLUMNS FROM `system_user` [ RunTime:0.053983s ]
[ sql ] [ SQL ] SELECT * FROM `system_user` WHERE  `id` = 10000 LIMIT 1 [ RunTime:0.054437s ]
[ sql ] [ SQL ] SHOW COLUMNS FROM `system_auth` [ RunTime:0.054571s ]
[ sql ] [ SQL ] SELECT `id` FROM `system_auth` WHERE  `id` IN (301,302,303,304)  AND `status` = 1 [ RunTime:0.054099s ]
[ sql ] [ SQL ] SHOW COLUMNS FROM `system_menu` [ RunTime:0.055322s ]
[ sql ] [ SQL ] SELECT * FROM `system_menu` WHERE  `status` = 1 ORDER BY `sort` ASC,`id` ASC [ RunTime:0.054223s ]
[ sql ] [ SQL ] SELECT `node`,`is_menu`,`is_auth`,`is_login`,`title` FROM `system_node` [ RunTime:0.054705s ]
[ sql ] [ SQL ] SHOW COLUMNS FROM `system_config` [ RunTime:0.054734s ]
[ sql ] [ SQL ] SELECT `name`,`value` FROM `system_config` [ RunTime:0.053777s ]
---------------------------------------------------------------
[ 2018-07-13T16:03:45+08:00 ] 127.0.0.1 GET /pay/admin/index/main.html?spm=m-94
[ sql ] [ DB ] CONNECT:[ UseTime:0.097295s ] mysql:host=bdm26827513.my3w.com;port=3306;dbname=bdm26827513_db;charset=utf8
[ sql ] [ SQL ] SHOW COLUMNS FROM `system_node` [ RunTime:0.064651s ]
[ sql ] [ SQL ] SELECT * FROM `system_node` WHERE  `node` = 'admin/index/main' LIMIT 1 [ RunTime:0.063973s ]
[ sql ] [ SQL ] select version() as ver [ RunTime:0.063886s ]
[ sql ] [ SQL ] SHOW COLUMNS FROM `system_config` [ RunTime:0.063968s ]
[ sql ] [ SQL ] SELECT `name`,`value` FROM `system_config` [ RunTime:0.062641s ]
---------------------------------------------------------------
[ 2018-07-13T16:03:47+08:00 ] 127.0.0.1 GET /pay/admin/goods/index.html?spm=m-119-121
[ sql ] [ DB ] CONNECT:[ UseTime:0.119806s ] mysql:host=bdm26827513.my3w.com;port=3306;dbname=bdm26827513_db;charset=utf8
[ sql ] [ SQL ] SHOW COLUMNS FROM `system_node` [ RunTime:0.078516s ]
[ sql ] [ SQL ] SELECT * FROM `system_node` WHERE  `node` = 'admin/goods/index' LIMIT 1 [ RunTime:0.077431s ]
[ sql ] [ SQL ] SHOW COLUMNS FROM `shop_goods` [ RunTime:0.079303s ]
[ sql ] [ SQL ] SELECT COUNT(*) AS tp_count FROM `shop_goods` `a` LEFT JOIN `shop_classes` `b` ON `b`.`id`=`a`.`classId` LIMIT 1 [ RunTime:0.078288s ]
[ sql ] [ SQL ] SELECT * FROM `shop_goods` `a` LEFT JOIN `shop_classes` `b` ON `b`.`id`=`a`.`classId` LIMIT 0,20 [ RunTime:0.079000s ]
[ sql ] [ SQL ] SHOW COLUMNS FROM `system_config` [ RunTime:0.080531s ]
[ sql ] [ SQL ] SELECT `name`,`value` FROM `system_config` [ RunTime:0.078175s ]
---------------------------------------------------------------
[ 2018-07-13T16:03:49+08:00 ] 127.0.0.1 GET /pay/admin/order/index.html?spm=m-114-116
[ sql ] [ DB ] CONNECT:[ UseTime:0.084198s ] mysql:host=bdm26827513.my3w.com;port=3306;dbname=bdm26827513_db;charset=utf8
[ sql ] [ SQL ] SHOW COLUMNS FROM `system_node` [ RunTime:0.054358s ]
[ sql ] [ SQL ] SELECT * FROM `system_node` WHERE  `node` = 'admin/order/index' LIMIT 1 [ RunTime:0.054773s ]
[ sql ] [ SQL ] SHOW COLUMNS FROM `system_config` [ RunTime:0.055698s ]
[ sql ] [ SQL ] SELECT `name`,`value` FROM `system_config` [ RunTime:0.055734s ]
[ sql ] [ SQL ] SHOW COLUMNS FROM `pay_order` [ RunTime:0.056113s ]
[ sql ] [ SQL ] SELECT COUNT(*) AS tp_count FROM `pay_order` `a` LEFT JOIN `pay_merchannel` `b` ON `a`.`merChannel`=`b`.`id` LEFT JOIN `pay_channel` `c` ON `a`.`channelId`=`c`.`id` LEFT JOIN `system_user` `d` ON `a`.`uId`=`d`.`id` LIMIT 1 [ RunTime:0.054400s ]
[ sql ] [ SQL ] SELECT `a`.`orderId`,`a`.`id`,`a`.`uId` AS `uId`,`a`.`orderDate`,`a`.`channelMoney`,`a`.`merMoney`,`a`.`orderMoney`,`a`.`tradeMoney`,`a`.`productName`,`a`.`notifyUrl`,`a`.`returnUrl`,`a`.`cTime`,`a`.`mTime`,`a`.`status`,`a`.`rateMoney`,`a`.`bank`,`a`.`extra`,`b`.`name` AS `merChannelName`,`c`.`name` AS `channelName`,`d`.`username` AS `username` FROM `pay_order` `a` LEFT JOIN `pay_merchannel` `b` ON `a`.`merChannel`=`b`.`id` LEFT JOIN `pay_channel` `c` ON `a`.`channelId`=`c`.`id` LEFT JOIN `system_user` `d` ON `a`.`uId`=`d`.`id` LIMIT 0,20 [ RunTime:0.056530s ]
---------------------------------------------------------------
[ 2018-07-13T16:03:52+08:00 ] 127.0.0.1 GET /pay/admin/channel/index.html?spm=m-114-118
[ sql ] [ DB ] CONNECT:[ UseTime:0.100913s ] mysql:host=bdm26827513.my3w.com;port=3306;dbname=bdm26827513_db;charset=utf8
[ sql ] [ SQL ] SHOW COLUMNS FROM `system_node` [ RunTime:0.066461s ]
[ sql ] [ SQL ] SELECT * FROM `system_node` WHERE  `node` = 'admin/channel/index' LIMIT 1 [ RunTime:0.066425s ]
[ sql ] [ SQL ] SHOW COLUMNS FROM `system_config` [ RunTime:0.065922s ]
[ sql ] [ SQL ] SELECT `name`,`value` FROM `system_config` [ RunTime:0.068179s ]
[ sql ] [ SQL ] SHOW COLUMNS FROM `pay_channel` [ RunTime:0.067079s ]
[ sql ] [ SQL ] SELECT COUNT(*) AS tp_count FROM `pay_channel` `a` LEFT JOIN `pay_channel` `b` ON `a`.`parentId`=`b`.`id` LEFT JOIN `system_user` `d` ON `a`.`uId`=`d`.`id` LIMIT 1 [ RunTime:0.065744s ]
[ sql ] [ SQL ] SELECT `a`.`id`,`a`.`uId` AS `uId`,`a`.`name`,`a`.`parentId`,`a`.`param`,`a`.`key`,`a`.`url`,`a`.`descript`,`a`.`create_time`,`a`.`update_time`,`a`.`api`,`a`.`channelRate`,`a`.`status`,`a`.`appId`,`a`.`return_url`,`a`.`notify_url`,`b`.`name` AS `parentName`,`d`.`username` AS `createName` FROM `pay_channel` `a` LEFT JOIN `pay_channel` `b` ON `a`.`parentId`=`b`.`id` LEFT JOIN `system_user` `d` ON `a`.`uId`=`d`.`id` LIMIT 0,20 [ RunTime:0.067101s ]
---------------------------------------------------------------
[ 2018-07-13T16:03:53+08:00 ] 127.0.0.1 GET /pay/admin/merchannel/index.html?spm=m-114-117
[ sql ] [ DB ] CONNECT:[ UseTime:0.085878s ] mysql:host=bdm26827513.my3w.com;port=3306;dbname=bdm26827513_db;charset=utf8
[ sql ] [ SQL ] SHOW COLUMNS FROM `system_node` [ RunTime:0.056842s ]
[ sql ] [ SQL ] SELECT * FROM `system_node` WHERE  `node` = 'admin/merchannel/index' LIMIT 1 [ RunTime:0.055686s ]
[ sql ] [ SQL ] SHOW COLUMNS FROM `system_config` [ RunTime:0.056711s ]
[ sql ] [ SQL ] SELECT `name`,`value` FROM `system_config` [ RunTime:0.056508s ]
[ sql ] [ SQL ] SHOW COLUMNS FROM `pay_merchannel` [ RunTime:0.056200s ]
[ sql ] [ SQL ] SELECT COUNT(*) AS tp_count FROM `pay_merchannel` `b` LEFT JOIN `pay_channellink` `a` ON `a`.`merCId`=`b`.`id` LEFT JOIN `pay_channel` `c` ON `a`.`cId`=`c`.`id` LEFT JOIN `system_user` `d` ON `b`.`uId`=`d`.`id` LEFT JOIN `pay_merchannel` `e` ON `b`.`parentId`=`e`.`id` LIMIT 1 [ RunTime:0.055173s ]
[ sql ] [ SQL ] SELECT `b`.`id` AS `mId`,`b`.`name` AS `mName`,`b`.`parentId` AS `mParentId`,`b`.`uId` AS `uId`,`b`.`url` AS `mUrl`,`b`.`descript` AS `mDescript`,`b`.`create_time` AS `mCreateTime`,`b`.`update_time` AS `mUpdateTime`,`b`.`key` AS `mKey`,`b`.`rate` AS `mRate`,`b`.`status` AS `mStatus`,`c`.`name` AS `cName`,`d`.`username` AS `username`,`e`.`name` AS `parentName` FROM `pay_merchannel` `b` LEFT JOIN `pay_channellink` `a` ON `a`.`merCId`=`b`.`id` LEFT JOIN `pay_channel` `c` ON `a`.`cId`=`c`.`id` LEFT JOIN `system_user` `d` ON `b`.`uId`=`d`.`id` LEFT JOIN `pay_merchannel` `e` ON `b`.`parentId`=`e`.`id` LIMIT 0,20 [ RunTime:0.056835s ]
---------------------------------------------------------------
[ 2018-07-13T16:03:58+08:00 ] 127.0.0.1 GET /pay/admin/merchannel/config.html?id=5&spm=m-114-117&open_type=modal
[ sql ] [ DB ] CONNECT:[ UseTime:0.099855s ] mysql:host=bdm26827513.my3w.com;port=3306;dbname=bdm26827513_db;charset=utf8
[ sql ] [ SQL ] SHOW COLUMNS FROM `system_node` [ RunTime:0.065506s ]
[ sql ] [ SQL ] SELECT * FROM `system_node` WHERE  `node` = 'admin/merchannel/config' LIMIT 1 [ RunTime:0.064255s ]
[ sql ] [ SQL ] SHOW COLUMNS FROM `pay_channel` [ RunTime:0.066988s ]
[ sql ] [ SQL ] SELECT * FROM `pay_channel` [ RunTime:0.064175s ]
[ sql ] [ SQL ] SHOW COLUMNS FROM `pay_channellink` [ RunTime:0.064696s ]
[ sql ] [ SQL ] SELECT * FROM `pay_channellink` WHERE  ( `merCId` = 5 AND `merCId` = 5 ) LIMIT 1 [ RunTime:0.064094s ]
[ sql ] [ SQL ] SHOW COLUMNS FROM `system_config` [ RunTime:0.066535s ]
[ sql ] [ SQL ] SELECT `name`,`value` FROM `system_config` [ RunTime:0.065476s ]
---------------------------------------------------------------
[ 2018-07-13T16:04:05+08:00 ] 127.0.0.1 POST /pay/admin/merchannel/config.html?id=5&spm=m-114-117&open_type=modal
[ sql ] [ DB ] CONNECT:[ UseTime:0.121653s ] mysql:host=bdm26827513.my3w.com;port=3306;dbname=bdm26827513_db;charset=utf8
[ sql ] [ SQL ] SHOW COLUMNS FROM `system_node` [ RunTime:0.053994s ]
[ sql ] [ SQL ] SELECT * FROM `system_node` WHERE  `node` = 'admin/merchannel/config' LIMIT 1 [ RunTime:0.055096s ]
[ sql ] [ SQL ] SHOW COLUMNS FROM `pay_channellink` [ RunTime:0.054790s ]
[ sql ] [ SQL ] SELECT * FROM `pay_channellink` WHERE  `id` = 1 LIMIT 1 [ RunTime:0.054674s ]
[ sql ] [ SQL ] UPDATE `pay_channellink`  SET `id`=1,`create_time`=1527140859,`update_time`=1531469045,`info`=''  WHERE  `merCId` = 5  AND `cId` = 3 [ RunTime:0.054020s ]
---------------------------------------------------------------
[ 2018-07-13T16:04:08+08:00 ] 127.0.0.1 GET /pay/admin.html
[ sql ] [ DB ] CONNECT:[ UseTime:0.087658s ] mysql:host=bdm26827513.my3w.com;port=3306;dbname=bdm26827513_db;charset=utf8
[ sql ] [ SQL ] SHOW COLUMNS FROM `system_node` [ RunTime:0.056527s ]
[ sql ] [ SQL ] SELECT * FROM `system_node` WHERE  `node` = 'admin/index/index' LIMIT 1 [ RunTime:0.056146s ]
[ sql ] [ SQL ] SHOW COLUMNS FROM `system_user` [ RunTime:0.056975s ]
[ sql ] [ SQL ] SELECT * FROM `system_user` WHERE  `id` = 10000 LIMIT 1 [ RunTime:0.056178s ]
[ sql ] [ SQL ] SHOW COLUMNS FROM `system_auth` [ RunTime:0.056433s ]
[ sql ] [ SQL ] SELECT `id` FROM `system_auth` WHERE  `id` IN (301,302,303,304)  AND `status` = 1 [ RunTime:0.055795s ]
[ sql ] [ SQL ] SHOW COLUMNS FROM `system_menu` [ RunTime:0.058167s ]
[ sql ] [ SQL ] SELECT * FROM `system_menu` WHERE  `status` = 1 ORDER BY `sort` ASC,`id` ASC [ RunTime:0.057485s ]
[ sql ] [ SQL ] SELECT `node`,`is_menu`,`is_auth`,`is_login`,`title` FROM `system_node` [ RunTime:0.056866s ]
[ sql ] [ SQL ] SHOW COLUMNS FROM `system_config` [ RunTime:0.057832s ]
[ sql ] [ SQL ] SELECT `name`,`value` FROM `system_config` [ RunTime:0.056611s ]
---------------------------------------------------------------
[ 2018-07-13T16:04:09+08:00 ] 127.0.0.1 GET /pay/admin/index/main.html?spm=m-94
[ sql ] [ DB ] CONNECT:[ UseTime:0.084300s ] mysql:host=bdm26827513.my3w.com;port=3306;dbname=bdm26827513_db;charset=utf8
[ sql ] [ SQL ] SHOW COLUMNS FROM `system_node` [ RunTime:0.055548s ]
[ sql ] [ SQL ] SELECT * FROM `system_node` WHERE  `node` = 'admin/index/main' LIMIT 1 [ RunTime:0.054430s ]
[ sql ] [ SQL ] select version() as ver [ RunTime:0.054674s ]
[ sql ] [ SQL ] SHOW COLUMNS FROM `system_config` [ RunTime:0.054488s ]
[ sql ] [ SQL ] SELECT `name`,`value` FROM `system_config` [ RunTime:0.054681s ]
---------------------------------------------------------------
[ 2018-07-13T16:05:03+08:00 ] 127.0.0.1 GET /pay/admin/order/index.html?spm=m-114-116
[ sql ] [ DB ] CONNECT:[ UseTime:0.099444s ] mysql:host=bdm26827513.my3w.com;port=3306;dbname=bdm26827513_db;charset=utf8
[ sql ] [ SQL ] SHOW COLUMNS FROM `system_node` [ RunTime:0.065302s ]
[ sql ] [ SQL ] SELECT * FROM `system_node` WHERE  `node` = 'admin/order/index' LIMIT 1 [ RunTime:0.065088s ]
[ sql ] [ SQL ] SHOW COLUMNS FROM `system_config` [ RunTime:0.065185s ]
[ sql ] [ SQL ] SELECT `name`,`value` FROM `system_config` [ RunTime:0.065482s ]
[ sql ] [ SQL ] SHOW COLUMNS FROM `pay_order` [ RunTime:0.066787s ]
[ sql ] [ SQL ] SELECT COUNT(*) AS tp_count FROM `pay_order` `a` LEFT JOIN `pay_merchannel` `b` ON `a`.`merChannel`=`b`.`id` LEFT JOIN `pay_channel` `c` ON `a`.`channelId`=`c`.`id` LEFT JOIN `system_user` `d` ON `a`.`uId`=`d`.`id` LIMIT 1 [ RunTime:0.066690s ]
[ sql ] [ SQL ] SELECT `a`.`orderId`,`a`.`id`,`a`.`uId` AS `uId`,`a`.`orderDate`,`a`.`channelMoney`,`a`.`merMoney`,`a`.`orderMoney`,`a`.`tradeMoney`,`a`.`productName`,`a`.`notifyUrl`,`a`.`returnUrl`,`a`.`cTime`,`a`.`mTime`,`a`.`status`,`a`.`rateMoney`,`a`.`bank`,`a`.`extra`,`b`.`name` AS `merChannelName`,`c`.`name` AS `channelName`,`d`.`username` AS `username` FROM `pay_order` `a` LEFT JOIN `pay_merchannel` `b` ON `a`.`merChannel`=`b`.`id` LEFT JOIN `pay_channel` `c` ON `a`.`channelId`=`c`.`id` LEFT JOIN `system_user` `d` ON `a`.`uId`=`d`.`id` LIMIT 0,20 [ RunTime:0.065642s ]
---------------------------------------------------------------
[ 2018-07-13T16:05:05+08:00 ] 127.0.0.1 GET /pay/admin/merchannel/index.html?spm=m-114-117
[ sql ] [ DB ] CONNECT:[ UseTime:0.118670s ] mysql:host=bdm26827513.my3w.com;port=3306;dbname=bdm26827513_db;charset=utf8
[ sql ] [ SQL ] SHOW COLUMNS FROM `system_node` [ RunTime:0.077645s ]
[ sql ] [ SQL ] SELECT * FROM `system_node` WHERE  `node` = 'admin/merchannel/index' LIMIT 1 [ RunTime:0.076025s ]
[ sql ] [ SQL ] SHOW COLUMNS FROM `system_config` [ RunTime:0.076979s ]
[ sql ] [ SQL ] SELECT `name`,`value` FROM `system_config` [ RunTime:0.076411s ]
[ sql ] [ SQL ] SHOW COLUMNS FROM `pay_merchannel` [ RunTime:0.076940s ]
[ sql ] [ SQL ] SELECT COUNT(*) AS tp_count FROM `pay_merchannel` `b` LEFT JOIN `pay_channellink` `a` ON `a`.`merCId`=`b`.`id` LEFT JOIN `pay_channel` `c` ON `a`.`cId`=`c`.`id` LEFT JOIN `system_user` `d` ON `b`.`uId`=`d`.`id` LEFT JOIN `pay_merchannel` `e` ON `b`.`parentId`=`e`.`id` LIMIT 1 [ RunTime:0.076328s ]
[ sql ] [ SQL ] SELECT `b`.`id` AS `mId`,`b`.`name` AS `mName`,`b`.`parentId` AS `mParentId`,`b`.`uId` AS `uId`,`b`.`url` AS `mUrl`,`b`.`descript` AS `mDescript`,`b`.`create_time` AS `mCreateTime`,`b`.`update_time` AS `mUpdateTime`,`b`.`key` AS `mKey`,`b`.`rate` AS `mRate`,`b`.`status` AS `mStatus`,`c`.`name` AS `cName`,`d`.`username` AS `username`,`e`.`name` AS `parentName` FROM `pay_merchannel` `b` LEFT JOIN `pay_channellink` `a` ON `a`.`merCId`=`b`.`id` LEFT JOIN `pay_channel` `c` ON `a`.`cId`=`c`.`id` LEFT JOIN `system_user` `d` ON `b`.`uId`=`d`.`id` LEFT JOIN `pay_merchannel` `e` ON `b`.`parentId`=`e`.`id` LIMIT 0,20 [ RunTime:0.076919s ]
---------------------------------------------------------------
[ 2018-07-13T16:06:28+08:00 ] 127.0.0.1 GET /pay/admin.html
[ sql ] [ DB ] CONNECT:[ UseTime:0.084572s ] mysql:host=bdm26827513.my3w.com;port=3306;dbname=bdm26827513_db;charset=utf8
[ sql ] [ SQL ] SHOW COLUMNS FROM `system_node` [ RunTime:0.055749s ]
[ sql ] [ SQL ] SELECT * FROM `system_node` WHERE  `node` = 'admin/index/index' LIMIT 1 [ RunTime:0.055777s ]
[ sql ] [ SQL ] SHOW COLUMNS FROM `system_user` [ RunTime:0.055983s ]
[ sql ] [ SQL ] SELECT * FROM `system_user` WHERE  `id` = 10000 LIMIT 1 [ RunTime:0.055847s ]
[ sql ] [ SQL ] SHOW COLUMNS FROM `system_auth` [ RunTime:0.055951s ]
[ sql ] [ SQL ] SELECT `id` FROM `system_auth` WHERE  `id` IN (301,302,303,304)  AND `status` = 1 [ RunTime:0.056093s ]
[ sql ] [ SQL ] SHOW COLUMNS FROM `system_menu` [ RunTime:0.055745s ]
[ sql ] [ SQL ] SELECT * FROM `system_menu` WHERE  `status` = 1 ORDER BY `sort` ASC,`id` ASC [ RunTime:0.056399s ]
[ sql ] [ SQL ] SELECT `node`,`is_menu`,`is_auth`,`is_login`,`title` FROM `system_node` [ RunTime:0.055770s ]
[ sql ] [ SQL ] SHOW COLUMNS FROM `system_config` [ RunTime:0.056072s ]
[ sql ] [ SQL ] SELECT `name`,`value` FROM `system_config` [ RunTime:0.054558s ]
---------------------------------------------------------------
[ 2018-07-13T16:06:29+08:00 ] 127.0.0.1 GET /pay/admin/merchannel/index.html?spm=m-114-117
[ sql ] [ DB ] CONNECT:[ UseTime:0.085782s ] mysql:host=bdm26827513.my3w.com;port=3306;dbname=bdm26827513_db;charset=utf8
[ sql ] [ SQL ] SHOW COLUMNS FROM `system_node` [ RunTime:0.055859s ]
[ sql ] [ SQL ] SELECT * FROM `system_node` WHERE  `node` = 'admin/merchannel/index' LIMIT 1 [ RunTime:0.055473s ]
[ sql ] [ SQL ] SHOW COLUMNS FROM `system_config` [ RunTime:0.055409s ]
[ sql ] [ SQL ] SELECT `name`,`value` FROM `system_config` [ RunTime:0.054338s ]
[ sql ] [ SQL ] SHOW COLUMNS FROM `pay_merchannel` [ RunTime:0.055696s ]
[ sql ] [ SQL ] SELECT COUNT(*) AS tp_count FROM `pay_merchannel` `b` LEFT JOIN `pay_channellink` `a` ON `a`.`merCId`=`b`.`id` LEFT JOIN `pay_channel` `c` ON `a`.`cId`=`c`.`id` LEFT JOIN `system_user` `d` ON `b`.`uId`=`d`.`id` LEFT JOIN `pay_merchannel` `e` ON `b`.`parentId`=`e`.`id` LIMIT 1 [ RunTime:0.054973s ]
[ sql ] [ SQL ] SELECT `b`.`id` AS `mId`,`b`.`name` AS `mName`,`b`.`parentId` AS `mParentId`,`b`.`uId` AS `uId`,`b`.`url` AS `mUrl`,`b`.`descript` AS `mDescript`,`b`.`create_time` AS `mCreateTime`,`b`.`update_time` AS `mUpdateTime`,`b`.`key` AS `mKey`,`b`.`rate` AS `mRate`,`b`.`status` AS `mStatus`,`c`.`name` AS `cName`,`d`.`username` AS `username`,`e`.`name` AS `parentName` FROM `pay_merchannel` `b` LEFT JOIN `pay_channellink` `a` ON `a`.`merCId`=`b`.`id` LEFT JOIN `pay_channel` `c` ON `a`.`cId`=`c`.`id` LEFT JOIN `system_user` `d` ON `b`.`uId`=`d`.`id` LEFT JOIN `pay_merchannel` `e` ON `b`.`parentId`=`e`.`id` LIMIT 0,20 [ RunTime:0.055414s ]
---------------------------------------------------------------
[ 2018-07-13T16:06:31+08:00 ] 127.0.0.1 GET /pay/admin/merchannel/config.html?id=5&spm=m-114-117&open_type=modal
[ sql ] [ DB ] CONNECT:[ UseTime:0.114002s ] mysql:host=bdm26827513.my3w.com;port=3306;dbname=bdm26827513_db;charset=utf8
[ sql ] [ SQL ] SHOW COLUMNS FROM `system_node` [ RunTime:0.075226s ]
[ sql ] [ SQL ] SELECT * FROM `system_node` WHERE  `node` = 'admin/merchannel/config' LIMIT 1 [ RunTime:0.074275s ]
[ sql ] [ SQL ] SHOW COLUMNS FROM `pay_channel` [ RunTime:0.074224s ]
[ sql ] [ SQL ] SELECT * FROM `pay_channel` [ RunTime:0.075245s ]
[ sql ] [ SQL ] SHOW COLUMNS FROM `pay_channellink` [ RunTime:0.075894s ]
[ sql ] [ SQL ] SELECT * FROM `pay_channellink` WHERE  ( `merCId` = 5 AND `merCId` = 5 ) LIMIT 1 [ RunTime:0.074793s ]
[ sql ] [ SQL ] SHOW COLUMNS FROM `system_config` [ RunTime:0.074416s ]
[ sql ] [ SQL ] SELECT `name`,`value` FROM `system_config` [ RunTime:0.074499s ]
---------------------------------------------------------------
[ 2018-07-13T16:06:34+08:00 ] 127.0.0.1 POST /pay/admin/merchannel/config.html?id=5&spm=m-114-117&open_type=modal
[ sql ] [ DB ] CONNECT:[ UseTime:0.119366s ] mysql:host=bdm26827513.my3w.com;port=3306;dbname=bdm26827513_db;charset=utf8
[ sql ] [ SQL ] SHOW COLUMNS FROM `system_node` [ RunTime:0.075942s ]
[ sql ] [ SQL ] SELECT * FROM `system_node` WHERE  `node` = 'admin/merchannel/config' LIMIT 1 [ RunTime:0.076587s ]
[ sql ] [ SQL ] SHOW COLUMNS FROM `pay_channellink` [ RunTime:0.076654s ]
[ sql ] [ SQL ] SELECT * FROM `pay_channellink` WHERE  `id` = 3 LIMIT 1 [ RunTime:0.076123s ]
[ sql ] [ SQL ] UPDATE `pay_channellink`  SET `id`=3,`merCId`=5,`cId`=1,`create_time`=1527141607,`update_time`=1531469194,`info`=''  WHERE  `id` = 3 [ RunTime:0.075930s ]
---------------------------------------------------------------
[ 2018-07-13T16:06:37+08:00 ] 127.0.0.1 GET /pay/admin/merchannel/index.html?spm=m-114-117
[ sql ] [ DB ] CONNECT:[ UseTime:0.093285s ] mysql:host=bdm26827513.my3w.com;port=3306;dbname=bdm26827513_db;charset=utf8
[ sql ] [ SQL ] SHOW COLUMNS FROM `system_node` [ RunTime:0.056159s ]
[ sql ] [ SQL ] SELECT * FROM `system_node` WHERE  `node` = 'admin/merchannel/index' LIMIT 1 [ RunTime:0.053587s ]
[ sql ] [ SQL ] SHOW COLUMNS FROM `system_config` [ RunTime:0.055476s ]
[ sql ] [ SQL ] SELECT `name`,`value` FROM `system_config` [ RunTime:0.054219s ]
[ sql ] [ SQL ] SHOW COLUMNS FROM `pay_merchannel` [ RunTime:0.053318s ]
[ sql ] [ SQL ] SELECT COUNT(*) AS tp_count FROM `pay_merchannel` `b` LEFT JOIN `pay_channellink` `a` ON `a`.`merCId`=`b`.`id` LEFT JOIN `pay_channel` `c` ON `a`.`cId`=`c`.`id` LEFT JOIN `system_user` `d` ON `b`.`uId`=`d`.`id` LEFT JOIN `pay_merchannel` `e` ON `b`.`parentId`=`e`.`id` LIMIT 1 [ RunTime:0.054289s ]
[ sql ] [ SQL ] SELECT `b`.`id` AS `mId`,`b`.`name` AS `mName`,`b`.`parentId` AS `mParentId`,`b`.`uId` AS `uId`,`b`.`url` AS `mUrl`,`b`.`descript` AS `mDescript`,`b`.`create_time` AS `mCreateTime`,`b`.`update_time` AS `mUpdateTime`,`b`.`key` AS `mKey`,`b`.`rate` AS `mRate`,`b`.`status` AS `mStatus`,`c`.`name` AS `cName`,`d`.`username` AS `username`,`e`.`name` AS `parentName` FROM `pay_merchannel` `b` LEFT JOIN `pay_channellink` `a` ON `a`.`merCId`=`b`.`id` LEFT JOIN `pay_channel` `c` ON `a`.`cId`=`c`.`id` LEFT JOIN `system_user` `d` ON `b`.`uId`=`d`.`id` LEFT JOIN `pay_merchannel` `e` ON `b`.`parentId`=`e`.`id` LIMIT 0,20 [ RunTime:0.055539s ]
---------------------------------------------------------------
[ 2018-07-13T16:06:41+08:00 ] 127.0.0.1 GET /pay/admin/merchannel/config.html?id=5&spm=m-114-117&open_type=modal
[ sql ] [ DB ] CONNECT:[ UseTime:0.084079s ] mysql:host=bdm26827513.my3w.com;port=3306;dbname=bdm26827513_db;charset=utf8
[ sql ] [ SQL ] SHOW COLUMNS FROM `system_node` [ RunTime:0.054562s ]
[ sql ] [ SQL ] SELECT * FROM `system_node` WHERE  `node` = 'admin/merchannel/config' LIMIT 1 [ RunTime:0.053540s ]
[ sql ] [ SQL ] SHOW COLUMNS FROM `pay_channel` [ RunTime:0.054798s ]
[ sql ] [ SQL ] SELECT * FROM `pay_channel` [ RunTime:0.053442s ]
[ sql ] [ SQL ] SHOW COLUMNS FROM `pay_channellink` [ RunTime:0.053958s ]
[ sql ] [ SQL ] SELECT * FROM `pay_channellink` WHERE  ( `merCId` = 5 AND `merCId` = 5 ) LIMIT 1 [ RunTime:0.054055s ]
[ sql ] [ SQL ] SHOW COLUMNS FROM `system_config` [ RunTime:0.055093s ]
[ sql ] [ SQL ] SELECT `name`,`value` FROM `system_config` [ RunTime:0.053281s ]
---------------------------------------------------------------
[ 2018-07-13T16:06:44+08:00 ] 127.0.0.1 POST /pay/admin/merchannel/config.html?id=5&spm=m-114-117&open_type=modal
[ sql ] [ DB ] CONNECT:[ UseTime:0.099305s ] mysql:host=bdm26827513.my3w.com;port=3306;dbname=bdm26827513_db;charset=utf8
[ sql ] [ SQL ] SHOW COLUMNS FROM `system_node` [ RunTime:0.064553s ]
[ sql ] [ SQL ] SELECT * FROM `system_node` WHERE  `node` = 'admin/merchannel/config' LIMIT 1 [ RunTime:0.064146s ]
[ sql ] [ SQL ] SHOW COLUMNS FROM `pay_channellink` [ RunTime:0.064847s ]
[ sql ] [ SQL ] SELECT * FROM `pay_channellink` WHERE  `id` = 3 LIMIT 1 [ RunTime:0.063632s ]
[ sql ] [ SQL ] UPDATE `pay_channellink`  SET `id`=3,`merCId`=5,`cId`=4,`create_time`=1527141607,`update_time`=1531469203,`info`=''  WHERE  `id` = 3 [ RunTime:0.064103s ]
---------------------------------------------------------------
[ 2018-07-13T16:06:46+08:00 ] 127.0.0.1 GET /pay/admin/merchannel/index.html?spm=m-114-117
[ sql ] [ DB ] CONNECT:[ UseTime:0.103508s ] mysql:host=bdm26827513.my3w.com;port=3306;dbname=bdm26827513_db;charset=utf8
[ sql ] [ SQL ] SHOW COLUMNS FROM `system_node` [ RunTime:0.067641s ]
[ sql ] [ SQL ] SELECT * FROM `system_node` WHERE  `node` = 'admin/merchannel/index' LIMIT 1 [ RunTime:0.066307s ]
[ sql ] [ SQL ] SHOW COLUMNS FROM `system_config` [ RunTime:0.066598s ]
[ sql ] [ SQL ] SELECT `name`,`value` FROM `system_config` [ RunTime:0.065182s ]
[ sql ] [ SQL ] SHOW COLUMNS FROM `pay_merchannel` [ RunTime:0.066022s ]
[ sql ] [ SQL ] SELECT COUNT(*) AS tp_count FROM `pay_merchannel` `b` LEFT JOIN `pay_channellink` `a` ON `a`.`merCId`=`b`.`id` LEFT JOIN `pay_channel` `c` ON `a`.`cId`=`c`.`id` LEFT JOIN `system_user` `d` ON `b`.`uId`=`d`.`id` LEFT JOIN `pay_merchannel` `e` ON `b`.`parentId`=`e`.`id` LIMIT 1 [ RunTime:0.066853s ]
[ sql ] [ SQL ] SELECT `b`.`id` AS `mId`,`b`.`name` AS `mName`,`b`.`parentId` AS `mParentId`,`b`.`uId` AS `uId`,`b`.`url` AS `mUrl`,`b`.`descript` AS `mDescript`,`b`.`create_time` AS `mCreateTime`,`b`.`update_time` AS `mUpdateTime`,`b`.`key` AS `mKey`,`b`.`rate` AS `mRate`,`b`.`status` AS `mStatus`,`c`.`name` AS `cName`,`d`.`username` AS `username`,`e`.`name` AS `parentName` FROM `pay_merchannel` `b` LEFT JOIN `pay_channellink` `a` ON `a`.`merCId`=`b`.`id` LEFT JOIN `pay_channel` `c` ON `a`.`cId`=`c`.`id` LEFT JOIN `system_user` `d` ON `b`.`uId`=`d`.`id` LEFT JOIN `pay_merchannel` `e` ON `b`.`parentId`=`e`.`id` LIMIT 0,20 [ RunTime:0.065860s ]
